{"C:\\source\\youtube-video-sharing\\src\\App.tsx": {"path":"C:\\source\\youtube-video-sharing\\src\\App.tsx","all":false,"statementMap":{"0":{"start":{"line":1,"column":0},"end":{"line":1,"column":18}},"1":{"start":{"line":2,"column":0},"end":{"line":2,"column":0}},"2":{"start":{"line":3,"column":0},"end":{"line":3,"column":64}},"3":{"start":{"line":4,"column":0},"end":{"line":4,"column":38}},"4":{"start":{"line":5,"column":0},"end":{"line":5,"column":33}},"5":{"start":{"line":6,"column":0},"end":{"line":6,"column":0}},"6":{"start":{"line":7,"column":0},"end":{"line":7,"column":45}},"7":{"start":{"line":8,"column":0},"end":{"line":8,"column":32}},"8":{"start":{"line":9,"column":0},"end":{"line":9,"column":49}},"9":{"start":{"line":10,"column":0},"end":{"line":10,"column":59}},"10":{"start":{"line":11,"column":0},"end":{"line":11,"column":0}},"11":{"start":{"line":12,"column":0},"end":{"line":12,"column":16}},"12":{"start":{"line":13,"column":0},"end":{"line":13,"column":0}},"13":{"start":{"line":14,"column":0},"end":{"line":14,"column":10}},"14":{"start":{"line":15,"column":0},"end":{"line":15,"column":28}},"15":{"start":{"line":16,"column":0},"end":{"line":16,"column":21}},"16":{"start":{"line":17,"column":0},"end":{"line":17,"column":23}},"17":{"start":{"line":18,"column":0},"end":{"line":18,"column":18}},"18":{"start":{"line":19,"column":0},"end":{"line":19,"column":49}},"19":{"start":{"line":20,"column":0},"end":{"line":20,"column":66}},"20":{"start":{"line":21,"column":0},"end":{"line":21,"column":85}},"21":{"start":{"line":22,"column":0},"end":{"line":22,"column":19}},"22":{"start":{"line":23,"column":0},"end":{"line":23,"column":24}},"23":{"start":{"line":24,"column":0},"end":{"line":24,"column":22}},"24":{"start":{"line":25,"column":0},"end":{"line":25,"column":15}},"25":{"start":{"line":26,"column":0},"end":{"line":26,"column":3}},"26":{"start":{"line":27,"column":0},"end":{"line":27,"column":1}},"27":{"start":{"line":28,"column":0},"end":{"line":28,"column":0}},"28":{"start":{"line":29,"column":0},"end":{"line":29,"column":18}}},"s":{"0":1,"1":1,"2":1,"3":1,"4":1,"5":1,"6":1,"7":1,"8":1,"9":1,"10":1,"11":1,"12":1,"13":1,"14":1,"15":1,"16":1,"17":1,"18":1,"19":1,"20":1,"21":1,"22":1,"23":1,"24":1,"25":1,"26":1,"27":1,"28":1},"branchMap":{"0":{"type":"branch","line":12,"loc":{"start":{"line":12,"column":0},"end":{"line":27,"column":1}},"locations":[{"start":{"line":12,"column":0},"end":{"line":27,"column":1}}]}},"b":{"0":[1]},"fnMap":{"0":{"name":"App","decl":{"start":{"line":12,"column":0},"end":{"line":27,"column":1}},"loc":{"start":{"line":12,"column":0},"end":{"line":27,"column":1}},"line":12}},"f":{"0":1}}
,"C:\\source\\youtube-video-sharing\\src\\components\\Confirm.tsx": {"path":"C:\\source\\youtube-video-sharing\\src\\components\\Confirm.tsx","all":false,"statementMap":{"0":{"start":{"line":1,"column":0},"end":{"line":1,"column":38}},"1":{"start":{"line":2,"column":0},"end":{"line":2,"column":39}},"2":{"start":{"line":3,"column":0},"end":{"line":3,"column":0}},"3":{"start":{"line":4,"column":0},"end":{"line":4,"column":21}},"4":{"start":{"line":5,"column":0},"end":{"line":5,"column":28}},"5":{"start":{"line":6,"column":0},"end":{"line":6,"column":23}},"6":{"start":{"line":7,"column":0},"end":{"line":7,"column":20}},"7":{"start":{"line":8,"column":0},"end":{"line":8,"column":1}},"8":{"start":{"line":9,"column":0},"end":{"line":9,"column":0}},"9":{"start":{"line":10,"column":0},"end":{"line":10,"column":64}},"10":{"start":{"line":11,"column":0},"end":{"line":11,"column":45}},"11":{"start":{"line":12,"column":0},"end":{"line":12,"column":24}},"12":{"start":{"line":13,"column":0},"end":{"line":13,"column":17}},"13":{"start":{"line":14,"column":0},"end":{"line":14,"column":20}},"14":{"start":{"line":15,"column":0},"end":{"line":15,"column":3}},"15":{"start":{"line":16,"column":0},"end":{"line":16,"column":10}},"16":{"start":{"line":17,"column":0},"end":{"line":17,"column":6}},"17":{"start":{"line":18,"column":0},"end":{"line":18,"column":94}},"18":{"start":{"line":19,"column":0},"end":{"line":19,"column":24}},"19":{"start":{"line":20,"column":0},"end":{"line":20,"column":12}},"20":{"start":{"line":21,"column":0},"end":{"line":21,"column":134}},"21":{"start":{"line":22,"column":0},"end":{"line":22,"column":39}},"22":{"start":{"line":23,"column":0},"end":{"line":23,"column":14}},"23":{"start":{"line":24,"column":0},"end":{"line":24,"column":7}},"24":{"start":{"line":25,"column":0},"end":{"line":25,"column":3}},"25":{"start":{"line":26,"column":0},"end":{"line":26,"column":1}},"26":{"start":{"line":27,"column":0},"end":{"line":27,"column":0}},"27":{"start":{"line":28,"column":0},"end":{"line":28,"column":22}}},"s":{"0":1,"1":1,"2":1,"3":1,"4":1,"5":1,"6":1,"7":1,"8":1,"9":1,"10":10,"11":10,"12":2,"13":2,"14":2,"15":10,"16":10,"17":10,"18":10,"19":10,"20":10,"21":10,"22":10,"23":10,"24":10,"25":10,"26":1,"27":1},"branchMap":{"0":{"type":"branch","line":10,"loc":{"start":{"line":10,"column":16},"end":{"line":26,"column":1}},"locations":[{"start":{"line":10,"column":16},"end":{"line":26,"column":1}}]},"1":{"type":"branch","line":12,"loc":{"start":{"line":12,"column":17},"end":{"line":15,"column":3}},"locations":[{"start":{"line":12,"column":17},"end":{"line":15,"column":3}}]},"2":{"type":"branch","line":18,"loc":{"start":{"line":18,"column":20},"end":{"line":18,"column":43}},"locations":[{"start":{"line":18,"column":20},"end":{"line":18,"column":43}}]},"3":{"type":"branch","line":21,"loc":{"start":{"line":21,"column":53},"end":{"line":21,"column":69}},"locations":[{"start":{"line":21,"column":53},"end":{"line":21,"column":69}}]}},"b":{"0":[10],"1":[2],"2":[2],"3":[2]},"fnMap":{"0":{"name":"Confirm","decl":{"start":{"line":10,"column":16},"end":{"line":26,"column":1}},"loc":{"start":{"line":10,"column":16},"end":{"line":26,"column":1}},"line":10},"1":{"name":"onSave","decl":{"start":{"line":12,"column":17},"end":{"line":15,"column":3}},"loc":{"start":{"line":12,"column":17},"end":{"line":15,"column":3}},"line":12},"2":{"name":"onClick","decl":{"start":{"line":18,"column":20},"end":{"line":18,"column":43}},"loc":{"start":{"line":18,"column":20},"end":{"line":18,"column":43}},"line":18},"3":{"name":"onSave","decl":{"start":{"line":21,"column":53},"end":{"line":21,"column":69}},"loc":{"start":{"line":21,"column":53},"end":{"line":21,"column":69}},"line":21},"4":{"name":"onCancel","decl":{"start":{"line":21,"column":79},"end":{"line":21,"column":103}},"loc":{"start":{"line":21,"column":79},"end":{"line":21,"column":103}},"line":21}},"f":{"0":10,"1":2,"2":2,"3":2,"4":0}}
,"C:\\source\\youtube-video-sharing\\src\\components\\DialogNotifications.tsx": {"path":"C:\\source\\youtube-video-sharing\\src\\components\\DialogNotifications.tsx","all":false,"statementMap":{"0":{"start":{"line":1,"column":0},"end":{"line":1,"column":43}},"1":{"start":{"line":2,"column":0},"end":{"line":2,"column":41}},"2":{"start":{"line":3,"column":0},"end":{"line":3,"column":0}},"3":{"start":{"line":4,"column":0},"end":{"line":4,"column":71}},"4":{"start":{"line":5,"column":0},"end":{"line":5,"column":0}},"5":{"start":{"line":6,"column":0},"end":{"line":6,"column":56}},"6":{"start":{"line":7,"column":0},"end":{"line":7,"column":53}},"7":{"start":{"line":8,"column":0},"end":{"line":8,"column":58}},"8":{"start":{"line":9,"column":0},"end":{"line":9,"column":64}},"9":{"start":{"line":10,"column":0},"end":{"line":10,"column":38}},"10":{"start":{"line":11,"column":0},"end":{"line":11,"column":0}},"11":{"start":{"line":12,"column":0},"end":{"line":12,"column":63}},"12":{"start":{"line":13,"column":0},"end":{"line":13,"column":52}},"13":{"start":{"line":14,"column":0},"end":{"line":14,"column":56}},"14":{"start":{"line":15,"column":0},"end":{"line":15,"column":65}},"15":{"start":{"line":16,"column":0},"end":{"line":16,"column":60}},"16":{"start":{"line":17,"column":0},"end":{"line":17,"column":0}},"17":{"start":{"line":18,"column":0},"end":{"line":18,"column":43}},"18":{"start":{"line":19,"column":0},"end":{"line":19,"column":31}},"19":{"start":{"line":20,"column":0},"end":{"line":20,"column":29}},"20":{"start":{"line":21,"column":0},"end":{"line":21,"column":3}},"21":{"start":{"line":22,"column":0},"end":{"line":22,"column":0}},"22":{"start":{"line":23,"column":0},"end":{"line":23,"column":19}},"23":{"start":{"line":24,"column":0},"end":{"line":24,"column":28}},"24":{"start":{"line":25,"column":0},"end":{"line":25,"column":28}},"25":{"start":{"line":26,"column":0},"end":{"line":26,"column":5}},"26":{"start":{"line":27,"column":0},"end":{"line":27,"column":10}},"27":{"start":{"line":28,"column":0},"end":{"line":28,"column":24}},"28":{"start":{"line":29,"column":0},"end":{"line":29,"column":0}},"29":{"start":{"line":30,"column":0},"end":{"line":30,"column":37}},"30":{"start":{"line":31,"column":0},"end":{"line":31,"column":17}},"31":{"start":{"line":32,"column":0},"end":{"line":32,"column":3}},"32":{"start":{"line":33,"column":0},"end":{"line":33,"column":0}},"33":{"start":{"line":34,"column":0},"end":{"line":34,"column":19}},"34":{"start":{"line":35,"column":0},"end":{"line":35,"column":59}},"35":{"start":{"line":36,"column":0},"end":{"line":36,"column":18}},"36":{"start":{"line":37,"column":0},"end":{"line":37,"column":64}},"37":{"start":{"line":38,"column":0},"end":{"line":38,"column":5}},"38":{"start":{"line":39,"column":0},"end":{"line":39,"column":8}},"39":{"start":{"line":40,"column":0},"end":{"line":40,"column":0}},"40":{"start":{"line":41,"column":0},"end":{"line":41,"column":0}},"41":{"start":{"line":42,"column":0},"end":{"line":42,"column":126}},"42":{"start":{"line":43,"column":0},"end":{"line":43,"column":24}},"43":{"start":{"line":44,"column":0},"end":{"line":44,"column":37}},"44":{"start":{"line":45,"column":0},"end":{"line":45,"column":12}},"45":{"start":{"line":46,"column":0},"end":{"line":46,"column":5}},"46":{"start":{"line":47,"column":0},"end":{"line":47,"column":56}},"47":{"start":{"line":48,"column":0},"end":{"line":48,"column":15}},"48":{"start":{"line":49,"column":0},"end":{"line":49,"column":25}},"49":{"start":{"line":50,"column":0},"end":{"line":50,"column":23}},"50":{"start":{"line":51,"column":0},"end":{"line":51,"column":8}},"51":{"start":{"line":52,"column":0},"end":{"line":52,"column":76}},"52":{"start":{"line":53,"column":0},"end":{"line":53,"column":6}},"53":{"start":{"line":54,"column":0},"end":{"line":54,"column":3}},"54":{"start":{"line":55,"column":0},"end":{"line":55,"column":0}},"55":{"start":{"line":56,"column":0},"end":{"line":56,"column":10}},"56":{"start":{"line":57,"column":0},"end":{"line":57,"column":6}},"57":{"start":{"line":58,"column":0},"end":{"line":58,"column":195}},"58":{"start":{"line":59,"column":0},"end":{"line":59,"column":71}},"59":{"start":{"line":60,"column":0},"end":{"line":60,"column":171}},"60":{"start":{"line":61,"column":0},"end":{"line":61,"column":47}},"61":{"start":{"line":62,"column":0},"end":{"line":62,"column":76}},"62":{"start":{"line":63,"column":0},"end":{"line":63,"column":115}},"63":{"start":{"line":64,"column":0},"end":{"line":64,"column":20}},"64":{"start":{"line":65,"column":0},"end":{"line":65,"column":42}},"65":{"start":{"line":66,"column":0},"end":{"line":66,"column":127}},"66":{"start":{"line":67,"column":0},"end":{"line":67,"column":118}},"67":{"start":{"line":68,"column":0},"end":{"line":68,"column":20}},"68":{"start":{"line":69,"column":0},"end":{"line":69,"column":48}},"69":{"start":{"line":70,"column":0},"end":{"line":70,"column":41}},"70":{"start":{"line":71,"column":0},"end":{"line":71,"column":57}},"71":{"start":{"line":72,"column":0},"end":{"line":72,"column":22}},"72":{"start":{"line":73,"column":0},"end":{"line":73,"column":41}},"73":{"start":{"line":74,"column":0},"end":{"line":74,"column":62}},"74":{"start":{"line":75,"column":0},"end":{"line":75,"column":22}},"75":{"start":{"line":76,"column":0},"end":{"line":76,"column":20}},"76":{"start":{"line":77,"column":0},"end":{"line":77,"column":18}},"77":{"start":{"line":78,"column":0},"end":{"line":78,"column":45}},"78":{"start":{"line":79,"column":0},"end":{"line":79,"column":122}},"79":{"start":{"line":80,"column":0},"end":{"line":80,"column":132}},"80":{"start":{"line":81,"column":0},"end":{"line":81,"column":18}},"81":{"start":{"line":82,"column":0},"end":{"line":82,"column":16}},"82":{"start":{"line":83,"column":0},"end":{"line":83,"column":14}},"83":{"start":{"line":84,"column":0},"end":{"line":84,"column":49}},"84":{"start":{"line":85,"column":0},"end":{"line":85,"column":29}},"85":{"start":{"line":86,"column":0},"end":{"line":86,"column":16}},"86":{"start":{"line":87,"column":0},"end":{"line":87,"column":10}},"87":{"start":{"line":88,"column":0},"end":{"line":88,"column":12}},"88":{"start":{"line":89,"column":0},"end":{"line":89,"column":113}},"89":{"start":{"line":90,"column":0},"end":{"line":90,"column":7}},"90":{"start":{"line":91,"column":0},"end":{"line":91,"column":3}},"91":{"start":{"line":92,"column":0},"end":{"line":92,"column":1}},"92":{"start":{"line":93,"column":0},"end":{"line":93,"column":0}},"93":{"start":{"line":94,"column":0},"end":{"line":94,"column":34}}},"s":{"0":1,"1":1,"2":1,"3":1,"4":1,"5":1,"6":1,"7":1,"8":1,"9":1,"10":1,"11":1,"12":10,"13":10,"14":10,"15":10,"16":10,"17":10,"18":2,"19":2,"20":2,"21":10,"22":10,"23":7,"24":6,"25":6,"26":7,"27":10,"28":10,"29":10,"30":1,"31":1,"32":10,"33":10,"34":5,"35":5,"36":5,"37":5,"38":10,"39":10,"40":10,"41":10,"42":2,"43":2,"44":1,"45":1,"46":1,"47":1,"48":1,"49":1,"50":1,"51":1,"52":1,"53":2,"54":10,"55":10,"56":10,"57":10,"58":10,"59":8,"60":8,"61":8,"62":8,"63":8,"64":8,"65":8,"66":8,"67":8,"68":8,"69":8,"70":8,"71":8,"72":8,"73":8,"74":8,"75":8,"76":8,"77":8,"78":8,"79":8,"80":8,"81":8,"82":8,"83":1,"84":1,"85":1,"86":10,"87":10,"88":10,"89":10,"90":10,"91":10,"92":1,"93":1},"branchMap":{"0":{"type":"branch","line":12,"loc":{"start":{"line":12,"column":28},"end":{"line":92,"column":1}},"locations":[{"start":{"line":12,"column":28},"end":{"line":92,"column":1}}]},"1":{"type":"branch","line":59,"loc":{"start":{"line":59,"column":23},"end":{"line":83,"column":14}},"locations":[{"start":{"line":59,"column":23},"end":{"line":83,"column":14}}]},"2":{"type":"branch","line":83,"loc":{"start":{"line":83,"column":9},"end":{"line":86,"column":16}},"locations":[{"start":{"line":83,"column":9},"end":{"line":86,"column":16}}]},"3":{"type":"branch","line":18,"loc":{"start":{"line":18,"column":21},"end":{"line":21,"column":3}},"locations":[{"start":{"line":18,"column":21},"end":{"line":21,"column":3}}]},"4":{"type":"branch","line":23,"loc":{"start":{"line":23,"column":12},"end":{"line":28,"column":5}},"locations":[{"start":{"line":23,"column":12},"end":{"line":28,"column":5}}]},"5":{"type":"branch","line":24,"loc":{"start":{"line":24,"column":27},"end":{"line":26,"column":5}},"locations":[{"start":{"line":24,"column":27},"end":{"line":26,"column":5}}]},"6":{"type":"branch","line":30,"loc":{"start":{"line":30,"column":30},"end":{"line":32,"column":3}},"locations":[{"start":{"line":30,"column":30},"end":{"line":32,"column":3}}]},"7":{"type":"branch","line":34,"loc":{"start":{"line":34,"column":12},"end":{"line":39,"column":5}},"locations":[{"start":{"line":34,"column":12},"end":{"line":39,"column":5}}]},"8":{"type":"branch","line":36,"loc":{"start":{"line":36,"column":11},"end":{"line":38,"column":5}},"locations":[{"start":{"line":36,"column":11},"end":{"line":38,"column":5}}]},"9":{"type":"branch","line":42,"loc":{"start":{"line":42,"column":27},"end":{"line":54,"column":3}},"locations":[{"start":{"line":42,"column":27},"end":{"line":54,"column":3}}]},"10":{"type":"branch","line":44,"loc":{"start":{"line":44,"column":16},"end":{"line":44,"column":36}},"locations":[{"start":{"line":44,"column":16},"end":{"line":44,"column":36}}]},"11":{"type":"branch","line":44,"loc":{"start":{"line":44,"column":36},"end":{"line":53,"column":6}},"locations":[{"start":{"line":44,"column":36},"end":{"line":53,"column":6}}]},"12":{"type":"branch","line":52,"loc":{"start":{"line":52,"column":47},"end":{"line":52,"column":75}},"locations":[{"start":{"line":52,"column":47},"end":{"line":52,"column":75}}]},"13":{"type":"branch","line":59,"loc":{"start":{"line":59,"column":50},"end":{"line":82,"column":16}},"locations":[{"start":{"line":59,"column":50},"end":{"line":82,"column":16}}]},"14":{"type":"branch","line":60,"loc":{"start":{"line":60,"column":137},"end":{"line":60,"column":171}},"locations":[{"start":{"line":60,"column":137},"end":{"line":60,"column":171}}]},"15":{"type":"branch","line":79,"loc":{"start":{"line":79,"column":31},"end":{"line":79,"column":65}},"locations":[{"start":{"line":79,"column":31},"end":{"line":79,"column":65}}]},"16":{"type":"branch","line":80,"loc":{"start":{"line":80,"column":31},"end":{"line":80,"column":75}},"locations":[{"start":{"line":80,"column":31},"end":{"line":80,"column":75}}]},"17":{"type":"branch","line":89,"loc":{"start":{"line":89,"column":77},"end":{"line":89,"column":111}},"locations":[{"start":{"line":89,"column":77},"end":{"line":89,"column":111}}]}},"b":{"0":[10],"1":[8],"2":[1],"3":[2],"4":[7],"5":[6],"6":[1],"7":[5],"8":[5],"9":[2],"10":[1],"11":[1],"12":[1],"13":[8],"14":[1],"15":[1],"16":[2],"17":[2]},"fnMap":{"0":{"name":"DialogNotifications","decl":{"start":{"line":12,"column":28},"end":{"line":92,"column":1}},"loc":{"start":{"line":12,"column":28},"end":{"line":92,"column":1}},"line":12},"1":{"name":"watchVideo","decl":{"start":{"line":18,"column":21},"end":{"line":21,"column":3}},"loc":{"start":{"line":18,"column":21},"end":{"line":21,"column":3}},"line":18},"2":{"name":"closeOnClickOutside","decl":{"start":{"line":30,"column":30},"end":{"line":32,"column":3}},"loc":{"start":{"line":30,"column":30},"end":{"line":32,"column":3}},"line":30},"3":{"name":"seenNotification","decl":{"start":{"line":42,"column":27},"end":{"line":54,"column":3}},"loc":{"start":{"line":42,"column":27},"end":{"line":54,"column":3}},"line":42},"4":{"name":"onClick","decl":{"start":{"line":60,"column":137},"end":{"line":60,"column":171}},"loc":{"start":{"line":60,"column":137},"end":{"line":60,"column":171}},"line":60},"5":{"name":"onClick","decl":{"start":{"line":79,"column":31},"end":{"line":79,"column":65}},"loc":{"start":{"line":79,"column":31},"end":{"line":79,"column":65}},"line":79},"6":{"name":"onClick","decl":{"start":{"line":80,"column":31},"end":{"line":80,"column":75}},"loc":{"start":{"line":80,"column":31},"end":{"line":80,"column":75}},"line":80},"7":{"name":"close","decl":{"start":{"line":89,"column":77},"end":{"line":89,"column":111}},"loc":{"start":{"line":89,"column":77},"end":{"line":89,"column":111}},"line":89}},"f":{"0":10,"1":2,"2":1,"3":2,"4":1,"5":1,"6":2,"7":2}}
,"C:\\source\\youtube-video-sharing\\src\\components\\ListVideo.tsx": {"path":"C:\\source\\youtube-video-sharing\\src\\components\\ListVideo.tsx","all":false,"statementMap":{"0":{"start":{"line":1,"column":0},"end":{"line":1,"column":52}},"1":{"start":{"line":2,"column":0},"end":{"line":2,"column":36}},"2":{"start":{"line":3,"column":0},"end":{"line":3,"column":0}},"3":{"start":{"line":4,"column":0},"end":{"line":4,"column":62}},"4":{"start":{"line":5,"column":0},"end":{"line":5,"column":50}},"5":{"start":{"line":6,"column":0},"end":{"line":6,"column":71}},"6":{"start":{"line":7,"column":0},"end":{"line":7,"column":0}},"7":{"start":{"line":8,"column":0},"end":{"line":8,"column":41}},"8":{"start":{"line":9,"column":0},"end":{"line":9,"column":46}},"9":{"start":{"line":10,"column":0},"end":{"line":10,"column":48}},"10":{"start":{"line":11,"column":0},"end":{"line":11,"column":46}},"11":{"start":{"line":12,"column":0},"end":{"line":12,"column":42}},"12":{"start":{"line":13,"column":0},"end":{"line":13,"column":0}},"13":{"start":{"line":14,"column":0},"end":{"line":14,"column":0}},"14":{"start":{"line":15,"column":0},"end":{"line":15,"column":18}},"15":{"start":{"line":16,"column":0},"end":{"line":16,"column":22}},"16":{"start":{"line":17,"column":0},"end":{"line":17,"column":26}},"17":{"start":{"line":18,"column":0},"end":{"line":18,"column":23}},"18":{"start":{"line":19,"column":0},"end":{"line":19,"column":1}},"19":{"start":{"line":20,"column":0},"end":{"line":20,"column":0}},"20":{"start":{"line":21,"column":0},"end":{"line":21,"column":82}},"21":{"start":{"line":22,"column":0},"end":{"line":22,"column":44}},"22":{"start":{"line":23,"column":0},"end":{"line":23,"column":65}},"23":{"start":{"line":24,"column":0},"end":{"line":24,"column":60}},"24":{"start":{"line":25,"column":0},"end":{"line":25,"column":0}},"25":{"start":{"line":26,"column":0},"end":{"line":26,"column":43}},"26":{"start":{"line":27,"column":0},"end":{"line":27,"column":31}},"27":{"start":{"line":28,"column":0},"end":{"line":28,"column":29}},"28":{"start":{"line":29,"column":0},"end":{"line":29,"column":3}},"29":{"start":{"line":30,"column":0},"end":{"line":30,"column":2}},"30":{"start":{"line":31,"column":0},"end":{"line":31,"column":79}},"31":{"start":{"line":32,"column":0},"end":{"line":32,"column":41}},"32":{"start":{"line":33,"column":0},"end":{"line":33,"column":3}},"33":{"start":{"line":34,"column":0},"end":{"line":34,"column":0}},"34":{"start":{"line":35,"column":0},"end":{"line":35,"column":19}},"35":{"start":{"line":36,"column":0},"end":{"line":36,"column":28}},"36":{"start":{"line":37,"column":0},"end":{"line":37,"column":28}},"37":{"start":{"line":38,"column":0},"end":{"line":38,"column":5}},"38":{"start":{"line":39,"column":0},"end":{"line":39,"column":10}},"39":{"start":{"line":40,"column":0},"end":{"line":40,"column":24}},"40":{"start":{"line":41,"column":0},"end":{"line":41,"column":0}},"41":{"start":{"line":42,"column":0},"end":{"line":42,"column":36}},"42":{"start":{"line":43,"column":0},"end":{"line":43,"column":51}},"43":{"start":{"line":44,"column":0},"end":{"line":44,"column":18}},"44":{"start":{"line":45,"column":0},"end":{"line":45,"column":45}},"45":{"start":{"line":46,"column":0},"end":{"line":46,"column":52}},"46":{"start":{"line":47,"column":0},"end":{"line":47,"column":84}},"47":{"start":{"line":48,"column":0},"end":{"line":48,"column":61}},"48":{"start":{"line":49,"column":0},"end":{"line":49,"column":8}},"49":{"start":{"line":50,"column":0},"end":{"line":50,"column":5}},"50":{"start":{"line":51,"column":0},"end":{"line":51,"column":17}},"51":{"start":{"line":52,"column":0},"end":{"line":52,"column":24}},"52":{"start":{"line":53,"column":0},"end":{"line":53,"column":0}},"53":{"start":{"line":54,"column":0},"end":{"line":54,"column":51}},"54":{"start":{"line":55,"column":0},"end":{"line":55,"column":41}},"55":{"start":{"line":56,"column":0},"end":{"line":56,"column":33}},"56":{"start":{"line":57,"column":0},"end":{"line":57,"column":6}},"57":{"start":{"line":58,"column":0},"end":{"line":58,"column":60}},"58":{"start":{"line":59,"column":0},"end":{"line":59,"column":34}},"59":{"start":{"line":60,"column":0},"end":{"line":60,"column":6}},"60":{"start":{"line":61,"column":0},"end":{"line":61,"column":3}},"61":{"start":{"line":62,"column":0},"end":{"line":62,"column":0}},"62":{"start":{"line":63,"column":0},"end":{"line":63,"column":10}},"63":{"start":{"line":64,"column":0},"end":{"line":64,"column":6}},"64":{"start":{"line":65,"column":0},"end":{"line":65,"column":56}},"65":{"start":{"line":66,"column":0},"end":{"line":66,"column":41}},"66":{"start":{"line":67,"column":0},"end":{"line":67,"column":155}},"67":{"start":{"line":68,"column":0},"end":{"line":68,"column":14}},"68":{"start":{"line":69,"column":0},"end":{"line":69,"column":222}},"69":{"start":{"line":70,"column":0},"end":{"line":70,"column":12}},"70":{"start":{"line":71,"column":0},"end":{"line":71,"column":60}},"71":{"start":{"line":72,"column":0},"end":{"line":72,"column":63}},"72":{"start":{"line":73,"column":0},"end":{"line":73,"column":97}},"73":{"start":{"line":74,"column":0},"end":{"line":74,"column":12}},"74":{"start":{"line":75,"column":0},"end":{"line":75,"column":176}},"75":{"start":{"line":76,"column":0},"end":{"line":76,"column":31}},"76":{"start":{"line":77,"column":0},"end":{"line":77,"column":18}},"77":{"start":{"line":78,"column":0},"end":{"line":78,"column":243}},"78":{"start":{"line":79,"column":0},"end":{"line":79,"column":108}},"79":{"start":{"line":80,"column":0},"end":{"line":80,"column":138}},"80":{"start":{"line":81,"column":0},"end":{"line":81,"column":28}},"81":{"start":{"line":82,"column":0},"end":{"line":82,"column":19}},"82":{"start":{"line":83,"column":0},"end":{"line":83,"column":16}},"83":{"start":{"line":84,"column":0},"end":{"line":84,"column":99}},"84":{"start":{"line":85,"column":0},"end":{"line":85,"column":92}},"85":{"start":{"line":86,"column":0},"end":{"line":86,"column":177}},"86":{"start":{"line":87,"column":0},"end":{"line":87,"column":180}},"87":{"start":{"line":88,"column":0},"end":{"line":88,"column":110}},"88":{"start":{"line":89,"column":0},"end":{"line":89,"column":22}},"89":{"start":{"line":90,"column":0},"end":{"line":90,"column":50}},"90":{"start":{"line":91,"column":0},"end":{"line":91,"column":101}},"91":{"start":{"line":92,"column":0},"end":{"line":92,"column":22}},"92":{"start":{"line":93,"column":0},"end":{"line":93,"column":20}},"93":{"start":{"line":94,"column":0},"end":{"line":94,"column":18}},"94":{"start":{"line":95,"column":0},"end":{"line":95,"column":16}},"95":{"start":{"line":96,"column":0},"end":{"line":96,"column":11}},"96":{"start":{"line":97,"column":0},"end":{"line":97,"column":12}},"97":{"start":{"line":98,"column":0},"end":{"line":98,"column":113}},"98":{"start":{"line":99,"column":0},"end":{"line":99,"column":7}},"99":{"start":{"line":100,"column":0},"end":{"line":100,"column":3}},"100":{"start":{"line":101,"column":0},"end":{"line":101,"column":1}},"101":{"start":{"line":102,"column":0},"end":{"line":102,"column":0}},"102":{"start":{"line":103,"column":0},"end":{"line":103,"column":24}}},"s":{"0":1,"1":1,"2":1,"3":1,"4":1,"5":1,"6":1,"7":1,"8":1,"9":1,"10":1,"11":1,"12":1,"13":1,"14":1,"15":1,"16":1,"17":1,"18":1,"19":1,"20":1,"21":14,"22":14,"23":14,"24":14,"25":14,"26":1,"27":1,"28":1,"29":14,"30":14,"31":1,"32":1,"33":14,"34":14,"35":8,"36":7,"37":7,"38":8,"39":14,"40":14,"41":14,"42":8,"43":8,"44":1,"45":1,"46":3,"47":2,"48":1,"49":1,"50":8,"51":14,"52":14,"53":14,"54":1,"55":1,"56":1,"57":1,"58":1,"59":1,"60":1,"61":14,"62":14,"63":14,"64":14,"65":14,"66":14,"67":14,"68":14,"69":14,"70":14,"71":14,"72":32,"73":32,"74":32,"75":32,"76":6,"77":6,"78":6,"79":6,"80":6,"81":6,"82":32,"83":32,"84":32,"85":32,"86":32,"87":32,"88":32,"89":32,"90":32,"91":32,"92":32,"93":32,"94":32,"95":14,"96":14,"97":14,"98":14,"99":14,"100":14,"101":1,"102":1},"branchMap":{"0":{"type":"branch","line":21,"loc":{"start":{"line":21,"column":18},"end":{"line":101,"column":1}},"locations":[{"start":{"line":21,"column":18},"end":{"line":101,"column":1}}]},"1":{"type":"branch","line":26,"loc":{"start":{"line":26,"column":21},"end":{"line":29,"column":3}},"locations":[{"start":{"line":26,"column":21},"end":{"line":29,"column":3}}]},"2":{"type":"branch","line":31,"loc":{"start":{"line":31,"column":30},"end":{"line":33,"column":3}},"locations":[{"start":{"line":31,"column":30},"end":{"line":33,"column":3}}]},"3":{"type":"branch","line":35,"loc":{"start":{"line":35,"column":12},"end":{"line":40,"column":5}},"locations":[{"start":{"line":35,"column":12},"end":{"line":40,"column":5}}]},"4":{"type":"branch","line":36,"loc":{"start":{"line":36,"column":27},"end":{"line":38,"column":5}},"locations":[{"start":{"line":36,"column":27},"end":{"line":38,"column":5}}]},"5":{"type":"branch","line":42,"loc":{"start":{"line":42,"column":29},"end":{"line":52,"column":5}},"locations":[{"start":{"line":42,"column":29},"end":{"line":52,"column":5}}]},"6":{"type":"branch","line":44,"loc":{"start":{"line":44,"column":17},"end":{"line":50,"column":5}},"locations":[{"start":{"line":44,"column":17},"end":{"line":50,"column":5}}]},"7":{"type":"branch","line":46,"loc":{"start":{"line":46,"column":29},"end":{"line":48,"column":61}},"locations":[{"start":{"line":46,"column":29},"end":{"line":48,"column":61}}]},"8":{"type":"branch","line":47,"loc":{"start":{"line":47,"column":79},"end":{"line":48,"column":61}},"locations":[{"start":{"line":47,"column":79},"end":{"line":48,"column":61}}]},"9":{"type":"branch","line":54,"loc":{"start":{"line":54,"column":28},"end":{"line":61,"column":3}},"locations":[{"start":{"line":54,"column":28},"end":{"line":61,"column":3}}]},"10":{"type":"branch","line":69,"loc":{"start":{"line":69,"column":186},"end":{"line":69,"column":208}},"locations":[{"start":{"line":69,"column":186},"end":{"line":69,"column":208}}]},"11":{"type":"branch","line":72,"loc":{"start":{"line":72,"column":24},"end":{"line":95,"column":16}},"locations":[{"start":{"line":72,"column":24},"end":{"line":95,"column":16}}]},"12":{"type":"branch","line":76,"loc":{"start":{"line":76,"column":15},"end":{"line":82,"column":19}},"locations":[{"start":{"line":76,"column":15},"end":{"line":82,"column":19}}]},"13":{"type":"branch","line":78,"loc":{"start":{"line":78,"column":141},"end":{"line":78,"column":169}},"locations":[{"start":{"line":78,"column":141},"end":{"line":78,"column":169}}]},"14":{"type":"branch","line":78,"loc":{"start":{"line":78,"column":153},"end":{"line":78,"column":183}},"locations":[{"start":{"line":78,"column":153},"end":{"line":78,"column":183}}]},"15":{"type":"branch","line":78,"loc":{"start":{"line":78,"column":203},"end":{"line":78,"column":227}},"locations":[{"start":{"line":78,"column":203},"end":{"line":78,"column":227}}]},"16":{"type":"branch","line":78,"loc":{"start":{"line":78,"column":215},"end":{"line":78,"column":236}},"locations":[{"start":{"line":78,"column":215},"end":{"line":78,"column":236}}]},"17":{"type":"branch","line":80,"loc":{"start":{"line":80,"column":96},"end":{"line":80,"column":119}},"locations":[{"start":{"line":80,"column":96},"end":{"line":80,"column":119}}]},"18":{"type":"branch","line":80,"loc":{"start":{"line":80,"column":108},"end":{"line":80,"column":129}},"locations":[{"start":{"line":80,"column":108},"end":{"line":80,"column":129}}]},"19":{"type":"branch","line":79,"loc":{"start":{"line":79,"column":76},"end":{"line":79,"column":108}},"locations":[{"start":{"line":79,"column":76},"end":{"line":79,"column":108}}]},"20":{"type":"branch","line":84,"loc":{"start":{"line":84,"column":71},"end":{"line":84,"column":99}},"locations":[{"start":{"line":84,"column":71},"end":{"line":84,"column":99}}]},"21":{"type":"branch","line":98,"loc":{"start":{"line":98,"column":77},"end":{"line":98,"column":111}},"locations":[{"start":{"line":98,"column":77},"end":{"line":98,"column":111}}]}},"b":{"0":[14],"1":[1],"2":[1],"3":[8],"4":[7],"5":[8],"6":[1],"7":[3],"8":[2],"9":[1],"10":[1],"11":[32],"12":[6],"13":[4],"14":[2],"15":[4],"16":[2],"17":[4],"18":[2],"19":[1],"20":[1],"21":[2]},"fnMap":{"0":{"name":"ListVideo","decl":{"start":{"line":21,"column":18},"end":{"line":101,"column":1}},"loc":{"start":{"line":21,"column":18},"end":{"line":101,"column":1}},"line":21},"1":{"name":"watchVideo","decl":{"start":{"line":26,"column":21},"end":{"line":29,"column":3}},"loc":{"start":{"line":26,"column":21},"end":{"line":29,"column":3}},"line":26},"2":{"name":"handleChangeKeyword","decl":{"start":{"line":31,"column":30},"end":{"line":33,"column":3}},"loc":{"start":{"line":31,"column":30},"end":{"line":33,"column":3}},"line":31},"3":{"name":"changeVideoStatus","decl":{"start":{"line":54,"column":28},"end":{"line":61,"column":3}},"loc":{"start":{"line":54,"column":28},"end":{"line":61,"column":3}},"line":54},"4":{"name":"onClick","decl":{"start":{"line":69,"column":186},"end":{"line":69,"column":208}},"loc":{"start":{"line":69,"column":186},"end":{"line":69,"column":208}},"line":69},"5":{"name":"onYes","decl":{"start":{"line":79,"column":76},"end":{"line":79,"column":108}},"loc":{"start":{"line":79,"column":76},"end":{"line":79,"column":108}},"line":79},"6":{"name":"onClick","decl":{"start":{"line":84,"column":71},"end":{"line":84,"column":99}},"loc":{"start":{"line":84,"column":71},"end":{"line":84,"column":99}},"line":84},"7":{"name":"close","decl":{"start":{"line":98,"column":77},"end":{"line":98,"column":111}},"loc":{"start":{"line":98,"column":77},"end":{"line":98,"column":111}},"line":98}},"f":{"0":14,"1":1,"2":1,"3":1,"4":1,"5":1,"6":1,"7":2}}
,"C:\\source\\youtube-video-sharing\\src\\components\\Popup.tsx": {"path":"C:\\source\\youtube-video-sharing\\src\\components\\Popup.tsx","all":false,"statementMap":{"0":{"start":{"line":1,"column":0},"end":{"line":1,"column":21}},"1":{"start":{"line":2,"column":0},"end":{"line":2,"column":17}},"2":{"start":{"line":3,"column":0},"end":{"line":3,"column":26}},"3":{"start":{"line":4,"column":0},"end":{"line":4,"column":28}},"4":{"start":{"line":5,"column":0},"end":{"line":5,"column":18}},"5":{"start":{"line":6,"column":0},"end":{"line":6,"column":40}},"6":{"start":{"line":7,"column":0},"end":{"line":7,"column":42}},"7":{"start":{"line":8,"column":0},"end":{"line":8,"column":20}},"8":{"start":{"line":9,"column":0},"end":{"line":9,"column":22}},"9":{"start":{"line":10,"column":0},"end":{"line":10,"column":25}},"10":{"start":{"line":11,"column":0},"end":{"line":11,"column":1}},"11":{"start":{"line":12,"column":0},"end":{"line":12,"column":0}},"12":{"start":{"line":13,"column":0},"end":{"line":13,"column":139}},"13":{"start":{"line":14,"column":0},"end":{"line":14,"column":10}},"14":{"start":{"line":15,"column":0},"end":{"line":15,"column":204}},"15":{"start":{"line":16,"column":0},"end":{"line":16,"column":237}},"16":{"start":{"line":17,"column":0},"end":{"line":17,"column":20}},"17":{"start":{"line":18,"column":0},"end":{"line":18,"column":12}},"18":{"start":{"line":19,"column":0},"end":{"line":19,"column":40}},"19":{"start":{"line":20,"column":0},"end":{"line":20,"column":70}},"20":{"start":{"line":21,"column":0},"end":{"line":21,"column":18}},"21":{"start":{"line":22,"column":0},"end":{"line":22,"column":41}},"22":{"start":{"line":23,"column":0},"end":{"line":23,"column":32}},"23":{"start":{"line":24,"column":0},"end":{"line":24,"column":18}},"24":{"start":{"line":25,"column":0},"end":{"line":25,"column":75}},"25":{"start":{"line":26,"column":0},"end":{"line":26,"column":113}},"26":{"start":{"line":27,"column":0},"end":{"line":27,"column":113}},"27":{"start":{"line":28,"column":0},"end":{"line":28,"column":18}},"28":{"start":{"line":29,"column":0},"end":{"line":29,"column":13}},"29":{"start":{"line":30,"column":0},"end":{"line":30,"column":10}},"30":{"start":{"line":31,"column":0},"end":{"line":31,"column":12}},"31":{"start":{"line":32,"column":0},"end":{"line":32,"column":10}},"32":{"start":{"line":33,"column":0},"end":{"line":33,"column":3}},"33":{"start":{"line":34,"column":0},"end":{"line":34,"column":1}},"34":{"start":{"line":35,"column":0},"end":{"line":35,"column":0}},"35":{"start":{"line":36,"column":0},"end":{"line":36,"column":20}}},"s":{"0":1,"1":1,"2":1,"3":1,"4":1,"5":1,"6":1,"7":1,"8":1,"9":1,"10":1,"11":1,"12":1,"13":45,"14":45,"15":45,"16":45,"17":27,"18":27,"19":27,"20":27,"21":27,"22":27,"23":27,"24":27,"25":27,"26":27,"27":27,"28":27,"29":45,"30":45,"31":45,"32":45,"33":45,"34":1,"35":1},"branchMap":{"0":{"type":"branch","line":13,"loc":{"start":{"line":13,"column":14},"end":{"line":34,"column":1}},"locations":[{"start":{"line":13,"column":14},"end":{"line":34,"column":1}}]},"1":{"type":"branch","line":15,"loc":{"start":{"line":15,"column":120},"end":{"line":15,"column":154}},"locations":[{"start":{"line":15,"column":120},"end":{"line":15,"column":154}}]},"2":{"type":"branch","line":15,"loc":{"start":{"line":15,"column":129},"end":{"line":15,"column":177}},"locations":[{"start":{"line":15,"column":129},"end":{"line":15,"column":177}}]},"3":{"type":"branch","line":16,"loc":{"start":{"line":16,"column":169},"end":{"line":16,"column":197}},"locations":[{"start":{"line":16,"column":169},"end":{"line":16,"column":197}}]},"4":{"type":"branch","line":16,"loc":{"start":{"line":16,"column":178},"end":{"line":16,"column":206}},"locations":[{"start":{"line":16,"column":178},"end":{"line":16,"column":206}}]},"5":{"type":"branch","line":17,"loc":{"start":{"line":17,"column":9},"end":{"line":29,"column":13}},"locations":[{"start":{"line":17,"column":9},"end":{"line":29,"column":13}}]},"6":{"type":"branch","line":26,"loc":{"start":{"line":26,"column":66},"end":{"line":26,"column":92}},"locations":[{"start":{"line":26,"column":66},"end":{"line":26,"column":92}}]},"7":{"type":"branch","line":27,"loc":{"start":{"line":27,"column":70},"end":{"line":27,"column":94}},"locations":[{"start":{"line":27,"column":70},"end":{"line":27,"column":94}}]}},"b":{"0":[45],"1":[27],"2":[18],"3":[27],"4":[18],"5":[27],"6":[1],"7":[9]},"fnMap":{"0":{"name":"Popup","decl":{"start":{"line":13,"column":14},"end":{"line":34,"column":1}},"loc":{"start":{"line":13,"column":14},"end":{"line":34,"column":1}},"line":13},"1":{"name":"onClick","decl":{"start":{"line":26,"column":66},"end":{"line":26,"column":92}},"loc":{"start":{"line":26,"column":66},"end":{"line":26,"column":92}},"line":26},"2":{"name":"onClick","decl":{"start":{"line":27,"column":70},"end":{"line":27,"column":94}},"loc":{"start":{"line":27,"column":70},"end":{"line":27,"column":94}},"line":27}},"f":{"0":45,"1":1,"2":9}}
,"C:\\source\\youtube-video-sharing\\src\\components\\PopupLogin.tsx": {"path":"C:\\source\\youtube-video-sharing\\src\\components\\PopupLogin.tsx","all":false,"statementMap":{"0":{"start":{"line":1,"column":0},"end":{"line":1,"column":43}},"1":{"start":{"line":2,"column":0},"end":{"line":2,"column":0}},"2":{"start":{"line":3,"column":0},"end":{"line":3,"column":38}},"3":{"start":{"line":4,"column":0},"end":{"line":4,"column":0}},"4":{"start":{"line":5,"column":0},"end":{"line":5,"column":47}},"5":{"start":{"line":6,"column":0},"end":{"line":6,"column":0}},"6":{"start":{"line":7,"column":0},"end":{"line":7,"column":21}},"7":{"start":{"line":8,"column":0},"end":{"line":8,"column":18}},"8":{"start":{"line":9,"column":0},"end":{"line":9,"column":20}},"9":{"start":{"line":10,"column":0},"end":{"line":10,"column":1}},"10":{"start":{"line":11,"column":0},"end":{"line":11,"column":0}},"11":{"start":{"line":12,"column":0},"end":{"line":12,"column":42}},"12":{"start":{"line":13,"column":0},"end":{"line":13,"column":46}},"13":{"start":{"line":14,"column":0},"end":{"line":14,"column":14}},"14":{"start":{"line":15,"column":0},"end":{"line":15,"column":16}},"15":{"start":{"line":16,"column":0},"end":{"line":16,"column":4}},"16":{"start":{"line":17,"column":0},"end":{"line":17,"column":52}},"17":{"start":{"line":18,"column":0},"end":{"line":18,"column":17}},"18":{"start":{"line":19,"column":0},"end":{"line":19,"column":14}},"19":{"start":{"line":20,"column":0},"end":{"line":20,"column":17}},"20":{"start":{"line":21,"column":0},"end":{"line":21,"column":19}},"21":{"start":{"line":22,"column":0},"end":{"line":22,"column":4}},"22":{"start":{"line":23,"column":0},"end":{"line":23,"column":45}},"23":{"start":{"line":24,"column":0},"end":{"line":24,"column":53}},"24":{"start":{"line":25,"column":0},"end":{"line":25,"column":0}},"25":{"start":{"line":26,"column":0},"end":{"line":26,"column":2}},"26":{"start":{"line":27,"column":0},"end":{"line":27,"column":81}},"27":{"start":{"line":28,"column":0},"end":{"line":28,"column":76}},"28":{"start":{"line":29,"column":0},"end":{"line":29,"column":4}},"29":{"start":{"line":30,"column":0},"end":{"line":30,"column":0}},"30":{"start":{"line":31,"column":0},"end":{"line":31,"column":84}},"31":{"start":{"line":32,"column":0},"end":{"line":32,"column":82}},"32":{"start":{"line":33,"column":0},"end":{"line":33,"column":4}},"33":{"start":{"line":34,"column":0},"end":{"line":34,"column":0}},"34":{"start":{"line":35,"column":0},"end":{"line":35,"column":24}},"35":{"start":{"line":36,"column":0},"end":{"line":36,"column":21}},"36":{"start":{"line":37,"column":0},"end":{"line":37,"column":16}},"37":{"start":{"line":38,"column":0},"end":{"line":38,"column":12}},"38":{"start":{"line":39,"column":0},"end":{"line":39,"column":13}},"39":{"start":{"line":40,"column":0},"end":{"line":40,"column":5}},"40":{"start":{"line":41,"column":0},"end":{"line":41,"column":3}},"41":{"start":{"line":42,"column":0},"end":{"line":42,"column":2}},"42":{"start":{"line":43,"column":0},"end":{"line":43,"column":29}},"43":{"start":{"line":44,"column":0},"end":{"line":44,"column":9}},"44":{"start":{"line":45,"column":0},"end":{"line":45,"column":43}},"45":{"start":{"line":46,"column":0},"end":{"line":46,"column":32}},"46":{"start":{"line":47,"column":0},"end":{"line":47,"column":28}},"47":{"start":{"line":48,"column":0},"end":{"line":48,"column":14}},"48":{"start":{"line":49,"column":0},"end":{"line":49,"column":7}},"49":{"start":{"line":50,"column":0},"end":{"line":50,"column":56}},"50":{"start":{"line":51,"column":0},"end":{"line":51,"column":19}},"51":{"start":{"line":52,"column":0},"end":{"line":52,"column":21}},"52":{"start":{"line":53,"column":0},"end":{"line":53,"column":18}},"53":{"start":{"line":54,"column":0},"end":{"line":54,"column":5}},"54":{"start":{"line":55,"column":0},"end":{"line":55,"column":3}},"55":{"start":{"line":56,"column":0},"end":{"line":56,"column":32}},"56":{"start":{"line":57,"column":0},"end":{"line":57,"column":9}},"57":{"start":{"line":58,"column":0},"end":{"line":58,"column":68}},"58":{"start":{"line":59,"column":0},"end":{"line":59,"column":60}},"59":{"start":{"line":60,"column":0},"end":{"line":60,"column":28}},"60":{"start":{"line":61,"column":0},"end":{"line":61,"column":14}},"61":{"start":{"line":62,"column":0},"end":{"line":62,"column":7}},"62":{"start":{"line":63,"column":0},"end":{"line":63,"column":36}},"63":{"start":{"line":64,"column":0},"end":{"line":64,"column":58}},"64":{"start":{"line":65,"column":0},"end":{"line":65,"column":14}},"65":{"start":{"line":66,"column":0},"end":{"line":66,"column":7}},"66":{"start":{"line":67,"column":0},"end":{"line":67,"column":64}},"67":{"start":{"line":68,"column":0},"end":{"line":68,"column":20}},"68":{"start":{"line":69,"column":0},"end":{"line":69,"column":21}},"69":{"start":{"line":70,"column":0},"end":{"line":70,"column":14}},"70":{"start":{"line":71,"column":0},"end":{"line":71,"column":17}},"71":{"start":{"line":72,"column":0},"end":{"line":72,"column":9}},"72":{"start":{"line":73,"column":0},"end":{"line":73,"column":19}},"73":{"start":{"line":74,"column":0},"end":{"line":74,"column":21}},"74":{"start":{"line":75,"column":0},"end":{"line":75,"column":18}},"75":{"start":{"line":76,"column":0},"end":{"line":76,"column":5}},"76":{"start":{"line":77,"column":0},"end":{"line":77,"column":3}},"77":{"start":{"line":78,"column":0},"end":{"line":78,"column":19}},"78":{"start":{"line":79,"column":0},"end":{"line":79,"column":27}},"79":{"start":{"line":80,"column":0},"end":{"line":80,"column":20}},"80":{"start":{"line":81,"column":0},"end":{"line":81,"column":10}},"81":{"start":{"line":82,"column":0},"end":{"line":82,"column":185}},"82":{"start":{"line":83,"column":0},"end":{"line":83,"column":12}},"83":{"start":{"line":84,"column":0},"end":{"line":84,"column":23}},"84":{"start":{"line":85,"column":0},"end":{"line":85,"column":12}},"85":{"start":{"line":86,"column":0},"end":{"line":86,"column":138}},"86":{"start":{"line":87,"column":0},"end":{"line":87,"column":147}},"87":{"start":{"line":88,"column":0},"end":{"line":88,"column":159}},"88":{"start":{"line":89,"column":0},"end":{"line":89,"column":159}},"89":{"start":{"line":90,"column":0},"end":{"line":90,"column":166}},"90":{"start":{"line":91,"column":0},"end":{"line":91,"column":13}},"91":{"start":{"line":92,"column":0},"end":{"line":92,"column":13}},"92":{"start":{"line":93,"column":0},"end":{"line":93,"column":12}},"93":{"start":{"line":94,"column":0},"end":{"line":94,"column":124}},"94":{"start":{"line":95,"column":0},"end":{"line":95,"column":153}},"95":{"start":{"line":96,"column":0},"end":{"line":96,"column":13}},"96":{"start":{"line":97,"column":0},"end":{"line":97,"column":10}},"97":{"start":{"line":98,"column":0},"end":{"line":98,"column":36}},"98":{"start":{"line":99,"column":0},"end":{"line":99,"column":125}},"99":{"start":{"line":100,"column":0},"end":{"line":100,"column":83}},"100":{"start":{"line":101,"column":0},"end":{"line":101,"column":19}},"101":{"start":{"line":102,"column":0},"end":{"line":102,"column":14}},"102":{"start":{"line":103,"column":0},"end":{"line":103,"column":13}},"103":{"start":{"line":104,"column":0},"end":{"line":104,"column":12}},"104":{"start":{"line":105,"column":0},"end":{"line":105,"column":3}},"105":{"start":{"line":106,"column":0},"end":{"line":106,"column":1}},"106":{"start":{"line":107,"column":0},"end":{"line":107,"column":0}},"107":{"start":{"line":108,"column":0},"end":{"line":108,"column":25}}},"s":{"0":1,"1":1,"2":1,"3":1,"4":1,"5":1,"6":1,"7":1,"8":1,"9":1,"10":1,"11":1,"12":36,"13":36,"14":36,"15":36,"16":36,"17":36,"18":36,"19":36,"20":36,"21":36,"22":36,"23":36,"24":36,"25":36,"26":36,"27":4,"28":4,"29":36,"30":36,"31":9,"32":9,"33":36,"34":36,"35":7,"36":4,"37":7,"38":3,"39":3,"40":7,"41":36,"42":36,"43":3,"44":3,"45":3,"46":1,"47":1,"48":1,"49":2,"50":1,"51":1,"52":1,"53":1,"54":3,"55":36,"56":4,"57":4,"58":4,"59":1,"60":1,"61":1,"62":4,"63":1,"64":1,"65":1,"66":2,"67":1,"68":1,"69":1,"70":1,"71":1,"72":1,"73":1,"74":1,"75":1,"76":4,"77":36,"78":10,"79":36,"80":36,"81":36,"82":36,"83":36,"84":13,"85":13,"86":13,"87":13,"88":13,"89":13,"90":13,"91":22,"92":22,"93":22,"94":22,"95":22,"96":36,"97":36,"98":36,"99":36,"100":36,"101":36,"102":36,"103":36,"104":36,"105":36,"106":1,"107":1},"branchMap":{"0":{"type":"branch","line":12,"loc":{"start":{"line":12,"column":19},"end":{"line":106,"column":1}},"locations":[{"start":{"line":12,"column":19},"end":{"line":106,"column":1}}]},"1":{"type":"branch","line":82,"loc":{"start":{"line":82,"column":18},"end":{"line":82,"column":44}},"locations":[{"start":{"line":82,"column":18},"end":{"line":82,"column":44}}]},"2":{"type":"branch","line":82,"loc":{"start":{"line":82,"column":31},"end":{"line":82,"column":53}},"locations":[{"start":{"line":82,"column":31},"end":{"line":82,"column":53}}]},"3":{"type":"branch","line":82,"loc":{"start":{"line":82,"column":126},"end":{"line":82,"column":152}},"locations":[{"start":{"line":82,"column":126},"end":{"line":82,"column":152}}]},"4":{"type":"branch","line":82,"loc":{"start":{"line":82,"column":139},"end":{"line":82,"column":161}},"locations":[{"start":{"line":82,"column":139},"end":{"line":82,"column":161}}]},"5":{"type":"branch","line":84,"loc":{"start":{"line":84,"column":9},"end":{"line":91,"column":13}},"locations":[{"start":{"line":84,"column":9},"end":{"line":91,"column":13}}]},"6":{"type":"branch","line":91,"loc":{"start":{"line":91,"column":10},"end":{"line":96,"column":13}},"locations":[{"start":{"line":91,"column":10},"end":{"line":96,"column":13}}]},"7":{"type":"branch","line":100,"loc":{"start":{"line":100,"column":13},"end":{"line":100,"column":44}},"locations":[{"start":{"line":100,"column":13},"end":{"line":100,"column":44}}]},"8":{"type":"branch","line":100,"loc":{"start":{"line":100,"column":26},"end":{"line":100,"column":83}},"locations":[{"start":{"line":100,"column":26},"end":{"line":100,"column":83}}]},"9":{"type":"branch","line":27,"loc":{"start":{"line":27,"column":32},"end":{"line":29,"column":4}},"locations":[{"start":{"line":27,"column":32},"end":{"line":29,"column":4}}]},"10":{"type":"branch","line":31,"loc":{"start":{"line":31,"column":35},"end":{"line":33,"column":4}},"locations":[{"start":{"line":31,"column":35},"end":{"line":33,"column":4}}]},"11":{"type":"branch","line":35,"loc":{"start":{"line":35,"column":17},"end":{"line":41,"column":3}},"locations":[{"start":{"line":35,"column":17},"end":{"line":41,"column":3}}]},"12":{"type":"branch","line":36,"loc":{"start":{"line":36,"column":20},"end":{"line":38,"column":11}},"locations":[{"start":{"line":36,"column":20},"end":{"line":38,"column":11}}]},"13":{"type":"branch","line":38,"loc":{"start":{"line":38,"column":4},"end":{"line":40,"column":5}},"locations":[{"start":{"line":38,"column":4},"end":{"line":40,"column":5}}]},"14":{"type":"branch","line":43,"loc":{"start":{"line":43,"column":16},"end":{"line":55,"column":3}},"locations":[{"start":{"line":43,"column":16},"end":{"line":55,"column":3}}]},"15":{"type":"branch","line":46,"loc":{"start":{"line":46,"column":11},"end":{"line":46,"column":31}},"locations":[{"start":{"line":46,"column":11},"end":{"line":46,"column":31}}]},"16":{"type":"branch","line":46,"loc":{"start":{"line":46,"column":31},"end":{"line":49,"column":7}},"locations":[{"start":{"line":46,"column":31},"end":{"line":49,"column":7}}]},"17":{"type":"branch","line":49,"loc":{"start":{"line":49,"column":6},"end":{"line":50,"column":56}},"locations":[{"start":{"line":49,"column":6},"end":{"line":50,"column":56}}]},"18":{"type":"branch","line":50,"loc":{"start":{"line":50,"column":55},"end":{"line":54,"column":5}},"locations":[{"start":{"line":50,"column":55},"end":{"line":54,"column":5}}]},"19":{"type":"branch","line":56,"loc":{"start":{"line":56,"column":19},"end":{"line":77,"column":3}},"locations":[{"start":{"line":56,"column":19},"end":{"line":77,"column":3}}]},"20":{"type":"branch","line":59,"loc":{"start":{"line":59,"column":11},"end":{"line":59,"column":33}},"locations":[{"start":{"line":59,"column":11},"end":{"line":59,"column":33}}]},"21":{"type":"branch","line":59,"loc":{"start":{"line":59,"column":24},"end":{"line":59,"column":46}},"locations":[{"start":{"line":59,"column":24},"end":{"line":59,"column":46}}]},"22":{"type":"branch","line":59,"loc":{"start":{"line":59,"column":34},"end":{"line":59,"column":59}},"locations":[{"start":{"line":59,"column":34},"end":{"line":59,"column":59}}]},"23":{"type":"branch","line":59,"loc":{"start":{"line":59,"column":59},"end":{"line":62,"column":7}},"locations":[{"start":{"line":59,"column":59},"end":{"line":62,"column":7}}]},"24":{"type":"branch","line":62,"loc":{"start":{"line":62,"column":6},"end":{"line":63,"column":35}},"locations":[{"start":{"line":62,"column":6},"end":{"line":63,"column":35}}]},"25":{"type":"branch","line":63,"loc":{"start":{"line":63,"column":35},"end":{"line":66,"column":7}},"locations":[{"start":{"line":63,"column":35},"end":{"line":66,"column":7}}]},"26":{"type":"branch","line":66,"loc":{"start":{"line":66,"column":6},"end":{"line":67,"column":64}},"locations":[{"start":{"line":66,"column":6},"end":{"line":67,"column":64}}]},"27":{"type":"branch","line":67,"loc":{"start":{"line":67,"column":63},"end":{"line":76,"column":5}},"locations":[{"start":{"line":67,"column":63},"end":{"line":76,"column":5}}]},"28":{"type":"branch","line":78,"loc":{"start":{"line":78,"column":12},"end":{"line":80,"column":5}},"locations":[{"start":{"line":78,"column":12},"end":{"line":80,"column":5}}]},"29":{"type":"branch","line":82,"loc":{"start":{"line":82,"column":95},"end":{"line":82,"column":116}},"locations":[{"start":{"line":82,"column":95},"end":{"line":82,"column":116}}]},"30":{"type":"branch","line":99,"loc":{"start":{"line":99,"column":91},"end":{"line":99,"column":125}},"locations":[{"start":{"line":99,"column":91},"end":{"line":99,"column":125}}]}},"b":{"0":[36],"1":[13],"2":[22],"3":[13],"4":[22],"5":[13],"6":[22],"7":[13],"8":[22],"9":[4],"10":[9],"11":[7],"12":[4],"13":[3],"14":[3],"15":[2],"16":[1],"17":[2],"18":[1],"19":[4],"20":[3],"21":[3],"22":[3],"23":[1],"24":[3],"25":[1],"26":[2],"27":[1],"28":[10],"29":[1],"30":[4]},"fnMap":{"0":{"name":"PopupLogin","decl":{"start":{"line":12,"column":19},"end":{"line":106,"column":1}},"loc":{"start":{"line":12,"column":19},"end":{"line":106,"column":1}},"line":12},"1":{"name":"handleChangeFormLogin","decl":{"start":{"line":27,"column":32},"end":{"line":29,"column":4}},"loc":{"start":{"line":27,"column":32},"end":{"line":29,"column":4}},"line":27},"2":{"name":"handleChangeFormRegister","decl":{"start":{"line":31,"column":35},"end":{"line":33,"column":4}},"loc":{"start":{"line":31,"column":35},"end":{"line":33,"column":4}},"line":31},"3":{"name":"onSave","decl":{"start":{"line":35,"column":17},"end":{"line":41,"column":3}},"loc":{"start":{"line":35,"column":17},"end":{"line":41,"column":3}},"line":35},"4":{"name":"login","decl":{"start":{"line":43,"column":16},"end":{"line":55,"column":3}},"loc":{"start":{"line":43,"column":16},"end":{"line":55,"column":3}},"line":43},"5":{"name":"register","decl":{"start":{"line":56,"column":19},"end":{"line":77,"column":3}},"loc":{"start":{"line":56,"column":19},"end":{"line":77,"column":3}},"line":56},"6":{"name":"onCancel","decl":{"start":{"line":82,"column":95},"end":{"line":82,"column":116}},"loc":{"start":{"line":82,"column":95},"end":{"line":82,"column":116}},"line":82},"7":{"name":"onClick","decl":{"start":{"line":99,"column":91},"end":{"line":99,"column":125}},"loc":{"start":{"line":99,"column":91},"end":{"line":99,"column":125}},"line":99}},"f":{"0":36,"1":4,"2":9,"3":7,"4":3,"5":4,"6":1,"7":4}}
,"C:\\source\\youtube-video-sharing\\src\\components\\PopupVideo.tsx": {"path":"C:\\source\\youtube-video-sharing\\src\\components\\PopupVideo.tsx","all":false,"statementMap":{"0":{"start":{"line":1,"column":0},"end":{"line":1,"column":44}},"1":{"start":{"line":2,"column":0},"end":{"line":2,"column":41}},"2":{"start":{"line":3,"column":0},"end":{"line":3,"column":0}},"3":{"start":{"line":4,"column":0},"end":{"line":4,"column":50}},"4":{"start":{"line":5,"column":0},"end":{"line":5,"column":0}},"5":{"start":{"line":6,"column":0},"end":{"line":6,"column":42}},"6":{"start":{"line":7,"column":0},"end":{"line":7,"column":46}},"7":{"start":{"line":8,"column":0},"end":{"line":8,"column":53}},"8":{"start":{"line":9,"column":0},"end":{"line":9,"column":0}},"9":{"start":{"line":10,"column":0},"end":{"line":10,"column":47}},"10":{"start":{"line":11,"column":0},"end":{"line":11,"column":0}},"11":{"start":{"line":12,"column":0},"end":{"line":12,"column":21}},"12":{"start":{"line":13,"column":0},"end":{"line":13,"column":18}},"13":{"start":{"line":14,"column":0},"end":{"line":14,"column":18}},"14":{"start":{"line":15,"column":0},"end":{"line":15,"column":27}},"15":{"start":{"line":16,"column":0},"end":{"line":16,"column":23}},"16":{"start":{"line":17,"column":0},"end":{"line":17,"column":1}},"17":{"start":{"line":18,"column":0},"end":{"line":18,"column":0}},"18":{"start":{"line":19,"column":0},"end":{"line":19,"column":86}},"19":{"start":{"line":20,"column":0},"end":{"line":20,"column":52}},"20":{"start":{"line":21,"column":0},"end":{"line":21,"column":68}},"21":{"start":{"line":22,"column":0},"end":{"line":22,"column":36}},"22":{"start":{"line":23,"column":0},"end":{"line":23,"column":9}},"23":{"start":{"line":24,"column":0},"end":{"line":24,"column":60}},"24":{"start":{"line":25,"column":0},"end":{"line":25,"column":24}},"25":{"start":{"line":26,"column":0},"end":{"line":26,"column":21}},"26":{"start":{"line":27,"column":0},"end":{"line":27,"column":24}},"27":{"start":{"line":28,"column":0},"end":{"line":28,"column":5}},"28":{"start":{"line":29,"column":0},"end":{"line":29,"column":3}},"29":{"start":{"line":30,"column":0},"end":{"line":30,"column":48}},"30":{"start":{"line":31,"column":0},"end":{"line":31,"column":33}},"31":{"start":{"line":32,"column":0},"end":{"line":32,"column":13}},"32":{"start":{"line":33,"column":0},"end":{"line":33,"column":5}},"33":{"start":{"line":34,"column":0},"end":{"line":34,"column":3}},"34":{"start":{"line":35,"column":0},"end":{"line":35,"column":19}},"35":{"start":{"line":36,"column":0},"end":{"line":36,"column":17}},"36":{"start":{"line":37,"column":0},"end":{"line":37,"column":20}},"37":{"start":{"line":38,"column":0},"end":{"line":38,"column":54}},"38":{"start":{"line":39,"column":0},"end":{"line":39,"column":12}},"39":{"start":{"line":40,"column":0},"end":{"line":40,"column":57}},"40":{"start":{"line":41,"column":0},"end":{"line":41,"column":5}},"41":{"start":{"line":42,"column":0},"end":{"line":42,"column":10}},"42":{"start":{"line":43,"column":0},"end":{"line":43,"column":23}},"43":{"start":{"line":44,"column":0},"end":{"line":44,"column":10}},"44":{"start":{"line":45,"column":0},"end":{"line":45,"column":6}},"45":{"start":{"line":46,"column":0},"end":{"line":46,"column":208}},"46":{"start":{"line":47,"column":0},"end":{"line":47,"column":20}},"47":{"start":{"line":48,"column":0},"end":{"line":48,"column":190}},"48":{"start":{"line":49,"column":0},"end":{"line":49,"column":10}},"49":{"start":{"line":50,"column":0},"end":{"line":50,"column":251}},"50":{"start":{"line":51,"column":0},"end":{"line":51,"column":22}},"51":{"start":{"line":52,"column":0},"end":{"line":52,"column":14}},"52":{"start":{"line":53,"column":0},"end":{"line":53,"column":27}},"53":{"start":{"line":54,"column":0},"end":{"line":54,"column":15}},"54":{"start":{"line":55,"column":0},"end":{"line":55,"column":18}},"55":{"start":{"line":56,"column":0},"end":{"line":56,"column":85}},"56":{"start":{"line":57,"column":0},"end":{"line":57,"column":101}},"57":{"start":{"line":58,"column":0},"end":{"line":58,"column":23}},"58":{"start":{"line":59,"column":0},"end":{"line":59,"column":22}},"59":{"start":{"line":60,"column":0},"end":{"line":60,"column":46}},"60":{"start":{"line":61,"column":0},"end":{"line":61,"column":80}},"61":{"start":{"line":62,"column":0},"end":{"line":62,"column":33}},"62":{"start":{"line":63,"column":0},"end":{"line":63,"column":99}},"63":{"start":{"line":64,"column":0},"end":{"line":64,"column":83}},"64":{"start":{"line":65,"column":0},"end":{"line":65,"column":51}},"65":{"start":{"line":66,"column":0},"end":{"line":66,"column":43}},"66":{"start":{"line":67,"column":0},"end":{"line":67,"column":44}},"67":{"start":{"line":68,"column":0},"end":{"line":68,"column":27}},"68":{"start":{"line":69,"column":0},"end":{"line":69,"column":35}},"69":{"start":{"line":70,"column":0},"end":{"line":70,"column":30}},"70":{"start":{"line":71,"column":0},"end":{"line":71,"column":28}},"71":{"start":{"line":72,"column":0},"end":{"line":72,"column":67}},"72":{"start":{"line":73,"column":0},"end":{"line":73,"column":87}},"73":{"start":{"line":74,"column":0},"end":{"line":74,"column":28}},"74":{"start":{"line":75,"column":0},"end":{"line":75,"column":23}},"75":{"start":{"line":76,"column":0},"end":{"line":76,"column":20}},"76":{"start":{"line":77,"column":0},"end":{"line":77,"column":19}},"77":{"start":{"line":78,"column":0},"end":{"line":78,"column":19}},"78":{"start":{"line":79,"column":0},"end":{"line":79,"column":105}},"79":{"start":{"line":80,"column":0},"end":{"line":80,"column":16}},"80":{"start":{"line":81,"column":0},"end":{"line":81,"column":15}},"81":{"start":{"line":82,"column":0},"end":{"line":82,"column":12}},"82":{"start":{"line":83,"column":0},"end":{"line":83,"column":14}},"83":{"start":{"line":84,"column":0},"end":{"line":84,"column":12}},"84":{"start":{"line":85,"column":0},"end":{"line":85,"column":7}},"85":{"start":{"line":86,"column":0},"end":{"line":86,"column":3}},"86":{"start":{"line":87,"column":0},"end":{"line":87,"column":1}},"87":{"start":{"line":88,"column":0},"end":{"line":88,"column":0}},"88":{"start":{"line":89,"column":0},"end":{"line":89,"column":25}}},"s":{"0":1,"1":1,"2":1,"3":1,"4":1,"5":1,"6":1,"7":1,"8":1,"9":1,"10":1,"11":1,"12":1,"13":1,"14":1,"15":1,"16":1,"17":1,"18":1,"19":29,"20":29,"21":29,"22":5,"23":5,"24":4,"25":5,"26":1,"27":1,"28":5,"29":29,"30":3,"31":3,"32":3,"33":3,"34":29,"35":21,"36":5,"37":5,"38":21,"39":16,"40":16,"41":21,"42":29,"43":29,"44":29,"45":29,"46":29,"47":9,"48":29,"49":29,"50":29,"51":9,"52":9,"53":3,"54":3,"55":3,"56":1,"57":2,"58":2,"59":2,"60":2,"61":2,"62":2,"63":2,"64":2,"65":2,"66":2,"67":2,"68":2,"69":2,"70":2,"71":2,"72":2,"73":2,"74":2,"75":3,"76":3,"77":6,"78":6,"79":9,"80":9,"81":29,"82":29,"83":29,"84":29,"85":29,"86":29,"87":1,"88":1},"branchMap":{"0":{"type":"branch","line":19,"loc":{"start":{"line":19,"column":19},"end":{"line":87,"column":1}},"locations":[{"start":{"line":19,"column":19},"end":{"line":87,"column":1}}]},"1":{"type":"branch","line":46,"loc":{"start":{"line":46,"column":116},"end":{"line":46,"column":150}},"locations":[{"start":{"line":46,"column":116},"end":{"line":46,"column":150}}]},"2":{"type":"branch","line":46,"loc":{"start":{"line":46,"column":125},"end":{"line":46,"column":171}},"locations":[{"start":{"line":46,"column":125},"end":{"line":46,"column":171}}]},"3":{"type":"branch","line":47,"loc":{"start":{"line":47,"column":9},"end":{"line":48,"column":190}},"locations":[{"start":{"line":47,"column":9},"end":{"line":48,"column":190}}]},"4":{"type":"branch","line":50,"loc":{"start":{"line":50,"column":177},"end":{"line":50,"column":205}},"locations":[{"start":{"line":50,"column":177},"end":{"line":50,"column":205}}]},"5":{"type":"branch","line":50,"loc":{"start":{"line":50,"column":186},"end":{"line":50,"column":214}},"locations":[{"start":{"line":50,"column":186},"end":{"line":50,"column":214}}]},"6":{"type":"branch","line":51,"loc":{"start":{"line":51,"column":11},"end":{"line":81,"column":15}},"locations":[{"start":{"line":51,"column":11},"end":{"line":81,"column":15}}]},"7":{"type":"branch","line":53,"loc":{"start":{"line":53,"column":15},"end":{"line":77,"column":19}},"locations":[{"start":{"line":53,"column":15},"end":{"line":77,"column":19}}]},"8":{"type":"branch","line":56,"loc":{"start":{"line":56,"column":78},"end":{"line":57,"column":101}},"locations":[{"start":{"line":56,"column":78},"end":{"line":57,"column":101}}]},"9":{"type":"branch","line":57,"loc":{"start":{"line":57,"column":95},"end":{"line":75,"column":23}},"locations":[{"start":{"line":57,"column":95},"end":{"line":75,"column":23}}]},"10":{"type":"branch","line":77,"loc":{"start":{"line":77,"column":16},"end":{"line":79,"column":105}},"locations":[{"start":{"line":77,"column":16},"end":{"line":79,"column":105}}]},"11":{"type":"branch","line":22,"loc":{"start":{"line":22,"column":23},"end":{"line":29,"column":3}},"locations":[{"start":{"line":22,"column":23},"end":{"line":29,"column":3}}]},"12":{"type":"branch","line":24,"loc":{"start":{"line":24,"column":59},"end":{"line":26,"column":6}},"locations":[{"start":{"line":24,"column":59},"end":{"line":26,"column":6}}]},"13":{"type":"branch","line":26,"loc":{"start":{"line":26,"column":4},"end":{"line":28,"column":5}},"locations":[{"start":{"line":26,"column":4},"end":{"line":28,"column":5}}]},"14":{"type":"branch","line":30,"loc":{"start":{"line":30,"column":21},"end":{"line":34,"column":3}},"locations":[{"start":{"line":30,"column":21},"end":{"line":34,"column":3}}]},"15":{"type":"branch","line":35,"loc":{"start":{"line":35,"column":12},"end":{"line":43,"column":5}},"locations":[{"start":{"line":35,"column":12},"end":{"line":43,"column":5}}]},"16":{"type":"branch","line":36,"loc":{"start":{"line":36,"column":16},"end":{"line":39,"column":11}},"locations":[{"start":{"line":36,"column":16},"end":{"line":39,"column":11}}]},"17":{"type":"branch","line":39,"loc":{"start":{"line":39,"column":4},"end":{"line":41,"column":5}},"locations":[{"start":{"line":39,"column":4},"end":{"line":41,"column":5}}]},"18":{"type":"branch","line":46,"loc":{"start":{"line":46,"column":193},"end":{"line":46,"column":208}},"locations":[{"start":{"line":46,"column":193},"end":{"line":46,"column":208}}]},"19":{"type":"branch","line":48,"loc":{"start":{"line":48,"column":158},"end":{"line":48,"column":173}},"locations":[{"start":{"line":48,"column":158},"end":{"line":48,"column":173}}]}},"b":{"0":[29],"1":[9],"2":[18],"3":[9],"4":[9],"5":[18],"6":[9],"7":[3],"8":[1],"9":[2],"10":[6],"11":[5],"12":[4],"13":[1],"14":[3],"15":[21],"16":[5],"17":[16],"18":[2],"19":[2]},"fnMap":{"0":{"name":"PopupVideo","decl":{"start":{"line":19,"column":19},"end":{"line":87,"column":1}},"loc":{"start":{"line":19,"column":19},"end":{"line":87,"column":1}},"line":19},"1":{"name":"getVideoData","decl":{"start":{"line":22,"column":23},"end":{"line":29,"column":3}},"loc":{"start":{"line":22,"column":23},"end":{"line":29,"column":3}},"line":22},"2":{"name":"closeOnEsc","decl":{"start":{"line":30,"column":21},"end":{"line":34,"column":3}},"loc":{"start":{"line":30,"column":21},"end":{"line":34,"column":3}},"line":30},"3":{"name":"onClick","decl":{"start":{"line":46,"column":193},"end":{"line":46,"column":208}},"loc":{"start":{"line":46,"column":193},"end":{"line":46,"column":208}},"line":46},"4":{"name":"onClick","decl":{"start":{"line":48,"column":158},"end":{"line":48,"column":173}},"loc":{"start":{"line":48,"column":158},"end":{"line":48,"column":173}},"line":48}},"f":{"0":29,"1":5,"2":3,"3":2,"4":2}}
,"C:\\source\\youtube-video-sharing\\src\\components\\RecommendLogin.tsx": {"path":"C:\\source\\youtube-video-sharing\\src\\components\\RecommendLogin.tsx","all":false,"statementMap":{"0":{"start":{"line":1,"column":0},"end":{"line":1,"column":30}},"1":{"start":{"line":2,"column":0},"end":{"line":2,"column":27}},"2":{"start":{"line":3,"column":0},"end":{"line":3,"column":72}},"3":{"start":{"line":4,"column":0},"end":{"line":4,"column":19}},"4":{"start":{"line":5,"column":0},"end":{"line":5,"column":22}},"5":{"start":{"line":6,"column":0},"end":{"line":6,"column":5}},"6":{"start":{"line":7,"column":0},"end":{"line":7,"column":3}},"7":{"start":{"line":8,"column":0},"end":{"line":8,"column":0}},"8":{"start":{"line":9,"column":0},"end":{"line":9,"column":10}},"9":{"start":{"line":10,"column":0},"end":{"line":10,"column":33}},"10":{"start":{"line":11,"column":0},"end":{"line":11,"column":83}},"11":{"start":{"line":12,"column":0},"end":{"line":12,"column":113}},"12":{"start":{"line":13,"column":0},"end":{"line":13,"column":10}},"13":{"start":{"line":14,"column":0},"end":{"line":14,"column":3}},"14":{"start":{"line":15,"column":0},"end":{"line":15,"column":1}},"15":{"start":{"line":16,"column":0},"end":{"line":16,"column":0}},"16":{"start":{"line":17,"column":0},"end":{"line":17,"column":29}}},"s":{"0":1,"1":1,"2":1,"3":1,"4":0,"5":0,"6":1,"7":1,"8":1,"9":1,"10":1,"11":1,"12":1,"13":1,"14":1,"15":1,"16":1},"branchMap":{"0":{"type":"branch","line":1,"loc":{"start":{"line":1,"column":23},"end":{"line":15,"column":1}},"locations":[{"start":{"line":1,"column":23},"end":{"line":15,"column":1}}]},"1":{"type":"branch","line":2,"loc":{"start":{"line":2,"column":20},"end":{"line":7,"column":3}},"locations":[{"start":{"line":2,"column":20},"end":{"line":7,"column":3}}]},"2":{"type":"branch","line":4,"loc":{"start":{"line":4,"column":18},"end":{"line":6,"column":5}},"locations":[{"start":{"line":4,"column":18},"end":{"line":6,"column":5}}]},"3":{"type":"branch","line":12,"loc":{"start":{"line":12,"column":69},"end":{"line":12,"column":88}},"locations":[{"start":{"line":12,"column":69},"end":{"line":12,"column":88}}]}},"b":{"0":[1],"1":[1],"2":[0],"3":[1]},"fnMap":{"0":{"name":"RecommendLogin","decl":{"start":{"line":1,"column":23},"end":{"line":15,"column":1}},"loc":{"start":{"line":1,"column":23},"end":{"line":15,"column":1}},"line":1},"1":{"name":"openLogin","decl":{"start":{"line":2,"column":20},"end":{"line":7,"column":3}},"loc":{"start":{"line":2,"column":20},"end":{"line":7,"column":3}},"line":2},"2":{"name":"onClick","decl":{"start":{"line":12,"column":69},"end":{"line":12,"column":88}},"loc":{"start":{"line":12,"column":69},"end":{"line":12,"column":88}},"line":12}},"f":{"0":1,"1":1,"2":1}}
,"C:\\source\\youtube-video-sharing\\src\\components\\VideoInfo.tsx": {"path":"C:\\source\\youtube-video-sharing\\src\\components\\VideoInfo.tsx","all":false,"statementMap":{"0":{"start":{"line":1,"column":0},"end":{"line":1,"column":32}},"1":{"start":{"line":2,"column":0},"end":{"line":2,"column":41}},"2":{"start":{"line":3,"column":0},"end":{"line":3,"column":36}},"3":{"start":{"line":4,"column":0},"end":{"line":4,"column":0}},"4":{"start":{"line":5,"column":0},"end":{"line":5,"column":41}},"5":{"start":{"line":6,"column":0},"end":{"line":6,"column":53}},"6":{"start":{"line":7,"column":0},"end":{"line":7,"column":0}},"7":{"start":{"line":8,"column":0},"end":{"line":8,"column":50}},"8":{"start":{"line":9,"column":0},"end":{"line":9,"column":57}},"9":{"start":{"line":10,"column":0},"end":{"line":10,"column":39}},"10":{"start":{"line":11,"column":0},"end":{"line":11,"column":54}},"11":{"start":{"line":12,"column":0},"end":{"line":12,"column":60}},"12":{"start":{"line":13,"column":0},"end":{"line":13,"column":0}},"13":{"start":{"line":14,"column":0},"end":{"line":14,"column":18}},"14":{"start":{"line":15,"column":0},"end":{"line":15,"column":26}},"15":{"start":{"line":16,"column":0},"end":{"line":16,"column":19}},"16":{"start":{"line":17,"column":0},"end":{"line":17,"column":28}},"17":{"start":{"line":18,"column":0},"end":{"line":18,"column":1}},"18":{"start":{"line":19,"column":0},"end":{"line":19,"column":0}},"19":{"start":{"line":20,"column":0},"end":{"line":20,"column":86}},"20":{"start":{"line":21,"column":0},"end":{"line":21,"column":52}},"21":{"start":{"line":22,"column":0},"end":{"line":22,"column":0}},"22":{"start":{"line":23,"column":0},"end":{"line":23,"column":51}},"23":{"start":{"line":24,"column":0},"end":{"line":24,"column":100}},"24":{"start":{"line":25,"column":0},"end":{"line":25,"column":106}},"25":{"start":{"line":26,"column":0},"end":{"line":26,"column":0}},"26":{"start":{"line":27,"column":0},"end":{"line":27,"column":136}},"27":{"start":{"line":28,"column":0},"end":{"line":28,"column":24}},"28":{"start":{"line":29,"column":0},"end":{"line":29,"column":23}},"29":{"start":{"line":30,"column":0},"end":{"line":30,"column":85}},"30":{"start":{"line":31,"column":0},"end":{"line":31,"column":74}},"31":{"start":{"line":32,"column":0},"end":{"line":32,"column":21}},"32":{"start":{"line":33,"column":0},"end":{"line":33,"column":24}},"33":{"start":{"line":34,"column":0},"end":{"line":34,"column":7}},"34":{"start":{"line":35,"column":0},"end":{"line":35,"column":12}},"35":{"start":{"line":36,"column":0},"end":{"line":36,"column":5}},"36":{"start":{"line":37,"column":0},"end":{"line":37,"column":20}},"37":{"start":{"line":38,"column":0},"end":{"line":38,"column":12}},"38":{"start":{"line":39,"column":0},"end":{"line":39,"column":5}},"39":{"start":{"line":40,"column":0},"end":{"line":40,"column":60}},"40":{"start":{"line":41,"column":0},"end":{"line":41,"column":72}},"41":{"start":{"line":42,"column":0},"end":{"line":42,"column":31}},"42":{"start":{"line":43,"column":0},"end":{"line":43,"column":68}},"43":{"start":{"line":44,"column":0},"end":{"line":44,"column":23}},"44":{"start":{"line":45,"column":0},"end":{"line":45,"column":28}},"45":{"start":{"line":46,"column":0},"end":{"line":46,"column":12}},"46":{"start":{"line":47,"column":0},"end":{"line":47,"column":35}},"47":{"start":{"line":48,"column":0},"end":{"line":48,"column":5}},"48":{"start":{"line":49,"column":0},"end":{"line":49,"column":82}},"49":{"start":{"line":50,"column":0},"end":{"line":50,"column":41}},"50":{"start":{"line":51,"column":0},"end":{"line":51,"column":28}},"51":{"start":{"line":52,"column":0},"end":{"line":52,"column":43}},"52":{"start":{"line":53,"column":0},"end":{"line":53,"column":6}},"53":{"start":{"line":54,"column":0},"end":{"line":54,"column":3}},"54":{"start":{"line":55,"column":0},"end":{"line":55,"column":0}},"55":{"start":{"line":56,"column":0},"end":{"line":56,"column":10}},"56":{"start":{"line":57,"column":0},"end":{"line":57,"column":42}},"57":{"start":{"line":58,"column":0},"end":{"line":58,"column":30}},"58":{"start":{"line":59,"column":0},"end":{"line":59,"column":64}},"59":{"start":{"line":60,"column":0},"end":{"line":60,"column":147}},"60":{"start":{"line":61,"column":0},"end":{"line":61,"column":59}},"61":{"start":{"line":62,"column":0},"end":{"line":62,"column":15}},"62":{"start":{"line":63,"column":0},"end":{"line":63,"column":136}},"63":{"start":{"line":64,"column":0},"end":{"line":64,"column":43}},"64":{"start":{"line":65,"column":0},"end":{"line":65,"column":145}},"65":{"start":{"line":66,"column":0},"end":{"line":66,"column":16}},"66":{"start":{"line":67,"column":0},"end":{"line":67,"column":49}},"67":{"start":{"line":68,"column":0},"end":{"line":68,"column":54}},"68":{"start":{"line":69,"column":0},"end":{"line":69,"column":16}},"69":{"start":{"line":70,"column":0},"end":{"line":70,"column":14}},"70":{"start":{"line":71,"column":0},"end":{"line":71,"column":28}},"71":{"start":{"line":72,"column":0},"end":{"line":72,"column":45}},"72":{"start":{"line":73,"column":0},"end":{"line":73,"column":249}},"73":{"start":{"line":74,"column":0},"end":{"line":74,"column":81}},"74":{"start":{"line":75,"column":0},"end":{"line":75,"column":21}},"75":{"start":{"line":76,"column":0},"end":{"line":76,"column":263}},"76":{"start":{"line":77,"column":0},"end":{"line":77,"column":84}},"77":{"start":{"line":78,"column":0},"end":{"line":78,"column":21}},"78":{"start":{"line":79,"column":0},"end":{"line":79,"column":16}},"79":{"start":{"line":80,"column":0},"end":{"line":80,"column":10}},"80":{"start":{"line":81,"column":0},"end":{"line":81,"column":29}},"81":{"start":{"line":82,"column":0},"end":{"line":82,"column":12}},"82":{"start":{"line":83,"column":0},"end":{"line":83,"column":61}},"83":{"start":{"line":84,"column":0},"end":{"line":84,"column":82}},"84":{"start":{"line":85,"column":0},"end":{"line":85,"column":70}},"85":{"start":{"line":86,"column":0},"end":{"line":86,"column":21}},"86":{"start":{"line":87,"column":0},"end":{"line":87,"column":97}},"87":{"start":{"line":88,"column":0},"end":{"line":88,"column":141}},"88":{"start":{"line":89,"column":0},"end":{"line":89,"column":22}},"89":{"start":{"line":90,"column":0},"end":{"line":90,"column":16}},"90":{"start":{"line":91,"column":0},"end":{"line":91,"column":18}},"91":{"start":{"line":92,"column":0},"end":{"line":92,"column":13}},"92":{"start":{"line":93,"column":0},"end":{"line":93,"column":10}},"93":{"start":{"line":94,"column":0},"end":{"line":94,"column":12}},"94":{"start":{"line":95,"column":0},"end":{"line":95,"column":10}},"95":{"start":{"line":96,"column":0},"end":{"line":96,"column":3}},"96":{"start":{"line":97,"column":0},"end":{"line":97,"column":1}},"97":{"start":{"line":98,"column":0},"end":{"line":98,"column":0}},"98":{"start":{"line":99,"column":0},"end":{"line":99,"column":24}}},"s":{"0":1,"1":1,"2":1,"3":1,"4":1,"5":1,"6":1,"7":1,"8":1,"9":1,"10":1,"11":1,"12":1,"13":1,"14":1,"15":1,"16":1,"17":1,"18":1,"19":1,"20":30,"21":30,"22":30,"23":30,"24":30,"25":30,"26":30,"27":0,"28":0,"29":0,"30":0,"31":0,"32":0,"33":0,"34":0,"35":0,"36":0,"37":0,"38":0,"39":0,"40":0,"41":0,"42":0,"43":0,"44":0,"45":0,"46":0,"47":0,"48":0,"49":0,"50":0,"51":0,"52":0,"53":0,"54":30,"55":30,"56":30,"57":30,"58":30,"59":30,"60":30,"61":30,"62":30,"63":30,"64":30,"65":30,"66":30,"67":30,"68":30,"69":30,"70":30,"71":24,"72":24,"73":24,"74":24,"75":24,"76":24,"77":24,"78":24,"79":30,"80":30,"81":2,"82":2,"83":2,"84":2,"85":0,"86":0,"87":0,"88":0,"89":2,"90":2,"91":2,"92":30,"93":30,"94":30,"95":30,"96":30,"97":1,"98":1},"branchMap":{"0":{"type":"branch","line":20,"loc":{"start":{"line":20,"column":18},"end":{"line":97,"column":1}},"locations":[{"start":{"line":20,"column":18},"end":{"line":97,"column":1}}]},"1":{"type":"branch","line":63,"loc":{"start":{"line":63,"column":109},"end":{"line":63,"column":122}},"locations":[{"start":{"line":63,"column":109},"end":{"line":63,"column":122}}]},"2":{"type":"branch","line":65,"loc":{"start":{"line":65,"column":118},"end":{"line":65,"column":131}},"locations":[{"start":{"line":65,"column":118},"end":{"line":65,"column":131}}]},"3":{"type":"branch","line":71,"loc":{"start":{"line":71,"column":9},"end":{"line":79,"column":16}},"locations":[{"start":{"line":71,"column":9},"end":{"line":79,"column":16}}]},"4":{"type":"branch","line":73,"loc":{"start":{"line":73,"column":192},"end":{"line":73,"column":216}},"locations":[{"start":{"line":73,"column":192},"end":{"line":73,"column":216}}]},"5":{"type":"branch","line":73,"loc":{"start":{"line":73,"column":196},"end":{"line":73,"column":236}},"locations":[{"start":{"line":73,"column":196},"end":{"line":73,"column":236}}]},"6":{"type":"branch","line":76,"loc":{"start":{"line":76,"column":206},"end":{"line":76,"column":230}},"locations":[{"start":{"line":76,"column":206},"end":{"line":76,"column":230}}]},"7":{"type":"branch","line":81,"loc":{"start":{"line":81,"column":9},"end":{"line":92,"column":13}},"locations":[{"start":{"line":81,"column":9},"end":{"line":92,"column":13}}]},"8":{"type":"branch","line":85,"loc":{"start":{"line":85,"column":55},"end":{"line":89,"column":22}},"locations":[{"start":{"line":85,"column":55},"end":{"line":89,"column":22}}]},"9":{"type":"branch","line":24,"loc":{"start":{"line":24,"column":23},"end":{"line":24,"column":100}},"locations":[{"start":{"line":24,"column":23},"end":{"line":24,"column":100}}]},"10":{"type":"branch","line":24,"loc":{"start":{"line":24,"column":90},"end":{"line":24,"column":99}},"locations":[{"start":{"line":24,"column":90},"end":{"line":24,"column":99}}]},"11":{"type":"branch","line":25,"loc":{"start":{"line":25,"column":26},"end":{"line":25,"column":106}},"locations":[{"start":{"line":25,"column":26},"end":{"line":25,"column":106}}]},"12":{"type":"branch","line":25,"loc":{"start":{"line":25,"column":96},"end":{"line":25,"column":105}},"locations":[{"start":{"line":25,"column":96},"end":{"line":25,"column":105}}]}},"b":{"0":[30],"1":[9],"2":[9],"3":[24],"4":[17],"5":[7],"6":[0],"7":[2],"8":[0],"9":[24],"10":[0],"11":[24],"12":[0]},"fnMap":{"0":{"name":"VideoInfo","decl":{"start":{"line":20,"column":18},"end":{"line":97,"column":1}},"loc":{"start":{"line":20,"column":18},"end":{"line":97,"column":1}},"line":20},"1":{"name":"checkIsLiked","decl":{"start":{"line":24,"column":23},"end":{"line":24,"column":100}},"loc":{"start":{"line":24,"column":23},"end":{"line":24,"column":100}},"line":24},"2":{"name":"checkIsDisLiked","decl":{"start":{"line":25,"column":26},"end":{"line":25,"column":106}},"loc":{"start":{"line":25,"column":26},"end":{"line":25,"column":106}},"line":25},"3":{"name":"reaction","decl":{"start":{"line":27,"column":19},"end":{"line":54,"column":3}},"loc":{"start":{"line":27,"column":19},"end":{"line":54,"column":3}},"line":27},"4":{"name":"onClick","decl":{"start":{"line":73,"column":29},"end":{"line":73,"column":72}},"loc":{"start":{"line":73,"column":29},"end":{"line":73,"column":72}},"line":73},"5":{"name":"onClick","decl":{"start":{"line":76,"column":29},"end":{"line":76,"column":75}},"loc":{"start":{"line":76,"column":29},"end":{"line":76,"column":75}},"line":76},"6":{"name":"onClick","decl":{"start":{"line":84,"column":50},"end":{"line":84,"column":82}},"loc":{"start":{"line":84,"column":50},"end":{"line":84,"column":82}},"line":84}},"f":{"0":30,"1":24,"2":24,"3":0,"4":0,"5":0,"6":0}}
[...]
,"C:\\source\\youtube-video-sharing\\src\\store\\authSlice.ts": {"path":"C:\\source\\youtube-video-sharing\\src\\store\\authSlice.ts","all":false,"statementMap":{"0":{"start":{"line":1,"column":0},"end":{"line":1,"column":40}},"1":{"start":{"line":2,"column":0},"end":{"line":2,"column":62}},"2":{"start":{"line":3,"column":0},"end":{"line":3,"column":0}},"3":{"start":{"line":4,"column":0},"end":{"line":4,"column":21}},"4":{"start":{"line":5,"column":0},"end":{"line":5,"column":31}},"5":{"start":{"line":6,"column":0},"end":{"line":6,"column":1}},"6":{"start":{"line":7,"column":0},"end":{"line":7,"column":0}},"7":{"start":{"line":8,"column":0},"end":{"line":8,"column":33}},"8":{"start":{"line":9,"column":0},"end":{"line":9,"column":20}},"9":{"start":{"line":10,"column":0},"end":{"line":10,"column":2}},"10":{"start":{"line":11,"column":0},"end":{"line":11,"column":0}},"11":{"start":{"line":12,"column":0},"end":{"line":12,"column":31}},"12":{"start":{"line":13,"column":0},"end":{"line":13,"column":15}},"13":{"start":{"line":14,"column":0},"end":{"line":14,"column":15}},"14":{"start":{"line":15,"column":0},"end":{"line":15,"column":13}},"15":{"start":{"line":16,"column":0},"end":{"line":16,"column":72}},"16":{"start":{"line":17,"column":0},"end":{"line":17,"column":41}},"17":{"start":{"line":18,"column":0},"end":{"line":18,"column":6}},"18":{"start":{"line":19,"column":0},"end":{"line":19,"column":4}},"19":{"start":{"line":20,"column":0},"end":{"line":20,"column":3}},"20":{"start":{"line":21,"column":0},"end":{"line":21,"column":0}},"21":{"start":{"line":22,"column":0},"end":{"line":22,"column":52}},"22":{"start":{"line":23,"column":0},"end":{"line":23,"column":0}},"23":{"start":{"line":24,"column":0},"end":{"line":24,"column":64}},"24":{"start":{"line":25,"column":0},"end":{"line":25,"column":25}},"25":{"start":{"line":26,"column":0},"end":{"line":26,"column":0}},"26":{"start":{"line":27,"column":0},"end":{"line":27,"column":33}}},"s":{"0":1,"1":1,"2":1,"3":1,"4":1,"5":1,"6":1,"7":1,"8":1,"9":1,"10":1,"11":1,"12":1,"13":1,"14":1,"15":1,"16":0,"17":0,"18":1,"19":1,"20":1,"21":1,"22":1,"23":1,"24":84,"25":1,"26":1},"branchMap":{"0":{"type":"branch","line":24,"loc":{"start":{"line":24,"column":33},"end":{"line":25,"column":25}},"locations":[{"start":{"line":24,"column":33},"end":{"line":25,"column":25}}]}},"b":{"0":[84]},"fnMap":{"0":{"name":"setCurrentUser","decl":{"start":{"line":16,"column":20},"end":{"line":18,"column":6}},"loc":{"start":{"line":16,"column":20},"end":{"line":18,"column":6}},"line":16},"1":{"name":"selectCurrentUser","decl":{"start":{"line":24,"column":33},"end":{"line":25,"column":25}},"loc":{"start":{"line":24,"column":33},"end":{"line":25,"column":25}},"line":24}},"f":{"0":0,"1":84}}
,"C:\\source\\youtube-video-sharing\\src\\store\\notificationSlice.ts": {"path":"C:\\source\\youtube-video-sharing\\src\\store\\notificationSlice.ts","all":false,"statementMap":{"0":{"start":{"line":1,"column":0},"end":{"line":1,"column":56}},"1":{"start":{"line":2,"column":0},"end":{"line":2,"column":62}},"2":{"start":{"line":3,"column":0},"end":{"line":3,"column":29}},"3":{"start":{"line":4,"column":0},"end":{"line":4,"column":36}},"4":{"start":{"line":5,"column":0},"end":{"line":5,"column":1}},"5":{"start":{"line":6,"column":0},"end":{"line":6,"column":0}},"6":{"start":{"line":7,"column":0},"end":{"line":7,"column":41}},"7":{"start":{"line":8,"column":0},"end":{"line":8,"column":20}},"8":{"start":{"line":9,"column":0},"end":{"line":9,"column":2}},"9":{"start":{"line":10,"column":0},"end":{"line":10,"column":0}},"10":{"start":{"line":11,"column":0},"end":{"line":11,"column":39}},"11":{"start":{"line":12,"column":0},"end":{"line":12,"column":23}},"12":{"start":{"line":13,"column":0},"end":{"line":13,"column":15}},"13":{"start":{"line":14,"column":0},"end":{"line":14,"column":13}},"14":{"start":{"line":15,"column":0},"end":{"line":15,"column":77}},"15":{"start":{"line":16,"column":0},"end":{"line":16,"column":43}},"16":{"start":{"line":17,"column":0},"end":{"line":17,"column":6}},"17":{"start":{"line":18,"column":0},"end":{"line":18,"column":4}},"18":{"start":{"line":19,"column":0},"end":{"line":19,"column":3}},"19":{"start":{"line":20,"column":0},"end":{"line":20,"column":0}},"20":{"start":{"line":21,"column":0},"end":{"line":21,"column":62}},"21":{"start":{"line":22,"column":0},"end":{"line":22,"column":0}},"22":{"start":{"line":23,"column":0},"end":{"line":23,"column":116}},"23":{"start":{"line":24,"column":0},"end":{"line":24,"column":0}},"24":{"start":{"line":25,"column":0},"end":{"line":25,"column":41}}},"s":{"0":1,"1":1,"2":1,"3":1,"4":1,"5":1,"6":1,"7":1,"8":1,"9":1,"10":1,"11":1,"12":1,"13":1,"14":1,"15":0,"16":0,"17":1,"18":1,"19":1,"20":1,"21":1,"22":1,"23":1,"24":1},"branchMap":{"0":{"type":"branch","line":23,"loc":{"start":{"line":23,"column":35},"end":{"line":23,"column":116}},"locations":[{"start":{"line":23,"column":35},"end":{"line":23,"column":116}}]}},"b":{"0":[16]},"fnMap":{"0":{"name":"setNotifications","decl":{"start":{"line":15,"column":22},"end":{"line":17,"column":6}},"loc":{"start":{"line":15,"column":22},"end":{"line":17,"column":6}},"line":15},"1":{"name":"selectNotifications","decl":{"start":{"line":23,"column":35},"end":{"line":23,"column":116}},"loc":{"start":{"line":23,"column":35},"end":{"line":23,"column":116}},"line":23}},"f":{"0":0,"1":16}}
,"C:\\source\\youtube-video-sharing\\src\\store\\store.ts": {"path":"C:\\source\\youtube-video-sharing\\src\\store\\store.ts","all":false,"statementMap":{"0":{"start":{"line":1,"column":0},"end":{"line":1,"column":49}},"1":{"start":{"line":2,"column":0},"end":{"line":2,"column":0}},"2":{"start":{"line":3,"column":0},"end":{"line":3,"column":37}},"3":{"start":{"line":4,"column":0},"end":{"line":4,"column":53}},"4":{"start":{"line":5,"column":0},"end":{"line":5,"column":39}},"5":{"start":{"line":6,"column":0},"end":{"line":6,"column":0}},"6":{"start":{"line":7,"column":0},"end":{"line":7,"column":31}},"7":{"start":{"line":8,"column":0},"end":{"line":8,"column":12}},"8":{"start":{"line":9,"column":0},"end":{"line":9,"column":22}},"9":{"start":{"line":10,"column":0},"end":{"line":10,"column":38}},"10":{"start":{"line":11,"column":0},"end":{"line":11,"column":23}},"11":{"start":{"line":12,"column":0},"end":{"line":12,"column":4}},"12":{"start":{"line":13,"column":0},"end":{"line":13,"column":62}},"13":{"start":{"line":14,"column":0},"end":{"line":14,"column":29}},"14":{"start":{"line":15,"column":0},"end":{"line":15,"column":4}},"15":{"start":{"line":16,"column":0},"end":{"line":16,"column":2}}},"s":{"0":1,"1":1,"2":1,"3":1,"4":1,"5":1,"6":1,"7":1,"8":1,"9":1,"10":1,"11":1,"12":1,"13":1,"14":1,"15":1},"branchMap":{"0":{"type":"branch","line":13,"loc":{"start":{"line":13,"column":14},"end":{"line":15,"column":4}},"locations":[{"start":{"line":13,"column":14},"end":{"line":15,"column":4}}]}},"b":{"0":[1]},"fnMap":{"0":{"name":"middleware","decl":{"start":{"line":13,"column":14},"end":{"line":15,"column":4}},"loc":{"start":{"line":13,"column":14},"end":{"line":15,"column":4}},"line":13}},"f":{"0":1}}
,"C:\\source\\youtube-video-sharing\\src\\store\\videoSlice.ts": {"path":"C:\\source\\youtube-video-sharing\\src\\store\\videoSlice.ts","all":false,"statementMap":{"0":{"start":{"line":1,"column":0},"end":{"line":1,"column":42}},"1":{"start":{"line":2,"column":0},"end":{"line":2,"column":62}},"2":{"start":{"line":3,"column":0},"end":{"line":3,"column":0}},"3":{"start":{"line":4,"column":0},"end":{"line":4,"column":22}},"4":{"start":{"line":5,"column":0},"end":{"line":5,"column":22}},"5":{"start":{"line":6,"column":0},"end":{"line":6,"column":1}},"6":{"start":{"line":7,"column":0},"end":{"line":7,"column":0}},"7":{"start":{"line":8,"column":0},"end":{"line":8,"column":34}},"8":{"start":{"line":9,"column":0},"end":{"line":9,"column":13}},"9":{"start":{"line":10,"column":0},"end":{"line":10,"column":2}},"10":{"start":{"line":11,"column":0},"end":{"line":11,"column":0}},"11":{"start":{"line":12,"column":0},"end":{"line":12,"column":32}},"12":{"start":{"line":13,"column":0},"end":{"line":13,"column":16}},"13":{"start":{"line":14,"column":0},"end":{"line":14,"column":15}},"14":{"start":{"line":15,"column":0},"end":{"line":15,"column":13}},"15":{"start":{"line":16,"column":0},"end":{"line":16,"column":63}},"16":{"start":{"line":17,"column":0},"end":{"line":17,"column":36}},"17":{"start":{"line":18,"column":0},"end":{"line":18,"column":6}},"18":{"start":{"line":19,"column":0},"end":{"line":19,"column":4}},"19":{"start":{"line":20,"column":0},"end":{"line":20,"column":3}},"20":{"start":{"line":21,"column":0},"end":{"line":21,"column":0}},"21":{"start":{"line":22,"column":0},"end":{"line":22,"column":48}},"22":{"start":{"line":23,"column":0},"end":{"line":23,"column":0}},"23":{"start":{"line":24,"column":0},"end":{"line":24,"column":61}},"24":{"start":{"line":25,"column":0},"end":{"line":25,"column":21}},"25":{"start":{"line":26,"column":0},"end":{"line":26,"column":0}},"26":{"start":{"line":27,"column":0},"end":{"line":27,"column":34}}},"s":{"0":1,"1":1,"2":1,"3":1,"4":1,"5":1,"6":1,"7":1,"8":1,"9":1,"10":1,"11":1,"12":1,"13":1,"14":1,"15":1,"16":0,"17":0,"18":1,"19":1,"20":1,"21":1,"22":1,"23":1,"24":0,"25":1,"26":1},"branchMap":{},"b":{},"fnMap":{"0":{"name":"setVideos","decl":{"start":{"line":16,"column":15},"end":{"line":18,"column":6}},"loc":{"start":{"line":16,"column":15},"end":{"line":18,"column":6}},"line":16},"1":{"name":"selectVideos","decl":{"start":{"line":24,"column":28},"end":{"line":25,"column":21}},"loc":{"start":{"line":24,"column":28},"end":{"line":25,"column":21}},"line":24}},"f":{"0":0,"1":0}}
,"C:\\source\\youtube-video-sharing\\src\\utils\\utils.ts": {"path":"C:\\source\\youtube-video-sharing\\src\\utils\\utils.ts","all":false,"statementMap":{"0":{"start":{"line":1,"column":0},"end":{"line":1,"column":27}},"1":{"start":{"line":2,"column":0},"end":{"line":2,"column":99}},"2":{"start":{"line":3,"column":0},"end":{"line":3,"column":0}},"3":{"start":{"line":4,"column":0},"end":{"line":4,"column":98}},"4":{"start":{"line":5,"column":0},"end":{"line":5,"column":34}},"5":{"start":{"line":6,"column":0},"end":{"line":6,"column":17}},"6":{"start":{"line":7,"column":0},"end":{"line":7,"column":68}},"7":{"start":{"line":8,"column":0},"end":{"line":8,"column":28}},"8":{"start":{"line":9,"column":0},"end":{"line":9,"column":7}},"9":{"start":{"line":10,"column":0},"end":{"line":10,"column":3}},"10":{"start":{"line":11,"column":0},"end":{"line":11,"column":14}},"11":{"start":{"line":12,"column":0},"end":{"line":12,"column":2}},"12":{"start":{"line":13,"column":0},"end":{"line":13,"column":0}},"13":{"start":{"line":14,"column":0},"end":{"line":14,"column":0}},"14":{"start":{"line":15,"column":0},"end":{"line":15,"column":79}},"15":{"start":{"line":16,"column":0},"end":{"line":16,"column":14}},"16":{"start":{"line":17,"column":0},"end":{"line":17,"column":14}},"17":{"start":{"line":18,"column":0},"end":{"line":18,"column":3}},"18":{"start":{"line":19,"column":0},"end":{"line":19,"column":0}},"19":{"start":{"line":20,"column":0},"end":{"line":20,"column":41}},"20":{"start":{"line":21,"column":0},"end":{"line":21,"column":67}},"21":{"start":{"line":22,"column":0},"end":{"line":22,"column":3}},"22":{"start":{"line":23,"column":0},"end":{"line":23,"column":0}},"23":{"start":{"line":24,"column":0},"end":{"line":24,"column":33}},"24":{"start":{"line":25,"column":0},"end":{"line":25,"column":26}},"25":{"start":{"line":26,"column":0},"end":{"line":26,"column":3}},"26":{"start":{"line":27,"column":0},"end":{"line":27,"column":0}},"27":{"start":{"line":28,"column":0},"end":{"line":28,"column":55}},"28":{"start":{"line":29,"column":0},"end":{"line":29,"column":35}},"29":{"start":{"line":30,"column":0},"end":{"line":30,"column":31}},"30":{"start":{"line":31,"column":0},"end":{"line":31,"column":34}},"31":{"start":{"line":32,"column":0},"end":{"line":32,"column":5}},"32":{"start":{"line":33,"column":0},"end":{"line":33,"column":37}},"33":{"start":{"line":34,"column":0},"end":{"line":34,"column":3}},"34":{"start":{"line":35,"column":0},"end":{"line":35,"column":0}},"35":{"start":{"line":36,"column":0},"end":{"line":36,"column":22}},"36":{"start":{"line":37,"column":0},"end":{"line":37,"column":2}},"37":{"start":{"line":38,"column":0},"end":{"line":38,"column":0}},"38":{"start":{"line":39,"column":0},"end":{"line":39,"column":102}},"39":{"start":{"line":40,"column":0},"end":{"line":40,"column":24}},"40":{"start":{"line":41,"column":0},"end":{"line":41,"column":25}},"41":{"start":{"line":42,"column":0},"end":{"line":42,"column":1}},"42":{"start":{"line":43,"column":0},"end":{"line":43,"column":0}},"43":{"start":{"line":44,"column":0},"end":{"line":44,"column":64}},"44":{"start":{"line":45,"column":0},"end":{"line":45,"column":26}},"45":{"start":{"line":46,"column":0},"end":{"line":46,"column":63}},"46":{"start":{"line":47,"column":0},"end":{"line":47,"column":51}},"47":{"start":{"line":48,"column":0},"end":{"line":48,"column":39}},"48":{"start":{"line":49,"column":0},"end":{"line":49,"column":63}},"49":{"start":{"line":50,"column":0},"end":{"line":50,"column":51}},"50":{"start":{"line":51,"column":0},"end":{"line":51,"column":39}},"51":{"start":{"line":52,"column":0},"end":{"line":52,"column":31}},"52":{"start":{"line":53,"column":0},"end":{"line":53,"column":82}},"53":{"start":{"line":54,"column":0},"end":{"line":54,"column":90}},"54":{"start":{"line":55,"column":0},"end":{"line":55,"column":66}},"55":{"start":{"line":56,"column":0},"end":{"line":56,"column":13}},"56":{"start":{"line":57,"column":0},"end":{"line":57,"column":1}},"57":{"start":{"line":58,"column":0},"end":{"line":58,"column":0}},"58":{"start":{"line":59,"column":0},"end":{"line":59,"column":161}}},"s":{"0":1,"1":1,"2":1,"3":1,"4":2,"5":2,"6":1,"7":2,"8":1,"9":1,"10":2,"11":2,"12":1,"13":1,"14":1,"15":61,"16":5,"17":5,"18":56,"19":61,"20":1,"21":1,"22":56,"23":61,"24":1,"25":1,"26":56,"27":61,"28":25,"29":25,"30":3,"31":3,"32":22,"33":22,"34":31,"35":31,"36":31,"37":1,"38":1,"39":4,"40":4,"41":4,"42":1,"43":1,"44":7,"45":7,"46":7,"47":7,"48":7,"49":7,"50":7,"51":7,"52":7,"53":7,"54":7,"55":7,"56":7,"57":1,"58":1},"branchMap":{"0":{"type":"branch","line":4,"loc":{"start":{"line":4,"column":31},"end":{"line":12,"column":2}},"locations":[{"start":{"line":4,"column":31},"end":{"line":12,"column":2}}]},"1":{"type":"branch","line":6,"loc":{"start":{"line":6,"column":16},"end":{"line":10,"column":3}},"locations":[{"start":{"line":6,"column":16},"end":{"line":10,"column":3}}]},"2":{"type":"branch","line":7,"loc":{"start":{"line":7,"column":21},"end":{"line":9,"column":5}},"locations":[{"start":{"line":7,"column":21},"end":{"line":9,"column":5}}]},"3":{"type":"branch","line":15,"loc":{"start":{"line":15,"column":26},"end":{"line":37,"column":2}},"locations":[{"start":{"line":15,"column":26},"end":{"line":37,"column":2}}]},"4":{"type":"branch","line":16,"loc":{"start":{"line":16,"column":13},"end":{"line":18,"column":3}},"locations":[{"start":{"line":16,"column":13},"end":{"line":18,"column":3}}]},"5":{"type":"branch","line":18,"loc":{"start":{"line":18,"column":2},"end":{"line":20,"column":22}},"locations":[{"start":{"line":18,"column":2},"end":{"line":20,"column":22}}]},"6":{"type":"branch","line":20,"loc":{"start":{"line":20,"column":11},"end":{"line":20,"column":40}},"locations":[{"start":{"line":20,"column":11},"end":{"line":20,"column":40}}]},"7":{"type":"branch","line":20,"loc":{"start":{"line":20,"column":40},"end":{"line":22,"column":3}},"locations":[{"start":{"line":20,"column":40},"end":{"line":22,"column":3}}]},"8":{"type":"branch","line":22,"loc":{"start":{"line":22,"column":2},"end":{"line":24,"column":32}},"locations":[{"start":{"line":22,"column":2},"end":{"line":24,"column":32}}]},"9":{"type":"branch","line":24,"loc":{"start":{"line":24,"column":32},"end":{"line":26,"column":3}},"locations":[{"start":{"line":24,"column":32},"end":{"line":26,"column":3}}]},"10":{"type":"branch","line":26,"loc":{"start":{"line":26,"column":2},"end":{"line":28,"column":30}},"locations":[{"start":{"line":26,"column":2},"end":{"line":28,"column":30}}]},"11":{"type":"branch","line":28,"loc":{"start":{"line":28,"column":22},"end":{"line":28,"column":54}},"locations":[{"start":{"line":28,"column":22},"end":{"line":28,"column":54}}]},"12":{"type":"branch","line":28,"loc":{"start":{"line":28,"column":54},"end":{"line":34,"column":3}},"locations":[{"start":{"line":28,"column":54},"end":{"line":34,"column":3}}]},"13":{"type":"branch","line":30,"loc":{"start":{"line":30,"column":30},"end":{"line":32,"column":5}},"locations":[{"start":{"line":30,"column":30},"end":{"line":32,"column":5}}]},"14":{"type":"branch","line":32,"loc":{"start":{"line":32,"column":4},"end":{"line":34,"column":3}},"locations":[{"start":{"line":32,"column":4},"end":{"line":34,"column":3}}]},"15":{"type":"branch","line":34,"loc":{"start":{"line":34,"column":2},"end":{"line":37,"column":2}},"locations":[{"start":{"line":34,"column":2},"end":{"line":37,"column":2}}]},"16":{"type":"branch","line":39,"loc":{"start":{"line":39,"column":29},"end":{"line":42,"column":1}},"locations":[{"start":{"line":39,"column":29},"end":{"line":42,"column":1}}]},"17":{"type":"branch","line":44,"loc":{"start":{"line":44,"column":46},"end":{"line":57,"column":1}},"locations":[{"start":{"line":44,"column":46},"end":{"line":57,"column":1}}]},"18":{"type":"branch","line":59,"loc":{"start":{"line":59,"column":33},"end":{"line":59,"column":161}},"locations":[{"start":{"line":59,"column":33},"end":{"line":59,"column":161}}]}},"b":{"0":[2],"1":[1],"2":[2],"3":[61],"4":[5],"5":[56],"6":[1],"7":[1],"8":[56],"9":[1],"10":[56],"11":[25],"12":[25],"13":[3],"14":[22],"15":[31],"16":[4],"17":[7],"18":[1]},"fnMap":{"0":{"name":"snapshotToArray","decl":{"start":{"line":4,"column":31},"end":{"line":12,"column":2}},"loc":{"start":{"line":4,"column":31},"end":{"line":12,"column":2}},"line":4},"1":{"name":"formatDate","decl":{"start":{"line":15,"column":26},"end":{"line":37,"column":2}},"loc":{"start":{"line":15,"column":26},"end":{"line":37,"column":2}},"line":15},"2":{"name":"preventEvents","decl":{"start":{"line":39,"column":29},"end":{"line":42,"column":1}},"loc":{"start":{"line":39,"column":29},"end":{"line":42,"column":1}},"line":39},"3":{"name":"toLowerCaseNonAccentVietnamese","decl":{"start":{"line":44,"column":46},"end":{"line":57,"column":1}},"loc":{"start":{"line":44,"column":46},"end":{"line":57,"column":1}},"line":44},"4":{"name":"getYoutubeInfoUrl","decl":{"start":{"line":59,"column":33},"end":{"line":59,"column":161}},"loc":{"start":{"line":59,"column":33},"end":{"line":59,"column":161}},"line":59}},"f":{"0":2,"1":61,"2":4,"3":7,"4":1}}
}
