{"D:\\source\\interview\\youtube-video-sharing\\src\\App.tsx": {"path":"D:\\source\\interview\\youtube-video-sharing\\src\\App.tsx","all":false,"statementMap":{"0":{"start":{"line":1,"column":0},"end":{"line":1,"column":18}},"1":{"start":{"line":2,"column":0},"end":{"line":2,"column":0}},"2":{"start":{"line":3,"column":0},"end":{"line":3,"column":64}},"3":{"start":{"line":4,"column":0},"end":{"line":4,"column":38}},"4":{"start":{"line":5,"column":0},"end":{"line":5,"column":33}},"5":{"start":{"line":6,"column":0},"end":{"line":6,"column":0}},"6":{"start":{"line":7,"column":0},"end":{"line":7,"column":45}},"7":{"start":{"line":8,"column":0},"end":{"line":8,"column":32}},"8":{"start":{"line":9,"column":0},"end":{"line":9,"column":49}},"9":{"start":{"line":10,"column":0},"end":{"line":10,"column":59}},"10":{"start":{"line":11,"column":0},"end":{"line":11,"column":0}},"11":{"start":{"line":12,"column":0},"end":{"line":12,"column":16}},"12":{"start":{"line":13,"column":0},"end":{"line":13,"column":0}},"13":{"start":{"line":14,"column":0},"end":{"line":14,"column":10}},"14":{"start":{"line":15,"column":0},"end":{"line":15,"column":28}},"15":{"start":{"line":16,"column":0},"end":{"line":16,"column":21}},"16":{"start":{"line":17,"column":0},"end":{"line":17,"column":23}},"17":{"start":{"line":18,"column":0},"end":{"line":18,"column":18}},"18":{"start":{"line":19,"column":0},"end":{"line":19,"column":49}},"19":{"start":{"line":20,"column":0},"end":{"line":20,"column":66}},"20":{"start":{"line":21,"column":0},"end":{"line":21,"column":85}},"21":{"start":{"line":22,"column":0},"end":{"line":22,"column":19}},"22":{"start":{"line":23,"column":0},"end":{"line":23,"column":24}},"23":{"start":{"line":24,"column":0},"end":{"line":24,"column":22}},"24":{"start":{"line":25,"column":0},"end":{"line":25,"column":15}},"25":{"start":{"line":26,"column":0},"end":{"line":26,"column":3}},"26":{"start":{"line":27,"column":0},"end":{"line":27,"column":1}},"27":{"start":{"line":28,"column":0},"end":{"line":28,"column":0}},"28":{"start":{"line":29,"column":0},"end":{"line":29,"column":18}}},"s":{"0":1,"1":1,"2":1,"3":1,"4":1,"5":1,"6":1,"7":1,"8":1,"9":1,"10":1,"11":1,"12":1,"13":1,"14":1,"15":1,"16":1,"17":1,"18":1,"19":1,"20":1,"21":1,"22":1,"23":1,"24":1,"25":1,"26":1,"27":1,"28":1},"branchMap":{"0":{"type":"branch","line":12,"loc":{"start":{"line":12,"column":0},"end":{"line":27,"column":1}},"locations":[{"start":{"line":12,"column":0},"end":{"line":27,"column":1}}]}},"b":{"0":[1]},"fnMap":{"0":{"name":"App","decl":{"start":{"line":12,"column":0},"end":{"line":27,"column":1}},"loc":{"start":{"line":12,"column":0},"end":{"line":27,"column":1}},"line":12}},"f":{"0":1}}
,"D:\\source\\interview\\youtube-video-sharing\\src\\components\\Confirm.tsx": {"path":"D:\\source\\interview\\youtube-video-sharing\\src\\components\\Confirm.tsx","all":false,"statementMap":{"0":{"start":{"line":1,"column":0},"end":{"line":1,"column":38}},"1":{"start":{"line":2,"column":0},"end":{"line":2,"column":39}},"2":{"start":{"line":3,"column":0},"end":{"line":3,"column":0}},"3":{"start":{"line":4,"column":0},"end":{"line":4,"column":21}},"4":{"start":{"line":5,"column":0},"end":{"line":5,"column":28}},"5":{"start":{"line":6,"column":0},"end":{"line":6,"column":23}},"6":{"start":{"line":7,"column":0},"end":{"line":7,"column":20}},"7":{"start":{"line":8,"column":0},"end":{"line":8,"column":1}},"8":{"start":{"line":9,"column":0},"end":{"line":9,"column":0}},"9":{"start":{"line":10,"column":0},"end":{"line":10,"column":64}},"10":{"start":{"line":11,"column":0},"end":{"line":11,"column":45}},"11":{"start":{"line":12,"column":0},"end":{"line":12,"column":24}},"12":{"start":{"line":13,"column":0},"end":{"line":13,"column":17}},"13":{"start":{"line":14,"column":0},"end":{"line":14,"column":20}},"14":{"start":{"line":15,"column":0},"end":{"line":15,"column":3}},"15":{"start":{"line":16,"column":0},"end":{"line":16,"column":10}},"16":{"start":{"line":17,"column":0},"end":{"line":17,"column":6}},"17":{"start":{"line":18,"column":0},"end":{"line":18,"column":94}},"18":{"start":{"line":19,"column":0},"end":{"line":19,"column":24}},"19":{"start":{"line":20,"column":0},"end":{"line":20,"column":12}},"20":{"start":{"line":21,"column":0},"end":{"line":21,"column":134}},"21":{"start":{"line":22,"column":0},"end":{"line":22,"column":39}},"22":{"start":{"line":23,"column":0},"end":{"line":23,"column":14}},"23":{"start":{"line":24,"column":0},"end":{"line":24,"column":7}},"24":{"start":{"line":25,"column":0},"end":{"line":25,"column":3}},"25":{"start":{"line":26,"column":0},"end":{"line":26,"column":1}},"26":{"start":{"line":27,"column":0},"end":{"line":27,"column":0}},"27":{"start":{"line":28,"column":0},"end":{"line":28,"column":22}}},"s":{"0":1,"1":1,"2":1,"3":1,"4":1,"5":1,"6":1,"7":1,"8":1,"9":1,"10":5,"11":5,"12":1,"13":1,"14":1,"15":5,"16":5,"17":5,"18":5,"19":5,"20":5,"21":5,"22":5,"23":5,"24":5,"25":5,"26":1,"27":1},"branchMap":{"0":{"type":"branch","line":10,"loc":{"start":{"line":10,"column":16},"end":{"line":26,"column":1}},"locations":[{"start":{"line":10,"column":16},"end":{"line":26,"column":1}}]},"1":{"type":"branch","line":12,"loc":{"start":{"line":12,"column":17},"end":{"line":15,"column":3}},"locations":[{"start":{"line":12,"column":17},"end":{"line":15,"column":3}}]},"2":{"type":"branch","line":18,"loc":{"start":{"line":18,"column":20},"end":{"line":18,"column":43}},"locations":[{"start":{"line":18,"column":20},"end":{"line":18,"column":43}}]},"3":{"type":"branch","line":21,"loc":{"start":{"line":21,"column":53},"end":{"line":21,"column":69}},"locations":[{"start":{"line":21,"column":53},"end":{"line":21,"column":69}}]}},"b":{"0":[5],"1":[1],"2":[1],"3":[1]},"fnMap":{"0":{"name":"Confirm","decl":{"start":{"line":10,"column":16},"end":{"line":26,"column":1}},"loc":{"start":{"line":10,"column":16},"end":{"line":26,"column":1}},"line":10},"1":{"name":"onSave","decl":{"start":{"line":12,"column":17},"end":{"line":15,"column":3}},"loc":{"start":{"line":12,"column":17},"end":{"line":15,"column":3}},"line":12},"2":{"name":"onClick","decl":{"start":{"line":18,"column":20},"end":{"line":18,"column":43}},"loc":{"start":{"line":18,"column":20},"end":{"line":18,"column":43}},"line":18},"3":{"name":"onSave","decl":{"start":{"line":21,"column":53},"end":{"line":21,"column":69}},"loc":{"start":{"line":21,"column":53},"end":{"line":21,"column":69}},"line":21},"4":{"name":"onCancel","decl":{"start":{"line":21,"column":79},"end":{"line":21,"column":103}},"loc":{"start":{"line":21,"column":79},"end":{"line":21,"column":103}},"line":21}},"f":{"0":5,"1":1,"2":1,"3":1,"4":0}}
,"D:\\source\\interview\\youtube-video-sharing\\src\\components\\DialogNotifications.tsx": {"path":"D:\\source\\interview\\youtube-video-sharing\\src\\components\\DialogNotifications.tsx","all":false,"statementMap":{"0":{"start":{"line":1,"column":0},"end":{"line":1,"column":43}},"1":{"start":{"line":2,"column":0},"end":{"line":2,"column":41}},"2":{"start":{"line":3,"column":0},"end":{"line":3,"column":0}},"3":{"start":{"line":4,"column":0},"end":{"line":4,"column":71}},"4":{"start":{"line":5,"column":0},"end":{"line":5,"column":0}},"5":{"start":{"line":6,"column":0},"end":{"line":6,"column":56}},"6":{"start":{"line":7,"column":0},"end":{"line":7,"column":53}},"7":{"start":{"line":8,"column":0},"end":{"line":8,"column":58}},"8":{"start":{"line":9,"column":0},"end":{"line":9,"column":64}},"9":{"start":{"line":10,"column":0},"end":{"line":10,"column":38}},"10":{"start":{"line":11,"column":0},"end":{"line":11,"column":0}},"11":{"start":{"line":12,"column":0},"end":{"line":12,"column":63}},"12":{"start":{"line":13,"column":0},"end":{"line":13,"column":52}},"13":{"start":{"line":14,"column":0},"end":{"line":14,"column":56}},"14":{"start":{"line":15,"column":0},"end":{"line":15,"column":65}},"15":{"start":{"line":16,"column":0},"end":{"line":16,"column":60}},"16":{"start":{"line":17,"column":0},"end":{"line":17,"column":0}},"17":{"start":{"line":18,"column":0},"end":{"line":18,"column":43}},"18":{"start":{"line":19,"column":0},"end":{"line":19,"column":31}},"19":{"start":{"line":20,"column":0},"end":{"line":20,"column":29}},"20":{"start":{"line":21,"column":0},"end":{"line":21,"column":3}},"21":{"start":{"line":22,"column":0},"end":{"line":22,"column":0}},"22":{"start":{"line":23,"column":0},"end":{"line":23,"column":19}},"23":{"start":{"line":24,"column":0},"end":{"line":24,"column":28}},"24":{"start":{"line":25,"column":0},"end":{"line":25,"column":28}},"25":{"start":{"line":26,"column":0},"end":{"line":26,"column":5}},"26":{"start":{"line":27,"column":0},"end":{"line":27,"column":10}},"27":{"start":{"line":28,"column":0},"end":{"line":28,"column":24}},"28":{"start":{"line":29,"column":0},"end":{"line":29,"column":0}},"29":{"start":{"line":30,"column":0},"end":{"line":30,"column":37}},"30":{"start":{"line":31,"column":0},"end":{"line":31,"column":17}},"31":{"start":{"line":32,"column":0},"end":{"line":32,"column":3}},"32":{"start":{"line":33,"column":0},"end":{"line":33,"column":0}},"33":{"start":{"line":34,"column":0},"end":{"line":34,"column":19}},"34":{"start":{"line":35,"column":0},"end":{"line":35,"column":59}},"35":{"start":{"line":36,"column":0},"end":{"line":36,"column":18}},"36":{"start":{"line":37,"column":0},"end":{"line":37,"column":64}},"37":{"start":{"line":38,"column":0},"end":{"line":38,"column":5}},"38":{"start":{"line":39,"column":0},"end":{"line":39,"column":8}},"39":{"start":{"line":40,"column":0},"end":{"line":40,"column":0}},"40":{"start":{"line":41,"column":0},"end":{"line":41,"column":0}},"41":{"start":{"line":42,"column":0},"end":{"line":42,"column":126}},"42":{"start":{"line":43,"column":0},"end":{"line":43,"column":24}},"43":{"start":{"line":44,"column":0},"end":{"line":44,"column":37}},"44":{"start":{"line":45,"column":0},"end":{"line":45,"column":12}},"45":{"start":{"line":46,"column":0},"end":{"line":46,"column":5}},"46":{"start":{"line":47,"column":0},"end":{"line":47,"column":56}},"47":{"start":{"line":48,"column":0},"end":{"line":48,"column":15}},"48":{"start":{"line":49,"column":0},"end":{"line":49,"column":25}},"49":{"start":{"line":50,"column":0},"end":{"line":50,"column":23}},"50":{"start":{"line":51,"column":0},"end":{"line":51,"column":8}},"51":{"start":{"line":52,"column":0},"end":{"line":52,"column":76}},"52":{"start":{"line":53,"column":0},"end":{"line":53,"column":6}},"53":{"start":{"line":54,"column":0},"end":{"line":54,"column":3}},"54":{"start":{"line":55,"column":0},"end":{"line":55,"column":0}},"55":{"start":{"line":56,"column":0},"end":{"line":56,"column":10}},"56":{"start":{"line":57,"column":0},"end":{"line":57,"column":6}},"57":{"start":{"line":58,"column":0},"end":{"line":58,"column":195}},"58":{"start":{"line":59,"column":0},"end":{"line":59,"column":71}},"59":{"start":{"line":60,"column":0},"end":{"line":60,"column":153}},"60":{"start":{"line":61,"column":0},"end":{"line":61,"column":47}},"61":{"start":{"line":62,"column":0},"end":{"line":62,"column":76}},"62":{"start":{"line":63,"column":0},"end":{"line":63,"column":115}},"63":{"start":{"line":64,"column":0},"end":{"line":64,"column":20}},"64":{"start":{"line":65,"column":0},"end":{"line":65,"column":42}},"65":{"start":{"line":66,"column":0},"end":{"line":66,"column":101}},"66":{"start":{"line":67,"column":0},"end":{"line":67,"column":91}},"67":{"start":{"line":68,"column":0},"end":{"line":68,"column":20}},"68":{"start":{"line":69,"column":0},"end":{"line":69,"column":48}},"69":{"start":{"line":70,"column":0},"end":{"line":70,"column":41}},"70":{"start":{"line":71,"column":0},"end":{"line":71,"column":57}},"71":{"start":{"line":72,"column":0},"end":{"line":72,"column":22}},"72":{"start":{"line":73,"column":0},"end":{"line":73,"column":41}},"73":{"start":{"line":74,"column":0},"end":{"line":74,"column":62}},"74":{"start":{"line":75,"column":0},"end":{"line":75,"column":22}},"75":{"start":{"line":76,"column":0},"end":{"line":76,"column":20}},"76":{"start":{"line":77,"column":0},"end":{"line":77,"column":18}},"77":{"start":{"line":78,"column":0},"end":{"line":78,"column":45}},"78":{"start":{"line":79,"column":0},"end":{"line":79,"column":108}},"79":{"start":{"line":80,"column":0},"end":{"line":80,"column":122}},"80":{"start":{"line":81,"column":0},"end":{"line":81,"column":18}},"81":{"start":{"line":82,"column":0},"end":{"line":82,"column":16}},"82":{"start":{"line":83,"column":0},"end":{"line":83,"column":14}},"83":{"start":{"line":84,"column":0},"end":{"line":84,"column":49}},"84":{"start":{"line":85,"column":0},"end":{"line":85,"column":29}},"85":{"start":{"line":86,"column":0},"end":{"line":86,"column":16}},"86":{"start":{"line":87,"column":0},"end":{"line":87,"column":10}},"87":{"start":{"line":88,"column":0},"end":{"line":88,"column":12}},"88":{"start":{"line":89,"column":0},"end":{"line":89,"column":113}},"89":{"start":{"line":90,"column":0},"end":{"line":90,"column":7}},"90":{"start":{"line":91,"column":0},"end":{"line":91,"column":3}},"91":{"start":{"line":92,"column":0},"end":{"line":92,"column":1}},"92":{"start":{"line":93,"column":0},"end":{"line":93,"column":0}},"93":{"start":{"line":94,"column":0},"end":{"line":94,"column":34}}},"s":{"0":1,"1":1,"2":1,"3":1,"4":1,"5":1,"6":1,"7":1,"8":1,"9":1,"10":1,"11":1,"12":0,"13":0,"14":0,"15":0,"16":0,"17":0,"18":0,"19":0,"20":0,"21":0,"22":0,"23":0,"24":0,"25":0,"26":0,"27":0,"28":0,"29":0,"30":0,"31":0,"32":0,"33":0,"34":0,"35":0,"36":0,"37":0,"38":0,"39":0,"40":0,"41":0,"42":0,"43":0,"44":0,"45":0,"46":0,"47":0,"48":0,"49":0,"50":0,"51":0,"52":0,"53":0,"54":0,"55":0,"56":0,"57":0,"58":0,"59":0,"60":0,"61":0,"62":0,"63":0,"64":0,"65":0,"66":0,"67":0,"68":0,"69":0,"70":0,"71":0,"72":0,"73":0,"74":0,"75":0,"76":0,"77":0,"78":0,"79":0,"80":0,"81":0,"82":0,"83":0,"84":0,"85":0,"86":0,"87":0,"88":0,"89":0,"90":0,"91":0,"92":1,"93":1},"branchMap":{},"b":{},"fnMap":{"0":{"name":"DialogNotifications","decl":{"start":{"line":12,"column":28},"end":{"line":92,"column":1}},"loc":{"start":{"line":12,"column":28},"end":{"line":92,"column":1}},"line":12}},"f":{"0":0}}
,"D:\\source\\interview\\youtube-video-sharing\\src\\components\\ListVideo.tsx": {"path":"D:\\source\\interview\\youtube-video-sharing\\src\\components\\ListVideo.tsx","all":false,"statementMap":{"0":{"start":{"line":1,"column":0},"end":{"line":1,"column":52}},"1":{"start":{"line":2,"column":0},"end":{"line":2,"column":36}},"2":{"start":{"line":3,"column":0},"end":{"line":3,"column":0}},"3":{"start":{"line":4,"column":0},"end":{"line":4,"column":62}},"4":{"start":{"line":5,"column":0},"end":{"line":5,"column":50}},"5":{"start":{"line":6,"column":0},"end":{"line":6,"column":71}},"6":{"start":{"line":7,"column":0},"end":{"line":7,"column":0}},"7":{"start":{"line":8,"column":0},"end":{"line":8,"column":41}},"8":{"start":{"line":9,"column":0},"end":{"line":9,"column":46}},"9":{"start":{"line":10,"column":0},"end":{"line":10,"column":48}},"10":{"start":{"line":11,"column":0},"end":{"line":11,"column":46}},"11":{"start":{"line":12,"column":0},"end":{"line":12,"column":42}},"12":{"start":{"line":13,"column":0},"end":{"line":13,"column":0}},"13":{"start":{"line":14,"column":0},"end":{"line":14,"column":0}},"14":{"start":{"line":15,"column":0},"end":{"line":15,"column":18}},"15":{"start":{"line":16,"column":0},"end":{"line":16,"column":22}},"16":{"start":{"line":17,"column":0},"end":{"line":17,"column":26}},"17":{"start":{"line":18,"column":0},"end":{"line":18,"column":23}},"18":{"start":{"line":19,"column":0},"end":{"line":19,"column":1}},"19":{"start":{"line":20,"column":0},"end":{"line":20,"column":0}},"20":{"start":{"line":21,"column":0},"end":{"line":21,"column":82}},"21":{"start":{"line":22,"column":0},"end":{"line":22,"column":44}},"22":{"start":{"line":23,"column":0},"end":{"line":23,"column":65}},"23":{"start":{"line":24,"column":0},"end":{"line":24,"column":60}},"24":{"start":{"line":25,"column":0},"end":{"line":25,"column":0}},"25":{"start":{"line":26,"column":0},"end":{"line":26,"column":43}},"26":{"start":{"line":27,"column":0},"end":{"line":27,"column":31}},"27":{"start":{"line":28,"column":0},"end":{"line":28,"column":29}},"28":{"start":{"line":29,"column":0},"end":{"line":29,"column":3}},"29":{"start":{"line":30,"column":0},"end":{"line":30,"column":2}},"30":{"start":{"line":31,"column":0},"end":{"line":31,"column":79}},"31":{"start":{"line":32,"column":0},"end":{"line":32,"column":41}},"32":{"start":{"line":33,"column":0},"end":{"line":33,"column":3}},"33":{"start":{"line":34,"column":0},"end":{"line":34,"column":0}},"34":{"start":{"line":35,"column":0},"end":{"line":35,"column":19}},"35":{"start":{"line":36,"column":0},"end":{"line":36,"column":28}},"36":{"start":{"line":37,"column":0},"end":{"line":37,"column":28}},"37":{"start":{"line":38,"column":0},"end":{"line":38,"column":5}},"38":{"start":{"line":39,"column":0},"end":{"line":39,"column":10}},"39":{"start":{"line":40,"column":0},"end":{"line":40,"column":24}},"40":{"start":{"line":41,"column":0},"end":{"line":41,"column":0}},"41":{"start":{"line":42,"column":0},"end":{"line":42,"column":36}},"42":{"start":{"line":43,"column":0},"end":{"line":43,"column":51}},"43":{"start":{"line":44,"column":0},"end":{"line":44,"column":18}},"44":{"start":{"line":45,"column":0},"end":{"line":45,"column":45}},"45":{"start":{"line":46,"column":0},"end":{"line":46,"column":52}},"46":{"start":{"line":47,"column":0},"end":{"line":47,"column":84}},"47":{"start":{"line":48,"column":0},"end":{"line":48,"column":61}},"48":{"start":{"line":49,"column":0},"end":{"line":49,"column":8}},"49":{"start":{"line":50,"column":0},"end":{"line":50,"column":5}},"50":{"start":{"line":51,"column":0},"end":{"line":51,"column":17}},"51":{"start":{"line":52,"column":0},"end":{"line":52,"column":24}},"52":{"start":{"line":53,"column":0},"end":{"line":53,"column":0}},"53":{"start":{"line":54,"column":0},"end":{"line":54,"column":51}},"54":{"start":{"line":55,"column":0},"end":{"line":55,"column":41}},"55":{"start":{"line":56,"column":0},"end":{"line":56,"column":33}},"56":{"start":{"line":57,"column":0},"end":{"line":57,"column":6}},"57":{"start":{"line":58,"column":0},"end":{"line":58,"column":60}},"58":{"start":{"line":59,"column":0},"end":{"line":59,"column":34}},"59":{"start":{"line":60,"column":0},"end":{"line":60,"column":6}},"60":{"start":{"line":61,"column":0},"end":{"line":61,"column":3}},"61":{"start":{"line":62,"column":0},"end":{"line":62,"column":0}},"62":{"start":{"line":63,"column":0},"end":{"line":63,"column":10}},"63":{"start":{"line":64,"column":0},"end":{"line":64,"column":6}},"64":{"start":{"line":65,"column":0},"end":{"line":65,"column":53}},"65":{"start":{"line":66,"column":0},"end":{"line":66,"column":41}},"66":{"start":{"line":67,"column":0},"end":{"line":67,"column":155}},"67":{"start":{"line":68,"column":0},"end":{"line":68,"column":14}},"68":{"start":{"line":69,"column":0},"end":{"line":69,"column":12}},"69":{"start":{"line":70,"column":0},"end":{"line":70,"column":60}},"70":{"start":{"line":71,"column":0},"end":{"line":71,"column":63}},"71":{"start":{"line":72,"column":0},"end":{"line":72,"column":97}},"72":{"start":{"line":73,"column":0},"end":{"line":73,"column":12}},"73":{"start":{"line":74,"column":0},"end":{"line":74,"column":176}},"74":{"start":{"line":75,"column":0},"end":{"line":75,"column":31}},"75":{"start":{"line":76,"column":0},"end":{"line":76,"column":18}},"76":{"start":{"line":77,"column":0},"end":{"line":77,"column":243}},"77":{"start":{"line":78,"column":0},"end":{"line":78,"column":108}},"78":{"start":{"line":79,"column":0},"end":{"line":79,"column":138}},"79":{"start":{"line":80,"column":0},"end":{"line":80,"column":28}},"80":{"start":{"line":81,"column":0},"end":{"line":81,"column":19}},"81":{"start":{"line":82,"column":0},"end":{"line":82,"column":16}},"82":{"start":{"line":83,"column":0},"end":{"line":83,"column":99}},"83":{"start":{"line":84,"column":0},"end":{"line":84,"column":92}},"84":{"start":{"line":85,"column":0},"end":{"line":85,"column":177}},"85":{"start":{"line":86,"column":0},"end":{"line":86,"column":180}},"86":{"start":{"line":87,"column":0},"end":{"line":87,"column":110}},"87":{"start":{"line":88,"column":0},"end":{"line":88,"column":22}},"88":{"start":{"line":89,"column":0},"end":{"line":89,"column":50}},"89":{"start":{"line":90,"column":0},"end":{"line":90,"column":101}},"90":{"start":{"line":91,"column":0},"end":{"line":91,"column":22}},"91":{"start":{"line":92,"column":0},"end":{"line":92,"column":20}},"92":{"start":{"line":93,"column":0},"end":{"line":93,"column":18}},"93":{"start":{"line":94,"column":0},"end":{"line":94,"column":16}},"94":{"start":{"line":95,"column":0},"end":{"line":95,"column":11}},"95":{"start":{"line":96,"column":0},"end":{"line":96,"column":12}},"96":{"start":{"line":97,"column":0},"end":{"line":97,"column":113}},"97":{"start":{"line":98,"column":0},"end":{"line":98,"column":7}},"98":{"start":{"line":99,"column":0},"end":{"line":99,"column":3}},"99":{"start":{"line":100,"column":0},"end":{"line":100,"column":1}},"100":{"start":{"line":101,"column":0},"end":{"line":101,"column":0}},"101":{"start":{"line":102,"column":0},"end":{"line":102,"column":24}}},"s":{"0":1,"1":1,"2":1,"3":1,"4":1,"5":1,"6":1,"7":1,"8":1,"9":1,"10":1,"11":1,"12":1,"13":1,"14":1,"15":1,"16":1,"17":1,"18":1,"19":1,"20":1,"21":12,"22":12,"23":12,"24":12,"25":12,"26":1,"27":1,"28":1,"29":12,"30":12,"31":1,"32":1,"33":12,"34":12,"35":7,"36":6,"37":6,"38":7,"39":12,"40":12,"41":12,"42":6,"43":6,"44":1,"45":1,"46":3,"47":2,"48":1,"49":1,"50":6,"51":12,"52":12,"53":12,"54":0,"55":0,"56":0,"57":0,"58":0,"59":0,"60":0,"61":12,"62":12,"63":12,"64":12,"65":12,"66":12,"67":12,"68":12,"69":12,"70":12,"71":26,"72":26,"73":26,"74":26,"75":3,"76":3,"77":3,"78":3,"79":3,"80":3,"81":26,"82":26,"83":26,"84":26,"85":26,"86":26,"87":26,"88":26,"89":26,"90":26,"91":26,"92":26,"93":26,"94":12,"95":12,"96":12,"97":12,"98":12,"99":12,"100":1,"101":1},"branchMap":{"0":{"type":"branch","line":21,"loc":{"start":{"line":21,"column":18},"end":{"line":100,"column":1}},"locations":[{"start":{"line":21,"column":18},"end":{"line":100,"column":1}}]},"1":{"type":"branch","line":26,"loc":{"start":{"line":26,"column":21},"end":{"line":29,"column":3}},"locations":[{"start":{"line":26,"column":21},"end":{"line":29,"column":3}}]},"2":{"type":"branch","line":31,"loc":{"start":{"line":31,"column":30},"end":{"line":33,"column":3}},"locations":[{"start":{"line":31,"column":30},"end":{"line":33,"column":3}}]},"3":{"type":"branch","line":35,"loc":{"start":{"line":35,"column":12},"end":{"line":40,"column":5}},"locations":[{"start":{"line":35,"column":12},"end":{"line":40,"column":5}}]},"4":{"type":"branch","line":36,"loc":{"start":{"line":36,"column":27},"end":{"line":38,"column":5}},"locations":[{"start":{"line":36,"column":27},"end":{"line":38,"column":5}}]},"5":{"type":"branch","line":42,"loc":{"start":{"line":42,"column":29},"end":{"line":52,"column":5}},"locations":[{"start":{"line":42,"column":29},"end":{"line":52,"column":5}}]},"6":{"type":"branch","line":44,"loc":{"start":{"line":44,"column":17},"end":{"line":50,"column":5}},"locations":[{"start":{"line":44,"column":17},"end":{"line":50,"column":5}}]},"7":{"type":"branch","line":46,"loc":{"start":{"line":46,"column":29},"end":{"line":48,"column":61}},"locations":[{"start":{"line":46,"column":29},"end":{"line":48,"column":61}}]},"8":{"type":"branch","line":47,"loc":{"start":{"line":47,"column":79},"end":{"line":48,"column":61}},"locations":[{"start":{"line":47,"column":79},"end":{"line":48,"column":61}}]},"9":{"type":"branch","line":71,"loc":{"start":{"line":71,"column":24},"end":{"line":94,"column":16}},"locations":[{"start":{"line":71,"column":24},"end":{"line":94,"column":16}}]},"10":{"type":"branch","line":75,"loc":{"start":{"line":75,"column":15},"end":{"line":81,"column":19}},"locations":[{"start":{"line":75,"column":15},"end":{"line":81,"column":19}}]},"11":{"type":"branch","line":77,"loc":{"start":{"line":77,"column":153},"end":{"line":77,"column":183}},"locations":[{"start":{"line":77,"column":153},"end":{"line":77,"column":183}}]},"12":{"type":"branch","line":77,"loc":{"start":{"line":77,"column":215},"end":{"line":77,"column":236}},"locations":[{"start":{"line":77,"column":215},"end":{"line":77,"column":236}}]},"13":{"type":"branch","line":79,"loc":{"start":{"line":79,"column":108},"end":{"line":79,"column":129}},"locations":[{"start":{"line":79,"column":108},"end":{"line":79,"column":129}}]},"14":{"type":"branch","line":83,"loc":{"start":{"line":83,"column":71},"end":{"line":83,"column":99}},"locations":[{"start":{"line":83,"column":71},"end":{"line":83,"column":99}}]},"15":{"type":"branch","line":97,"loc":{"start":{"line":97,"column":77},"end":{"line":97,"column":111}},"locations":[{"start":{"line":97,"column":77},"end":{"line":97,"column":111}}]}},"b":{"0":[12],"1":[1],"2":[1],"3":[7],"4":[6],"5":[6],"6":[1],"7":[3],"8":[2],"9":[26],"10":[3],"11":[0],"12":[0],"13":[0],"14":[1],"15":[2]},"fnMap":{"0":{"name":"ListVideo","decl":{"start":{"line":21,"column":18},"end":{"line":100,"column":1}},"loc":{"start":{"line":21,"column":18},"end":{"line":100,"column":1}},"line":21},"1":{"name":"watchVideo","decl":{"start":{"line":26,"column":21},"end":{"line":29,"column":3}},"loc":{"start":{"line":26,"column":21},"end":{"line":29,"column":3}},"line":26},"2":{"name":"handleChangeKeyword","decl":{"start":{"line":31,"column":30},"end":{"line":33,"column":3}},"loc":{"start":{"line":31,"column":30},"end":{"line":33,"column":3}},"line":31},"3":{"name":"changeVideoStatus","decl":{"start":{"line":54,"column":28},"end":{"line":61,"column":3}},"loc":{"start":{"line":54,"column":28},"end":{"line":61,"column":3}},"line":54},"4":{"name":"onYes","decl":{"start":{"line":78,"column":76},"end":{"line":78,"column":108}},"loc":{"start":{"line":78,"column":76},"end":{"line":78,"column":108}},"line":78},"5":{"name":"onClick","decl":{"start":{"line":83,"column":71},"end":{"line":83,"column":99}},"loc":{"start":{"line":83,"column":71},"end":{"line":83,"column":99}},"line":83},"6":{"name":"close","decl":{"start":{"line":97,"column":77},"end":{"line":97,"column":111}},"loc":{"start":{"line":97,"column":77},"end":{"line":97,"column":111}},"line":97}},"f":{"0":12,"1":1,"2":1,"3":0,"4":0,"5":1,"6":2}}
,"D:\\source\\interview\\youtube-video-sharing\\src\\components\\Popup.tsx": {"path":"D:\\source\\interview\\youtube-video-sharing\\src\\components\\Popup.tsx","all":false,"statementMap":{"0":{"start":{"line":1,"column":0},"end":{"line":1,"column":21}},"1":{"start":{"line":2,"column":0},"end":{"line":2,"column":17}},"2":{"start":{"line":3,"column":0},"end":{"line":3,"column":26}},"3":{"start":{"line":4,"column":0},"end":{"line":4,"column":28}},"4":{"start":{"line":5,"column":0},"end":{"line":5,"column":18}},"5":{"start":{"line":6,"column":0},"end":{"line":6,"column":40}},"6":{"start":{"line":7,"column":0},"end":{"line":7,"column":42}},"7":{"start":{"line":8,"column":0},"end":{"line":8,"column":20}},"8":{"start":{"line":9,"column":0},"end":{"line":9,"column":22}},"9":{"start":{"line":10,"column":0},"end":{"line":10,"column":25}},"10":{"start":{"line":11,"column":0},"end":{"line":11,"column":1}},"11":{"start":{"line":12,"column":0},"end":{"line":12,"column":0}},"12":{"start":{"line":13,"column":0},"end":{"line":13,"column":139}},"13":{"start":{"line":14,"column":0},"end":{"line":14,"column":10}},"14":{"start":{"line":15,"column":0},"end":{"line":15,"column":204}},"15":{"start":{"line":16,"column":0},"end":{"line":16,"column":223}},"16":{"start":{"line":17,"column":0},"end":{"line":17,"column":20}},"17":{"start":{"line":18,"column":0},"end":{"line":18,"column":12}},"18":{"start":{"line":19,"column":0},"end":{"line":19,"column":40}},"19":{"start":{"line":20,"column":0},"end":{"line":20,"column":70}},"20":{"start":{"line":21,"column":0},"end":{"line":21,"column":18}},"21":{"start":{"line":22,"column":0},"end":{"line":22,"column":41}},"22":{"start":{"line":23,"column":0},"end":{"line":23,"column":32}},"23":{"start":{"line":24,"column":0},"end":{"line":24,"column":18}},"24":{"start":{"line":25,"column":0},"end":{"line":25,"column":75}},"25":{"start":{"line":26,"column":0},"end":{"line":26,"column":113}},"26":{"start":{"line":27,"column":0},"end":{"line":27,"column":113}},"27":{"start":{"line":28,"column":0},"end":{"line":28,"column":18}},"28":{"start":{"line":29,"column":0},"end":{"line":29,"column":13}},"29":{"start":{"line":30,"column":0},"end":{"line":30,"column":10}},"30":{"start":{"line":31,"column":0},"end":{"line":31,"column":12}},"31":{"start":{"line":32,"column":0},"end":{"line":32,"column":10}},"32":{"start":{"line":33,"column":0},"end":{"line":33,"column":3}},"33":{"start":{"line":34,"column":0},"end":{"line":34,"column":1}},"34":{"start":{"line":35,"column":0},"end":{"line":35,"column":0}},"35":{"start":{"line":36,"column":0},"end":{"line":36,"column":20}}},"s":{"0":1,"1":1,"2":1,"3":1,"4":1,"5":1,"6":1,"7":1,"8":1,"9":1,"10":1,"11":1,"12":1,"13":9,"14":9,"15":9,"16":9,"17":2,"18":2,"19":2,"20":2,"21":2,"22":2,"23":2,"24":2,"25":2,"26":2,"27":2,"28":2,"29":9,"30":9,"31":9,"32":9,"33":9,"34":1,"35":1},"branchMap":{"0":{"type":"branch","line":13,"loc":{"start":{"line":13,"column":14},"end":{"line":34,"column":1}},"locations":[{"start":{"line":13,"column":14},"end":{"line":34,"column":1}}]},"1":{"type":"branch","line":15,"loc":{"start":{"line":15,"column":120},"end":{"line":15,"column":154}},"locations":[{"start":{"line":15,"column":120},"end":{"line":15,"column":154}}]},"2":{"type":"branch","line":15,"loc":{"start":{"line":15,"column":129},"end":{"line":15,"column":177}},"locations":[{"start":{"line":15,"column":129},"end":{"line":15,"column":177}}]},"3":{"type":"branch","line":16,"loc":{"start":{"line":16,"column":155},"end":{"line":16,"column":183}},"locations":[{"start":{"line":16,"column":155},"end":{"line":16,"column":183}}]},"4":{"type":"branch","line":16,"loc":{"start":{"line":16,"column":164},"end":{"line":16,"column":192}},"locations":[{"start":{"line":16,"column":164},"end":{"line":16,"column":192}}]},"5":{"type":"branch","line":17,"loc":{"start":{"line":17,"column":9},"end":{"line":29,"column":13}},"locations":[{"start":{"line":17,"column":9},"end":{"line":29,"column":13}}]},"6":{"type":"branch","line":27,"loc":{"start":{"line":27,"column":70},"end":{"line":27,"column":94}},"locations":[{"start":{"line":27,"column":70},"end":{"line":27,"column":94}}]}},"b":{"0":[9],"1":[2],"2":[7],"3":[2],"4":[7],"5":[2],"6":[1]},"fnMap":{"0":{"name":"Popup","decl":{"start":{"line":13,"column":14},"end":{"line":34,"column":1}},"loc":{"start":{"line":13,"column":14},"end":{"line":34,"column":1}},"line":13},"1":{"name":"onClick","decl":{"start":{"line":26,"column":66},"end":{"line":26,"column":92}},"loc":{"start":{"line":26,"column":66},"end":{"line":26,"column":92}},"line":26},"2":{"name":"onClick","decl":{"start":{"line":27,"column":70},"end":{"line":27,"column":94}},"loc":{"start":{"line":27,"column":70},"end":{"line":27,"column":94}},"line":27}},"f":{"0":9,"1":0,"2":1}}
,"D:\\source\\interview\\youtube-video-sharing\\src\\components\\PopupLogin.tsx": {"path":"D:\\source\\interview\\youtube-video-sharing\\src\\components\\PopupLogin.tsx","all":false,"statementMap":{"0":{"start":{"line":1,"column":0},"end":{"line":1,"column":43}},"1":{"start":{"line":2,"column":0},"end":{"line":2,"column":0}},"2":{"start":{"line":3,"column":0},"end":{"line":3,"column":38}},"3":{"start":{"line":4,"column":0},"end":{"line":4,"column":0}},"4":{"start":{"line":5,"column":0},"end":{"line":5,"column":47}},"5":{"start":{"line":6,"column":0},"end":{"line":6,"column":0}},"6":{"start":{"line":7,"column":0},"end":{"line":7,"column":21}},"7":{"start":{"line":8,"column":0},"end":{"line":8,"column":18}},"8":{"start":{"line":9,"column":0},"end":{"line":9,"column":20}},"9":{"start":{"line":10,"column":0},"end":{"line":10,"column":1}},"10":{"start":{"line":11,"column":0},"end":{"line":11,"column":0}},"11":{"start":{"line":12,"column":0},"end":{"line":12,"column":42}},"12":{"start":{"line":13,"column":0},"end":{"line":13,"column":46}},"13":{"start":{"line":14,"column":0},"end":{"line":14,"column":14}},"14":{"start":{"line":15,"column":0},"end":{"line":15,"column":16}},"15":{"start":{"line":16,"column":0},"end":{"line":16,"column":4}},"16":{"start":{"line":17,"column":0},"end":{"line":17,"column":52}},"17":{"start":{"line":18,"column":0},"end":{"line":18,"column":17}},"18":{"start":{"line":19,"column":0},"end":{"line":19,"column":14}},"19":{"start":{"line":20,"column":0},"end":{"line":20,"column":17}},"20":{"start":{"line":21,"column":0},"end":{"line":21,"column":19}},"21":{"start":{"line":22,"column":0},"end":{"line":22,"column":4}},"22":{"start":{"line":23,"column":0},"end":{"line":23,"column":45}},"23":{"start":{"line":24,"column":0},"end":{"line":24,"column":53}},"24":{"start":{"line":25,"column":0},"end":{"line":25,"column":0}},"25":{"start":{"line":26,"column":0},"end":{"line":26,"column":2}},"26":{"start":{"line":27,"column":0},"end":{"line":27,"column":81}},"27":{"start":{"line":28,"column":0},"end":{"line":28,"column":76}},"28":{"start":{"line":29,"column":0},"end":{"line":29,"column":4}},"29":{"start":{"line":30,"column":0},"end":{"line":30,"column":0}},"30":{"start":{"line":31,"column":0},"end":{"line":31,"column":84}},"31":{"start":{"line":32,"column":0},"end":{"line":32,"column":82}},"32":{"start":{"line":33,"column":0},"end":{"line":33,"column":4}},"33":{"start":{"line":34,"column":0},"end":{"line":34,"column":0}},"34":{"start":{"line":35,"column":0},"end":{"line":35,"column":24}},"35":{"start":{"line":36,"column":0},"end":{"line":36,"column":21}},"36":{"start":{"line":37,"column":0},"end":{"line":37,"column":16}},"37":{"start":{"line":38,"column":0},"end":{"line":38,"column":12}},"38":{"start":{"line":39,"column":0},"end":{"line":39,"column":13}},"39":{"start":{"line":40,"column":0},"end":{"line":40,"column":5}},"40":{"start":{"line":41,"column":0},"end":{"line":41,"column":3}},"41":{"start":{"line":42,"column":0},"end":{"line":42,"column":2}},"42":{"start":{"line":43,"column":0},"end":{"line":43,"column":29}},"43":{"start":{"line":44,"column":0},"end":{"line":44,"column":9}},"44":{"start":{"line":45,"column":0},"end":{"line":45,"column":43}},"45":{"start":{"line":46,"column":0},"end":{"line":46,"column":32}},"46":{"start":{"line":47,"column":0},"end":{"line":47,"column":28}},"47":{"start":{"line":48,"column":0},"end":{"line":48,"column":14}},"48":{"start":{"line":49,"column":0},"end":{"line":49,"column":7}},"49":{"start":{"line":50,"column":0},"end":{"line":50,"column":56}},"50":{"start":{"line":51,"column":0},"end":{"line":51,"column":19}},"51":{"start":{"line":52,"column":0},"end":{"line":52,"column":21}},"52":{"start":{"line":53,"column":0},"end":{"line":53,"column":18}},"53":{"start":{"line":54,"column":0},"end":{"line":54,"column":5}},"54":{"start":{"line":55,"column":0},"end":{"line":55,"column":3}},"55":{"start":{"line":56,"column":0},"end":{"line":56,"column":32}},"56":{"start":{"line":57,"column":0},"end":{"line":57,"column":9}},"57":{"start":{"line":58,"column":0},"end":{"line":58,"column":68}},"58":{"start":{"line":59,"column":0},"end":{"line":59,"column":60}},"59":{"start":{"line":60,"column":0},"end":{"line":60,"column":28}},"60":{"start":{"line":61,"column":0},"end":{"line":61,"column":14}},"61":{"start":{"line":62,"column":0},"end":{"line":62,"column":7}},"62":{"start":{"line":63,"column":0},"end":{"line":63,"column":36}},"63":{"start":{"line":64,"column":0},"end":{"line":64,"column":58}},"64":{"start":{"line":65,"column":0},"end":{"line":65,"column":14}},"65":{"start":{"line":66,"column":0},"end":{"line":66,"column":7}},"66":{"start":{"line":67,"column":0},"end":{"line":67,"column":64}},"67":{"start":{"line":68,"column":0},"end":{"line":68,"column":20}},"68":{"start":{"line":69,"column":0},"end":{"line":69,"column":21}},"69":{"start":{"line":70,"column":0},"end":{"line":70,"column":14}},"70":{"start":{"line":71,"column":0},"end":{"line":71,"column":17}},"71":{"start":{"line":72,"column":0},"end":{"line":72,"column":9}},"72":{"start":{"line":73,"column":0},"end":{"line":73,"column":19}},"73":{"start":{"line":74,"column":0},"end":{"line":74,"column":21}},"74":{"start":{"line":75,"column":0},"end":{"line":75,"column":18}},"75":{"start":{"line":76,"column":0},"end":{"line":76,"column":5}},"76":{"start":{"line":77,"column":0},"end":{"line":77,"column":3}},"77":{"start":{"line":78,"column":0},"end":{"line":78,"column":19}},"78":{"start":{"line":79,"column":0},"end":{"line":79,"column":27}},"79":{"start":{"line":80,"column":0},"end":{"line":80,"column":20}},"80":{"start":{"line":81,"column":0},"end":{"line":81,"column":10}},"81":{"start":{"line":82,"column":0},"end":{"line":82,"column":185}},"82":{"start":{"line":83,"column":0},"end":{"line":83,"column":12}},"83":{"start":{"line":84,"column":0},"end":{"line":84,"column":23}},"84":{"start":{"line":85,"column":0},"end":{"line":85,"column":12}},"85":{"start":{"line":86,"column":0},"end":{"line":86,"column":138}},"86":{"start":{"line":87,"column":0},"end":{"line":87,"column":147}},"87":{"start":{"line":88,"column":0},"end":{"line":88,"column":159}},"88":{"start":{"line":89,"column":0},"end":{"line":89,"column":159}},"89":{"start":{"line":90,"column":0},"end":{"line":90,"column":166}},"90":{"start":{"line":91,"column":0},"end":{"line":91,"column":13}},"91":{"start":{"line":92,"column":0},"end":{"line":92,"column":13}},"92":{"start":{"line":93,"column":0},"end":{"line":93,"column":12}},"93":{"start":{"line":94,"column":0},"end":{"line":94,"column":124}},"94":{"start":{"line":95,"column":0},"end":{"line":95,"column":153}},"95":{"start":{"line":96,"column":0},"end":{"line":96,"column":13}},"96":{"start":{"line":97,"column":0},"end":{"line":97,"column":10}},"97":{"start":{"line":98,"column":0},"end":{"line":98,"column":36}},"98":{"start":{"line":99,"column":0},"end":{"line":99,"column":109}},"99":{"start":{"line":100,"column":0},"end":{"line":100,"column":83}},"100":{"start":{"line":101,"column":0},"end":{"line":101,"column":19}},"101":{"start":{"line":102,"column":0},"end":{"line":102,"column":14}},"102":{"start":{"line":103,"column":0},"end":{"line":103,"column":13}},"103":{"start":{"line":104,"column":0},"end":{"line":104,"column":12}},"104":{"start":{"line":105,"column":0},"end":{"line":105,"column":3}},"105":{"start":{"line":106,"column":0},"end":{"line":106,"column":1}},"106":{"start":{"line":107,"column":0},"end":{"line":107,"column":0}},"107":{"start":{"line":108,"column":0},"end":{"line":108,"column":25}}},"s":{"0":1,"1":1,"2":1,"3":1,"4":1,"5":1,"6":1,"7":1,"8":1,"9":1,"10":1,"11":1,"12":4,"13":4,"14":4,"15":4,"16":4,"17":4,"18":4,"19":4,"20":4,"21":4,"22":4,"23":4,"24":4,"25":4,"26":4,"27":0,"28":0,"29":4,"30":4,"31":0,"32":0,"33":4,"34":4,"35":0,"36":0,"37":0,"38":0,"39":0,"40":0,"41":4,"42":4,"43":0,"44":0,"45":0,"46":0,"47":0,"48":0,"49":0,"50":0,"51":0,"52":0,"53":0,"54":0,"55":4,"56":0,"57":0,"58":0,"59":0,"60":0,"61":0,"62":0,"63":0,"64":0,"65":0,"66":0,"67":0,"68":0,"69":0,"70":0,"71":0,"72":0,"73":0,"74":0,"75":0,"76":0,"77":4,"78":3,"79":4,"80":4,"81":4,"82":4,"83":4,"84":0,"85":0,"86":0,"87":0,"88":0,"89":0,"90":0,"91":4,"92":4,"93":4,"94":4,"95":4,"96":4,"97":4,"98":4,"99":4,"100":4,"101":4,"102":4,"103":4,"104":4,"105":4,"106":1,"107":1},"branchMap":{"0":{"type":"branch","line":12,"loc":{"start":{"line":12,"column":19},"end":{"line":106,"column":1}},"locations":[{"start":{"line":12,"column":19},"end":{"line":106,"column":1}}]},"1":{"type":"branch","line":82,"loc":{"start":{"line":82,"column":18},"end":{"line":82,"column":44}},"locations":[{"start":{"line":82,"column":18},"end":{"line":82,"column":44}}]},"2":{"type":"branch","line":82,"loc":{"start":{"line":82,"column":126},"end":{"line":82,"column":152}},"locations":[{"start":{"line":82,"column":126},"end":{"line":82,"column":152}}]},"3":{"type":"branch","line":84,"loc":{"start":{"line":84,"column":9},"end":{"line":91,"column":13}},"locations":[{"start":{"line":84,"column":9},"end":{"line":91,"column":13}}]},"4":{"type":"branch","line":100,"loc":{"start":{"line":100,"column":13},"end":{"line":100,"column":44}},"locations":[{"start":{"line":100,"column":13},"end":{"line":100,"column":44}}]},"5":{"type":"branch","line":78,"loc":{"start":{"line":78,"column":12},"end":{"line":80,"column":5}},"locations":[{"start":{"line":78,"column":12},"end":{"line":80,"column":5}}]}},"b":{"0":[4],"1":[0],"2":[0],"3":[0],"4":[0],"5":[3]},"fnMap":{"0":{"name":"PopupLogin","decl":{"start":{"line":12,"column":19},"end":{"line":106,"column":1}},"loc":{"start":{"line":12,"column":19},"end":{"line":106,"column":1}},"line":12},"1":{"name":"handleChangeFormLogin","decl":{"start":{"line":27,"column":32},"end":{"line":29,"column":4}},"loc":{"start":{"line":27,"column":32},"end":{"line":29,"column":4}},"line":27},"2":{"name":"handleChangeFormRegister","decl":{"start":{"line":31,"column":35},"end":{"line":33,"column":4}},"loc":{"start":{"line":31,"column":35},"end":{"line":33,"column":4}},"line":31},"3":{"name":"onSave","decl":{"start":{"line":35,"column":17},"end":{"line":41,"column":3}},"loc":{"start":{"line":35,"column":17},"end":{"line":41,"column":3}},"line":35},"4":{"name":"login","decl":{"start":{"line":43,"column":16},"end":{"line":55,"column":3}},"loc":{"start":{"line":43,"column":16},"end":{"line":55,"column":3}},"line":43},"5":{"name":"register","decl":{"start":{"line":56,"column":19},"end":{"line":77,"column":3}},"loc":{"start":{"line":56,"column":19},"end":{"line":77,"column":3}},"line":56},"6":{"name":"onCancel","decl":{"start":{"line":82,"column":95},"end":{"line":82,"column":116}},"loc":{"start":{"line":82,"column":95},"end":{"line":82,"column":116}},"line":82},"7":{"name":"onClick","decl":{"start":{"line":99,"column":75},"end":{"line":99,"column":109}},"loc":{"start":{"line":99,"column":75},"end":{"line":99,"column":109}},"line":99}},"f":{"0":4,"1":0,"2":0,"3":0,"4":0,"5":0,"6":0,"7":0}}
,"D:\\source\\interview\\youtube-video-sharing\\src\\components\\PopupVideo.tsx": {"path":"D:\\source\\interview\\youtube-video-sharing\\src\\components\\PopupVideo.tsx","all":false,"statementMap":{"0":{"start":{"line":1,"column":0},"end":{"line":1,"column":44}},"1":{"start":{"line":2,"column":0},"end":{"line":2,"column":41}},"2":{"start":{"line":3,"column":0},"end":{"line":3,"column":0}},"3":{"start":{"line":4,"column":0},"end":{"line":4,"column":50}},"4":{"start":{"line":5,"column":0},"end":{"line":5,"column":0}},"5":{"start":{"line":6,"column":0},"end":{"line":6,"column":42}},"6":{"start":{"line":7,"column":0},"end":{"line":7,"column":46}},"7":{"start":{"line":8,"column":0},"end":{"line":8,"column":53}},"8":{"start":{"line":9,"column":0},"end":{"line":9,"column":0}},"9":{"start":{"line":10,"column":0},"end":{"line":10,"column":47}},"10":{"start":{"line":11,"column":0},"end":{"line":11,"column":0}},"11":{"start":{"line":12,"column":0},"end":{"line":12,"column":21}},"12":{"start":{"line":13,"column":0},"end":{"line":13,"column":18}},"13":{"start":{"line":14,"column":0},"end":{"line":14,"column":18}},"14":{"start":{"line":15,"column":0},"end":{"line":15,"column":27}},"15":{"start":{"line":16,"column":0},"end":{"line":16,"column":23}},"16":{"start":{"line":17,"column":0},"end":{"line":17,"column":1}},"17":{"start":{"line":18,"column":0},"end":{"line":18,"column":0}},"18":{"start":{"line":19,"column":0},"end":{"line":19,"column":86}},"19":{"start":{"line":20,"column":0},"end":{"line":20,"column":52}},"20":{"start":{"line":21,"column":0},"end":{"line":21,"column":68}},"21":{"start":{"line":22,"column":0},"end":{"line":22,"column":36}},"22":{"start":{"line":23,"column":0},"end":{"line":23,"column":9}},"23":{"start":{"line":24,"column":0},"end":{"line":24,"column":60}},"24":{"start":{"line":25,"column":0},"end":{"line":25,"column":67}},"25":{"start":{"line":26,"column":0},"end":{"line":26,"column":24}},"26":{"start":{"line":27,"column":0},"end":{"line":27,"column":21}},"27":{"start":{"line":28,"column":0},"end":{"line":28,"column":24}},"28":{"start":{"line":29,"column":0},"end":{"line":29,"column":5}},"29":{"start":{"line":30,"column":0},"end":{"line":30,"column":3}},"30":{"start":{"line":31,"column":0},"end":{"line":31,"column":48}},"31":{"start":{"line":32,"column":0},"end":{"line":32,"column":33}},"32":{"start":{"line":33,"column":0},"end":{"line":33,"column":13}},"33":{"start":{"line":34,"column":0},"end":{"line":34,"column":5}},"34":{"start":{"line":35,"column":0},"end":{"line":35,"column":3}},"35":{"start":{"line":36,"column":0},"end":{"line":36,"column":19}},"36":{"start":{"line":37,"column":0},"end":{"line":37,"column":17}},"37":{"start":{"line":38,"column":0},"end":{"line":38,"column":20}},"38":{"start":{"line":39,"column":0},"end":{"line":39,"column":54}},"39":{"start":{"line":40,"column":0},"end":{"line":40,"column":12}},"40":{"start":{"line":41,"column":0},"end":{"line":41,"column":57}},"41":{"start":{"line":42,"column":0},"end":{"line":42,"column":5}},"42":{"start":{"line":43,"column":0},"end":{"line":43,"column":10}},"43":{"start":{"line":44,"column":0},"end":{"line":44,"column":23}},"44":{"start":{"line":45,"column":0},"end":{"line":45,"column":10}},"45":{"start":{"line":46,"column":0},"end":{"line":46,"column":6}},"46":{"start":{"line":47,"column":0},"end":{"line":47,"column":208}},"47":{"start":{"line":48,"column":0},"end":{"line":48,"column":20}},"48":{"start":{"line":49,"column":0},"end":{"line":49,"column":190}},"49":{"start":{"line":50,"column":0},"end":{"line":50,"column":10}},"50":{"start":{"line":51,"column":0},"end":{"line":51,"column":251}},"51":{"start":{"line":52,"column":0},"end":{"line":52,"column":22}},"52":{"start":{"line":53,"column":0},"end":{"line":53,"column":14}},"53":{"start":{"line":54,"column":0},"end":{"line":54,"column":27}},"54":{"start":{"line":55,"column":0},"end":{"line":55,"column":15}},"55":{"start":{"line":56,"column":0},"end":{"line":56,"column":18}},"56":{"start":{"line":57,"column":0},"end":{"line":57,"column":85}},"57":{"start":{"line":58,"column":0},"end":{"line":58,"column":101}},"58":{"start":{"line":59,"column":0},"end":{"line":59,"column":23}},"59":{"start":{"line":60,"column":0},"end":{"line":60,"column":22}},"60":{"start":{"line":61,"column":0},"end":{"line":61,"column":46}},"61":{"start":{"line":62,"column":0},"end":{"line":62,"column":80}},"62":{"start":{"line":63,"column":0},"end":{"line":63,"column":33}},"63":{"start":{"line":64,"column":0},"end":{"line":64,"column":99}},"64":{"start":{"line":65,"column":0},"end":{"line":65,"column":83}},"65":{"start":{"line":66,"column":0},"end":{"line":66,"column":51}},"66":{"start":{"line":67,"column":0},"end":{"line":67,"column":43}},"67":{"start":{"line":68,"column":0},"end":{"line":68,"column":44}},"68":{"start":{"line":69,"column":0},"end":{"line":69,"column":27}},"69":{"start":{"line":70,"column":0},"end":{"line":70,"column":35}},"70":{"start":{"line":71,"column":0},"end":{"line":71,"column":30}},"71":{"start":{"line":72,"column":0},"end":{"line":72,"column":28}},"72":{"start":{"line":73,"column":0},"end":{"line":73,"column":67}},"73":{"start":{"line":74,"column":0},"end":{"line":74,"column":87}},"74":{"start":{"line":75,"column":0},"end":{"line":75,"column":28}},"75":{"start":{"line":76,"column":0},"end":{"line":76,"column":23}},"76":{"start":{"line":77,"column":0},"end":{"line":77,"column":20}},"77":{"start":{"line":78,"column":0},"end":{"line":78,"column":19}},"78":{"start":{"line":79,"column":0},"end":{"line":79,"column":19}},"79":{"start":{"line":80,"column":0},"end":{"line":80,"column":105}},"80":{"start":{"line":81,"column":0},"end":{"line":81,"column":16}},"81":{"start":{"line":82,"column":0},"end":{"line":82,"column":15}},"82":{"start":{"line":83,"column":0},"end":{"line":83,"column":12}},"83":{"start":{"line":84,"column":0},"end":{"line":84,"column":14}},"84":{"start":{"line":85,"column":0},"end":{"line":85,"column":12}},"85":{"start":{"line":86,"column":0},"end":{"line":86,"column":7}},"86":{"start":{"line":87,"column":0},"end":{"line":87,"column":3}},"87":{"start":{"line":88,"column":0},"end":{"line":88,"column":1}},"88":{"start":{"line":89,"column":0},"end":{"line":89,"column":0}},"89":{"start":{"line":90,"column":0},"end":{"line":90,"column":25}}},"s":{"0":1,"1":1,"2":1,"3":1,"4":1,"5":1,"6":1,"7":1,"8":1,"9":1,"10":1,"11":1,"12":1,"13":1,"14":1,"15":1,"16":1,"17":1,"18":1,"19":11,"20":11,"21":11,"22":1,"23":1,"24":1,"25":1,"26":1,"27":0,"28":0,"29":1,"30":11,"31":0,"32":0,"33":0,"34":0,"35":11,"36":8,"37":1,"38":1,"39":8,"40":7,"41":7,"42":8,"43":11,"44":11,"45":11,"46":11,"47":11,"48":2,"49":11,"50":11,"51":11,"52":2,"53":2,"54":1,"55":1,"56":1,"57":0,"58":1,"59":1,"60":1,"61":1,"62":1,"63":1,"64":1,"65":1,"66":1,"67":1,"68":1,"69":1,"70":1,"71":1,"72":1,"73":1,"74":1,"75":1,"76":1,"77":1,"78":1,"79":1,"80":2,"81":2,"82":11,"83":11,"84":11,"85":11,"86":11,"87":11,"88":1,"89":1},"branchMap":{"0":{"type":"branch","line":19,"loc":{"start":{"line":19,"column":19},"end":{"line":88,"column":1}},"locations":[{"start":{"line":19,"column":19},"end":{"line":88,"column":1}}]},"1":{"type":"branch","line":47,"loc":{"start":{"line":47,"column":116},"end":{"line":47,"column":150}},"locations":[{"start":{"line":47,"column":116},"end":{"line":47,"column":150}}]},"2":{"type":"branch","line":47,"loc":{"start":{"line":47,"column":125},"end":{"line":47,"column":171}},"locations":[{"start":{"line":47,"column":125},"end":{"line":47,"column":171}}]},"3":{"type":"branch","line":48,"loc":{"start":{"line":48,"column":9},"end":{"line":49,"column":190}},"locations":[{"start":{"line":48,"column":9},"end":{"line":49,"column":190}}]},"4":{"type":"branch","line":51,"loc":{"start":{"line":51,"column":177},"end":{"line":51,"column":205}},"locations":[{"start":{"line":51,"column":177},"end":{"line":51,"column":205}}]},"5":{"type":"branch","line":51,"loc":{"start":{"line":51,"column":186},"end":{"line":51,"column":214}},"locations":[{"start":{"line":51,"column":186},"end":{"line":51,"column":214}}]},"6":{"type":"branch","line":52,"loc":{"start":{"line":52,"column":11},"end":{"line":82,"column":15}},"locations":[{"start":{"line":52,"column":11},"end":{"line":82,"column":15}}]},"7":{"type":"branch","line":54,"loc":{"start":{"line":54,"column":15},"end":{"line":78,"column":19}},"locations":[{"start":{"line":54,"column":15},"end":{"line":78,"column":19}}]},"8":{"type":"branch","line":57,"loc":{"start":{"line":57,"column":78},"end":{"line":58,"column":101}},"locations":[{"start":{"line":57,"column":78},"end":{"line":58,"column":101}}]},"9":{"type":"branch","line":78,"loc":{"start":{"line":78,"column":16},"end":{"line":80,"column":105}},"locations":[{"start":{"line":78,"column":16},"end":{"line":80,"column":105}}]},"10":{"type":"branch","line":22,"loc":{"start":{"line":22,"column":23},"end":{"line":30,"column":3}},"locations":[{"start":{"line":22,"column":23},"end":{"line":30,"column":3}}]},"11":{"type":"branch","line":27,"loc":{"start":{"line":27,"column":4},"end":{"line":29,"column":5}},"locations":[{"start":{"line":27,"column":4},"end":{"line":29,"column":5}}]},"12":{"type":"branch","line":36,"loc":{"start":{"line":36,"column":12},"end":{"line":44,"column":5}},"locations":[{"start":{"line":36,"column":12},"end":{"line":44,"column":5}}]},"13":{"type":"branch","line":37,"loc":{"start":{"line":37,"column":16},"end":{"line":40,"column":11}},"locations":[{"start":{"line":37,"column":16},"end":{"line":40,"column":11}}]},"14":{"type":"branch","line":40,"loc":{"start":{"line":40,"column":4},"end":{"line":42,"column":5}},"locations":[{"start":{"line":40,"column":4},"end":{"line":42,"column":5}}]},"15":{"type":"branch","line":47,"loc":{"start":{"line":47,"column":193},"end":{"line":47,"column":208}},"locations":[{"start":{"line":47,"column":193},"end":{"line":47,"column":208}}]},"16":{"type":"branch","line":49,"loc":{"start":{"line":49,"column":158},"end":{"line":49,"column":173}},"locations":[{"start":{"line":49,"column":158},"end":{"line":49,"column":173}}]}},"b":{"0":[11],"1":[2],"2":[8],"3":[2],"4":[2],"5":[8],"6":[2],"7":[1],"8":[0],"9":[1],"10":[1],"11":[0],"12":[8],"13":[1],"14":[7],"15":[1],"16":[1]},"fnMap":{"0":{"name":"PopupVideo","decl":{"start":{"line":19,"column":19},"end":{"line":88,"column":1}},"loc":{"start":{"line":19,"column":19},"end":{"line":88,"column":1}},"line":19},"1":{"name":"getVideoData","decl":{"start":{"line":22,"column":23},"end":{"line":30,"column":3}},"loc":{"start":{"line":22,"column":23},"end":{"line":30,"column":3}},"line":22},"2":{"name":"closeOnEsc","decl":{"start":{"line":31,"column":21},"end":{"line":35,"column":3}},"loc":{"start":{"line":31,"column":21},"end":{"line":35,"column":3}},"line":31},"3":{"name":"onClick","decl":{"start":{"line":47,"column":193},"end":{"line":47,"column":208}},"loc":{"start":{"line":47,"column":193},"end":{"line":47,"column":208}},"line":47},"4":{"name":"onClick","decl":{"start":{"line":49,"column":158},"end":{"line":49,"column":173}},"loc":{"start":{"line":49,"column":158},"end":{"line":49,"column":173}},"line":49}},"f":{"0":11,"1":1,"2":0,"3":1,"4":1}}
,"D:\\source\\interview\\youtube-video-sharing\\src\\components\\RecommendLogin.tsx": {"path":"D:\\source\\interview\\youtube-video-sharing\\src\\components\\RecommendLogin.tsx","all":false,"statementMap":{"0":{"start":{"line":1,"column":0},"end":{"line":1,"column":30}},"1":{"start":{"line":2,"column":0},"end":{"line":2,"column":27}},"2":{"start":{"line":3,"column":0},"end":{"line":3,"column":72}},"3":{"start":{"line":4,"column":0},"end":{"line":4,"column":19}},"4":{"start":{"line":5,"column":0},"end":{"line":5,"column":22}},"5":{"start":{"line":6,"column":0},"end":{"line":6,"column":5}},"6":{"start":{"line":7,"column":0},"end":{"line":7,"column":3}},"7":{"start":{"line":8,"column":0},"end":{"line":8,"column":0}},"8":{"start":{"line":9,"column":0},"end":{"line":9,"column":10}},"9":{"start":{"line":10,"column":0},"end":{"line":10,"column":33}},"10":{"start":{"line":11,"column":0},"end":{"line":11,"column":83}},"11":{"start":{"line":12,"column":0},"end":{"line":12,"column":113}},"12":{"start":{"line":13,"column":0},"end":{"line":13,"column":10}},"13":{"start":{"line":14,"column":0},"end":{"line":14,"column":3}},"14":{"start":{"line":15,"column":0},"end":{"line":15,"column":1}},"15":{"start":{"line":16,"column":0},"end":{"line":16,"column":0}},"16":{"start":{"line":17,"column":0},"end":{"line":17,"column":29}}},"s":{"0":1,"1":0,"2":0,"3":0,"4":0,"5":0,"6":0,"7":0,"8":0,"9":0,"10":0,"11":0,"12":0,"13":0,"14":0,"15":1,"16":1},"branchMap":{},"b":{},"fnMap":{"0":{"name":"RecommendLogin","decl":{"start":{"line":1,"column":23},"end":{"line":15,"column":1}},"loc":{"start":{"line":1,"column":23},"end":{"line":15,"column":1}},"line":1}},"f":{"0":0}}
,"D:\\source\\interview\\youtube-video-sharing\\src\\components\\VideoInfo.tsx": {"path":"D:\\source\\interview\\youtube-video-sharing\\src\\components\\VideoInfo.tsx","all":false,"statementMap":{"0":{"start":{"line":1,"column":0},"end":{"line":1,"column":32}},"1":{"start":{"line":2,"column":0},"end":{"line":2,"column":41}},"2":{"start":{"line":3,"column":0},"end":{"line":3,"column":36}},"3":{"start":{"line":4,"column":0},"end":{"line":4,"column":0}},"4":{"start":{"line":5,"column":0},"end":{"line":5,"column":41}},"5":{"start":{"line":6,"column":0},"end":{"line":6,"column":53}},"6":{"start":{"line":7,"column":0},"end":{"line":7,"column":0}},"7":{"start":{"line":8,"column":0},"end":{"line":8,"column":50}},"8":{"start":{"line":9,"column":0},"end":{"line":9,"column":57}},"9":{"start":{"line":10,"column":0},"end":{"line":10,"column":39}},"10":{"start":{"line":11,"column":0},"end":{"line":11,"column":54}},"11":{"start":{"line":12,"column":0},"end":{"line":12,"column":60}},"12":{"start":{"line":13,"column":0},"end":{"line":13,"column":0}},"13":{"start":{"line":14,"column":0},"end":{"line":14,"column":18}},"14":{"start":{"line":15,"column":0},"end":{"line":15,"column":26}},"15":{"start":{"line":16,"column":0},"end":{"line":16,"column":19}},"16":{"start":{"line":17,"column":0},"end":{"line":17,"column":28}},"17":{"start":{"line":18,"column":0},"end":{"line":18,"column":1}},"18":{"start":{"line":19,"column":0},"end":{"line":19,"column":0}},"19":{"start":{"line":20,"column":0},"end":{"line":20,"column":86}},"20":{"start":{"line":21,"column":0},"end":{"line":21,"column":52}},"21":{"start":{"line":22,"column":0},"end":{"line":22,"column":0}},"22":{"start":{"line":23,"column":0},"end":{"line":23,"column":51}},"23":{"start":{"line":24,"column":0},"end":{"line":24,"column":100}},"24":{"start":{"line":25,"column":0},"end":{"line":25,"column":106}},"25":{"start":{"line":26,"column":0},"end":{"line":26,"column":0}},"26":{"start":{"line":27,"column":0},"end":{"line":27,"column":136}},"27":{"start":{"line":28,"column":0},"end":{"line":28,"column":24}},"28":{"start":{"line":29,"column":0},"end":{"line":29,"column":23}},"29":{"start":{"line":30,"column":0},"end":{"line":30,"column":85}},"30":{"start":{"line":31,"column":0},"end":{"line":31,"column":74}},"31":{"start":{"line":32,"column":0},"end":{"line":32,"column":21}},"32":{"start":{"line":33,"column":0},"end":{"line":33,"column":24}},"33":{"start":{"line":34,"column":0},"end":{"line":34,"column":7}},"34":{"start":{"line":35,"column":0},"end":{"line":35,"column":12}},"35":{"start":{"line":36,"column":0},"end":{"line":36,"column":5}},"36":{"start":{"line":37,"column":0},"end":{"line":37,"column":20}},"37":{"start":{"line":38,"column":0},"end":{"line":38,"column":12}},"38":{"start":{"line":39,"column":0},"end":{"line":39,"column":5}},"39":{"start":{"line":40,"column":0},"end":{"line":40,"column":60}},"40":{"start":{"line":41,"column":0},"end":{"line":41,"column":72}},"41":{"start":{"line":42,"column":0},"end":{"line":42,"column":31}},"42":{"start":{"line":43,"column":0},"end":{"line":43,"column":68}},"43":{"start":{"line":44,"column":0},"end":{"line":44,"column":23}},"44":{"start":{"line":45,"column":0},"end":{"line":45,"column":28}},"45":{"start":{"line":46,"column":0},"end":{"line":46,"column":12}},"46":{"start":{"line":47,"column":0},"end":{"line":47,"column":35}},"47":{"start":{"line":48,"column":0},"end":{"line":48,"column":5}},"48":{"start":{"line":49,"column":0},"end":{"line":49,"column":82}},"49":{"start":{"line":50,"column":0},"end":{"line":50,"column":41}},"50":{"start":{"line":51,"column":0},"end":{"line":51,"column":28}},"51":{"start":{"line":52,"column":0},"end":{"line":52,"column":43}},"52":{"start":{"line":53,"column":0},"end":{"line":53,"column":6}},"53":{"start":{"line":54,"column":0},"end":{"line":54,"column":3}},"54":{"start":{"line":55,"column":0},"end":{"line":55,"column":0}},"55":{"start":{"line":56,"column":0},"end":{"line":56,"column":10}},"56":{"start":{"line":57,"column":0},"end":{"line":57,"column":42}},"57":{"start":{"line":58,"column":0},"end":{"line":58,"column":30}},"58":{"start":{"line":59,"column":0},"end":{"line":59,"column":64}},"59":{"start":{"line":60,"column":0},"end":{"line":60,"column":147}},"60":{"start":{"line":61,"column":0},"end":{"line":61,"column":59}},"61":{"start":{"line":62,"column":0},"end":{"line":62,"column":15}},"62":{"start":{"line":63,"column":0},"end":{"line":63,"column":136}},"63":{"start":{"line":64,"column":0},"end":{"line":64,"column":43}},"64":{"start":{"line":65,"column":0},"end":{"line":65,"column":145}},"65":{"start":{"line":66,"column":0},"end":{"line":66,"column":16}},"66":{"start":{"line":67,"column":0},"end":{"line":67,"column":49}},"67":{"start":{"line":68,"column":0},"end":{"line":68,"column":54}},"68":{"start":{"line":69,"column":0},"end":{"line":69,"column":16}},"69":{"start":{"line":70,"column":0},"end":{"line":70,"column":14}},"70":{"start":{"line":71,"column":0},"end":{"line":71,"column":28}},"71":{"start":{"line":72,"column":0},"end":{"line":72,"column":45}},"72":{"start":{"line":73,"column":0},"end":{"line":73,"column":249}},"73":{"start":{"line":74,"column":0},"end":{"line":74,"column":81}},"74":{"start":{"line":75,"column":0},"end":{"line":75,"column":21}},"75":{"start":{"line":76,"column":0},"end":{"line":76,"column":263}},"76":{"start":{"line":77,"column":0},"end":{"line":77,"column":84}},"77":{"start":{"line":78,"column":0},"end":{"line":78,"column":21}},"78":{"start":{"line":79,"column":0},"end":{"line":79,"column":16}},"79":{"start":{"line":80,"column":0},"end":{"line":80,"column":10}},"80":{"start":{"line":81,"column":0},"end":{"line":81,"column":29}},"81":{"start":{"line":82,"column":0},"end":{"line":82,"column":12}},"82":{"start":{"line":83,"column":0},"end":{"line":83,"column":61}},"83":{"start":{"line":84,"column":0},"end":{"line":84,"column":82}},"84":{"start":{"line":85,"column":0},"end":{"line":85,"column":70}},"85":{"start":{"line":86,"column":0},"end":{"line":86,"column":21}},"86":{"start":{"line":87,"column":0},"end":{"line":87,"column":97}},"87":{"start":{"line":88,"column":0},"end":{"line":88,"column":141}},"88":{"start":{"line":89,"column":0},"end":{"line":89,"column":22}},"89":{"start":{"line":90,"column":0},"end":{"line":90,"column":16}},"90":{"start":{"line":91,"column":0},"end":{"line":91,"column":18}},"91":{"start":{"line":92,"column":0},"end":{"line":92,"column":13}},"92":{"start":{"line":93,"column":0},"end":{"line":93,"column":10}},"93":{"start":{"line":94,"column":0},"end":{"line":94,"column":12}},"94":{"start":{"line":95,"column":0},"end":{"line":95,"column":10}},"95":{"start":{"line":96,"column":0},"end":{"line":96,"column":3}},"96":{"start":{"line":97,"column":0},"end":{"line":97,"column":1}},"97":{"start":{"line":98,"column":0},"end":{"line":98,"column":0}},"98":{"start":{"line":99,"column":0},"end":{"line":99,"column":24}}},"s":{"0":1,"1":1,"2":1,"3":1,"4":1,"5":1,"6":1,"7":1,"8":1,"9":1,"10":1,"11":1,"12":1,"13":1,"14":1,"15":1,"16":1,"17":1,"18":1,"19":1,"20":23,"21":23,"22":23,"23":23,"24":23,"25":23,"26":23,"27":0,"28":0,"29":0,"30":0,"31":0,"32":0,"33":0,"34":0,"35":0,"36":0,"37":0,"38":0,"39":0,"40":0,"41":0,"42":0,"43":0,"44":0,"45":0,"46":0,"47":0,"48":0,"49":0,"50":0,"51":0,"52":0,"53":0,"54":23,"55":23,"56":23,"57":23,"58":23,"59":23,"60":23,"61":23,"62":23,"63":23,"64":23,"65":23,"66":23,"67":23,"68":23,"69":23,"70":23,"71":20,"72":20,"73":20,"74":20,"75":20,"76":20,"77":20,"78":20,"79":23,"80":23,"81":1,"82":1,"83":1,"84":1,"85":0,"86":0,"87":0,"88":0,"89":1,"90":1,"91":1,"92":23,"93":23,"94":23,"95":23,"96":23,"97":1,"98":1},"branchMap":{"0":{"type":"branch","line":20,"loc":{"start":{"line":20,"column":18},"end":{"line":97,"column":1}},"locations":[{"start":{"line":20,"column":18},"end":{"line":97,"column":1}}]},"1":{"type":"branch","line":63,"loc":{"start":{"line":63,"column":109},"end":{"line":63,"column":122}},"locations":[{"start":{"line":63,"column":109},"end":{"line":63,"column":122}}]},"2":{"type":"branch","line":65,"loc":{"start":{"line":65,"column":118},"end":{"line":65,"column":131}},"locations":[{"start":{"line":65,"column":118},"end":{"line":65,"column":131}}]},"3":{"type":"branch","line":71,"loc":{"start":{"line":71,"column":9},"end":{"line":79,"column":16}},"locations":[{"start":{"line":71,"column":9},"end":{"line":79,"column":16}}]},"4":{"type":"branch","line":73,"loc":{"start":{"line":73,"column":192},"end":{"line":73,"column":216}},"locations":[{"start":{"line":73,"column":192},"end":{"line":73,"column":216}}]},"5":{"type":"branch","line":73,"loc":{"start":{"line":73,"column":196},"end":{"line":73,"column":236}},"locations":[{"start":{"line":73,"column":196},"end":{"line":73,"column":236}}]},"6":{"type":"branch","line":76,"loc":{"start":{"line":76,"column":206},"end":{"line":76,"column":230}},"locations":[{"start":{"line":76,"column":206},"end":{"line":76,"column":230}}]},"7":{"type":"branch","line":81,"loc":{"start":{"line":81,"column":9},"end":{"line":92,"column":13}},"locations":[{"start":{"line":81,"column":9},"end":{"line":92,"column":13}}]},"8":{"type":"branch","line":85,"loc":{"start":{"line":85,"column":55},"end":{"line":89,"column":22}},"locations":[{"start":{"line":85,"column":55},"end":{"line":89,"column":22}}]},"9":{"type":"branch","line":24,"loc":{"start":{"line":24,"column":23},"end":{"line":24,"column":100}},"locations":[{"start":{"line":24,"column":23},"end":{"line":24,"column":100}}]},"10":{"type":"branch","line":24,"loc":{"start":{"line":24,"column":90},"end":{"line":24,"column":99}},"locations":[{"start":{"line":24,"column":90},"end":{"line":24,"column":99}}]},"11":{"type":"branch","line":25,"loc":{"start":{"line":25,"column":26},"end":{"line":25,"column":106}},"locations":[{"start":{"line":25,"column":26},"end":{"line":25,"column":106}}]},"12":{"type":"branch","line":25,"loc":{"start":{"line":25,"column":96},"end":{"line":25,"column":105}},"locations":[{"start":{"line":25,"column":96},"end":{"line":25,"column":105}}]}},"b":{"0":[23],"1":[7],"2":[7],"3":[20],"4":[14],"5":[6],"6":[0],"7":[1],"8":[0],"9":[20],"10":[0],"11":[20],"12":[0]},"fnMap":{"0":{"name":"VideoInfo","decl":{"start":{"line":20,"column":18},"end":{"line":97,"column":1}},"loc":{"start":{"line":20,"column":18},"end":{"line":97,"column":1}},"line":20},"1":{"name":"checkIsLiked","decl":{"start":{"line":24,"column":23},"end":{"line":24,"column":100}},"loc":{"start":{"line":24,"column":23},"end":{"line":24,"column":100}},"line":24},"2":{"name":"checkIsDisLiked","decl":{"start":{"line":25,"column":26},"end":{"line":25,"column":106}},"loc":{"start":{"line":25,"column":26},"end":{"line":25,"column":106}},"line":25},"3":{"name":"reaction","decl":{"start":{"line":27,"column":19},"end":{"line":54,"column":3}},"loc":{"start":{"line":27,"column":19},"end":{"line":54,"column":3}},"line":27},"4":{"name":"onClick","decl":{"start":{"line":73,"column":29},"end":{"line":73,"column":72}},"loc":{"start":{"line":73,"column":29},"end":{"line":73,"column":72}},"line":73},"5":{"name":"onClick","decl":{"start":{"line":76,"column":29},"end":{"line":76,"column":75}},"loc":{"start":{"line":76,"column":29},"end":{"line":76,"column":75}},"line":76},"6":{"name":"onClick","decl":{"start":{"line":84,"column":50},"end":{"line":84,"column":82}},"loc":{"start":{"line":84,"column":50},"end":{"line":84,"column":82}},"line":84}},"f":{"0":23,"1":20,"2":20,"3":0,"4":0,"5":0,"6":0}}
,"D:\\source\\interview\\youtube-video-sharing\\src\\firebase\\config.ts": {"path":"D:\\source\\interview\\youtube-video-sharing\\src\\firebase\\config.ts","all":false,"statementMap":{"0":{"start":{"line":1,"column":0},"end":{"line":1,"column":44}},"1":{"start":{"line":2,"column":0},"end":{"line":2,"column":49}},"2":{"start":{"line":3,"column":0},"end":{"line":3,"column":45}},"3":{"start":{"line":4,"column":0},"end":{"line":4,"column":39}},"4":{"start":{"line":5,"column":0},"end":{"line":5,"column":0}},"5":{"start":{"line":6,"column":0},"end":{"line":6,"column":27}},"6":{"start":{"line":7,"column":0},"end":{"line":7,"column":48}},"7":{"start":{"line":8,"column":0},"end":{"line":8,"column":56}},"8":{"start":{"line":9,"column":0},"end":{"line":9,"column":54}},"9":{"start":{"line":10,"column":0},"end":{"line":10,"column":62}},"10":{"start":{"line":11,"column":0},"end":{"line":11,"column":71}},"11":{"start":{"line":12,"column":0},"end":{"line":12,"column":46}},"12":{"start":{"line":13,"column":0},"end":{"line":13,"column":62}},"13":{"start":{"line":14,"column":0},"end":{"line":14,"column":1}},"14":{"start":{"line":15,"column":0},"end":{"line":15,"column":26}},"15":{"start":{"line":16,"column":0},"end":{"line":16,"column":52}},"16":{"start":{"line":17,"column":0},"end":{"line":17,"column":36}},"17":{"start":{"line":18,"column":0},"end":{"line":18,"column":39}},"18":{"start":{"line":19,"column":0},"end":{"line":19,"column":33}},"19":{"start":{"line":20,"column":0},"end":{"line":20,"column":24}},"20":{"start":{"line":21,"column":0},"end":{"line":21,"column":0}},"21":{"start":{"line":22,"column":0},"end":{"line":22,"column":28}}},"s":{"0":1,"1":1,"2":1,"3":1,"4":1,"5":1,"6":1,"7":1,"8":1,"9":1,"10":1,"11":1,"12":1,"13":1,"14":1,"15":1,"16":1,"17":1,"18":1,"19":1,"20":1,"21":1},"branchMap":{},"b":{},"fnMap":{},"f":{}}
,"D:\\source\\interview\\youtube-video-sharing\\src\\firebase\\auth\\auth.ts": {"path":"D:\\source\\interview\\youtube-video-sharing\\src\\firebase\\auth\\auth.ts","all":false,"statementMap":{"0":{"start":{"line":1,"column":0},"end":{"line":1,"column":33}},"1":{"start":{"line":2,"column":0},"end":{"line":2,"column":8}},"2":{"start":{"line":3,"column":0},"end":{"line":3,"column":20}},"3":{"start":{"line":4,"column":0},"end":{"line":4,"column":24}},"4":{"start":{"line":5,"column":0},"end":{"line":5,"column":29}},"5":{"start":{"line":6,"column":0},"end":{"line":6,"column":33}},"6":{"start":{"line":7,"column":0},"end":{"line":7,"column":25}},"7":{"start":{"line":8,"column":0},"end":{"line":8,"column":20}},"8":{"start":{"line":9,"column":0},"end":{"line":9,"column":21}},"9":{"start":{"line":10,"column":0},"end":{"line":10,"column":10}},"10":{"start":{"line":11,"column":0},"end":{"line":11,"column":23}},"11":{"start":{"line":12,"column":0},"end":{"line":12,"column":40}},"12":{"start":{"line":13,"column":0},"end":{"line":13,"column":0}},"13":{"start":{"line":14,"column":0},"end":{"line":14,"column":20}},"14":{"start":{"line":15,"column":0},"end":{"line":15,"column":31}},"15":{"start":{"line":16,"column":0},"end":{"line":16,"column":40}},"16":{"start":{"line":17,"column":0},"end":{"line":17,"column":3}},"17":{"start":{"line":18,"column":0},"end":{"line":18,"column":0}},"18":{"start":{"line":19,"column":0},"end":{"line":19,"column":81}},"19":{"start":{"line":20,"column":0},"end":{"line":20,"column":16}},"20":{"start":{"line":21,"column":0},"end":{"line":21,"column":6}},"21":{"start":{"line":22,"column":0},"end":{"line":22,"column":76}},"22":{"start":{"line":23,"column":0},"end":{"line":23,"column":33}},"23":{"start":{"line":24,"column":0},"end":{"line":24,"column":29}},"24":{"start":{"line":25,"column":0},"end":{"line":25,"column":30}},"25":{"start":{"line":26,"column":0},"end":{"line":26,"column":12}},"26":{"start":{"line":27,"column":0},"end":{"line":27,"column":10}},"27":{"start":{"line":28,"column":0},"end":{"line":28,"column":15}},"28":{"start":{"line":29,"column":0},"end":{"line":29,"column":7}},"29":{"start":{"line":30,"column":0},"end":{"line":30,"column":15}},"30":{"start":{"line":31,"column":0},"end":{"line":31,"column":3}},"31":{"start":{"line":32,"column":0},"end":{"line":32,"column":0}},"32":{"start":{"line":33,"column":0},"end":{"line":33,"column":45}},"33":{"start":{"line":34,"column":0},"end":{"line":34,"column":9}},"34":{"start":{"line":35,"column":0},"end":{"line":35,"column":43}},"35":{"start":{"line":36,"column":0},"end":{"line":36,"column":30}},"36":{"start":{"line":37,"column":0},"end":{"line":37,"column":9}},"37":{"start":{"line":38,"column":0},"end":{"line":38,"column":28}},"38":{"start":{"line":39,"column":0},"end":{"line":39,"column":10}},"39":{"start":{"line":40,"column":0},"end":{"line":40,"column":12}},"40":{"start":{"line":41,"column":0},"end":{"line":41,"column":8}},"41":{"start":{"line":42,"column":0},"end":{"line":42,"column":62}},"42":{"start":{"line":43,"column":0},"end":{"line":43,"column":19}},"43":{"start":{"line":44,"column":0},"end":{"line":44,"column":49}},"44":{"start":{"line":45,"column":0},"end":{"line":45,"column":5}},"45":{"start":{"line":46,"column":0},"end":{"line":46,"column":3}},"46":{"start":{"line":47,"column":0},"end":{"line":47,"column":0}},"47":{"start":{"line":48,"column":0},"end":{"line":48,"column":51}},"48":{"start":{"line":49,"column":0},"end":{"line":49,"column":61}},"49":{"start":{"line":50,"column":0},"end":{"line":50,"column":3}},"50":{"start":{"line":51,"column":0},"end":{"line":51,"column":0}},"51":{"start":{"line":52,"column":0},"end":{"line":52,"column":24}},"52":{"start":{"line":53,"column":0},"end":{"line":53,"column":35}},"53":{"start":{"line":54,"column":0},"end":{"line":54,"column":3}},"54":{"start":{"line":55,"column":0},"end":{"line":55,"column":0}},"55":{"start":{"line":56,"column":0},"end":{"line":56,"column":32}},"56":{"start":{"line":57,"column":0},"end":{"line":57,"column":47}},"57":{"start":{"line":58,"column":0},"end":{"line":58,"column":3}},"58":{"start":{"line":59,"column":0},"end":{"line":59,"column":0}},"59":{"start":{"line":60,"column":0},"end":{"line":60,"column":18}},"60":{"start":{"line":61,"column":0},"end":{"line":61,"column":25}},"61":{"start":{"line":62,"column":0},"end":{"line":62,"column":3}},"62":{"start":{"line":63,"column":0},"end":{"line":63,"column":1}},"63":{"start":{"line":64,"column":0},"end":{"line":64,"column":0}},"64":{"start":{"line":65,"column":0},"end":{"line":65,"column":34}}},"s":{"0":1,"1":1,"2":1,"3":1,"4":1,"5":1,"6":1,"7":1,"8":1,"9":1,"10":1,"11":1,"12":1,"13":1,"14":1,"15":1,"16":1,"17":1,"18":1,"19":0,"20":0,"21":0,"22":0,"23":0,"24":0,"25":0,"26":0,"27":0,"28":0,"29":0,"30":0,"31":1,"32":1,"33":0,"34":0,"35":0,"36":0,"37":0,"38":0,"39":0,"40":0,"41":0,"42":0,"43":0,"44":0,"45":0,"46":1,"47":1,"48":0,"49":0,"50":1,"51":1,"52":0,"53":0,"54":1,"55":1,"56":0,"57":0,"58":1,"59":1,"60":0,"61":0,"62":1,"63":1,"64":1},"branchMap":{"0":{"type":"branch","line":15,"loc":{"start":{"line":15,"column":2},"end":{"line":17,"column":3}},"locations":[{"start":{"line":15,"column":2},"end":{"line":17,"column":3}}]}},"b":{"0":[1]},"fnMap":{"0":{"name":"onAuthStateChanged","decl":{"start":{"line":15,"column":2},"end":{"line":17,"column":3}},"loc":{"start":{"line":15,"column":2},"end":{"line":17,"column":3}},"line":15},"1":{"name":"register","decl":{"start":{"line":19,"column":2},"end":{"line":31,"column":3}},"loc":{"start":{"line":19,"column":2},"end":{"line":31,"column":3}},"line":19},"2":{"name":"loginWithPhoneNumber","decl":{"start":{"line":33,"column":2},"end":{"line":46,"column":3}},"loc":{"start":{"line":33,"column":2},"end":{"line":46,"column":3}},"line":33},"3":{"name":"loginWithEmail","decl":{"start":{"line":48,"column":2},"end":{"line":50,"column":3}},"loc":{"start":{"line":48,"column":2},"end":{"line":50,"column":3}},"line":48},"4":{"name":"loginWithAnonymous","decl":{"start":{"line":52,"column":2},"end":{"line":54,"column":3}},"loc":{"start":{"line":52,"column":2},"end":{"line":54,"column":3}},"line":52},"5":{"name":"resetPassword","decl":{"start":{"line":56,"column":2},"end":{"line":58,"column":3}},"loc":{"start":{"line":56,"column":2},"end":{"line":58,"column":3}},"line":56},"6":{"name":"logout","decl":{"start":{"line":60,"column":2},"end":{"line":62,"column":3}},"loc":{"start":{"line":60,"column":2},"end":{"line":62,"column":3}},"line":60}},"f":{"0":1,"1":0,"2":0,"3":0,"4":0,"5":0,"6":0}}
,"D:\\source\\interview\\youtube-video-sharing\\src\\firebase\\notification\\notification.ts": {"path":"D:\\source\\interview\\youtube-video-sharing\\src\\firebase\\notification\\notification.ts","all":false,"statementMap":{"0":{"start":{"line":1,"column":0},"end":{"line":1,"column":8}},"1":{"start":{"line":2,"column":0},"end":{"line":2,"column":9}},"2":{"start":{"line":3,"column":0},"end":{"line":3,"column":10}},"3":{"start":{"line":4,"column":0},"end":{"line":4,"column":6}},"4":{"start":{"line":5,"column":0},"end":{"line":5,"column":8}},"5":{"start":{"line":6,"column":0},"end":{"line":6,"column":8}},"6":{"start":{"line":7,"column":0},"end":{"line":7,"column":13}},"7":{"start":{"line":8,"column":0},"end":{"line":8,"column":13}},"8":{"start":{"line":9,"column":0},"end":{"line":9,"column":12}},"9":{"start":{"line":10,"column":0},"end":{"line":10,"column":12}},"10":{"start":{"line":11,"column":0},"end":{"line":11,"column":11}},"11":{"start":{"line":12,"column":0},"end":{"line":12,"column":28}},"12":{"start":{"line":13,"column":0},"end":{"line":13,"column":31}},"13":{"start":{"line":14,"column":0},"end":{"line":14,"column":26}},"14":{"start":{"line":15,"column":0},"end":{"line":15,"column":48}},"15":{"start":{"line":16,"column":0},"end":{"line":16,"column":56}},"16":{"start":{"line":17,"column":0},"end":{"line":17,"column":0}},"17":{"start":{"line":18,"column":0},"end":{"line":18,"column":37}},"18":{"start":{"line":19,"column":0},"end":{"line":19,"column":0}},"19":{"start":{"line":20,"column":0},"end":{"line":20,"column":28}},"20":{"start":{"line":21,"column":0},"end":{"line":21,"column":61}},"21":{"start":{"line":22,"column":0},"end":{"line":22,"column":0}},"22":{"start":{"line":23,"column":0},"end":{"line":23,"column":46}},"23":{"start":{"line":24,"column":0},"end":{"line":24,"column":51}},"24":{"start":{"line":25,"column":0},"end":{"line":25,"column":11}},"25":{"start":{"line":26,"column":0},"end":{"line":26,"column":26}},"26":{"start":{"line":27,"column":0},"end":{"line":27,"column":33}},"27":{"start":{"line":28,"column":0},"end":{"line":28,"column":46}},"28":{"start":{"line":29,"column":0},"end":{"line":29,"column":29}},"29":{"start":{"line":30,"column":0},"end":{"line":30,"column":13}},"30":{"start":{"line":31,"column":0},"end":{"line":31,"column":47}},"31":{"start":{"line":32,"column":0},"end":{"line":32,"column":47}},"32":{"start":{"line":33,"column":0},"end":{"line":33,"column":17}},"33":{"start":{"line":34,"column":0},"end":{"line":34,"column":12}},"34":{"start":{"line":35,"column":0},"end":{"line":35,"column":21}},"35":{"start":{"line":36,"column":0},"end":{"line":36,"column":56}},"36":{"start":{"line":37,"column":0},"end":{"line":37,"column":20}},"37":{"start":{"line":38,"column":0},"end":{"line":38,"column":7}},"38":{"start":{"line":39,"column":0},"end":{"line":39,"column":7}},"39":{"start":{"line":40,"column":0},"end":{"line":40,"column":3}},"40":{"start":{"line":41,"column":0},"end":{"line":41,"column":0}},"41":{"start":{"line":42,"column":0},"end":{"line":42,"column":78}},"42":{"start":{"line":43,"column":0},"end":{"line":43,"column":51}},"43":{"start":{"line":44,"column":0},"end":{"line":44,"column":11}},"44":{"start":{"line":45,"column":0},"end":{"line":45,"column":33}},"45":{"start":{"line":46,"column":0},"end":{"line":46,"column":58}},"46":{"start":{"line":47,"column":0},"end":{"line":47,"column":32}},"47":{"start":{"line":48,"column":0},"end":{"line":48,"column":47}},"48":{"start":{"line":49,"column":0},"end":{"line":49,"column":17}},"49":{"start":{"line":50,"column":0},"end":{"line":50,"column":12}},"50":{"start":{"line":51,"column":0},"end":{"line":51,"column":21}},"51":{"start":{"line":52,"column":0},"end":{"line":52,"column":56}},"52":{"start":{"line":53,"column":0},"end":{"line":53,"column":20}},"53":{"start":{"line":54,"column":0},"end":{"line":54,"column":7}},"54":{"start":{"line":55,"column":0},"end":{"line":55,"column":7}},"55":{"start":{"line":56,"column":0},"end":{"line":56,"column":3}},"56":{"start":{"line":57,"column":0},"end":{"line":57,"column":0}},"57":{"start":{"line":58,"column":0},"end":{"line":58,"column":82}},"58":{"start":{"line":59,"column":0},"end":{"line":59,"column":81}},"59":{"start":{"line":60,"column":0},"end":{"line":60,"column":43}},"60":{"start":{"line":61,"column":0},"end":{"line":61,"column":59}},"61":{"start":{"line":62,"column":0},"end":{"line":62,"column":24}},"62":{"start":{"line":63,"column":0},"end":{"line":63,"column":12}},"63":{"start":{"line":64,"column":0},"end":{"line":64,"column":5}},"64":{"start":{"line":65,"column":0},"end":{"line":65,"column":51}},"65":{"start":{"line":66,"column":0},"end":{"line":66,"column":11}},"66":{"start":{"line":67,"column":0},"end":{"line":67,"column":33}},"67":{"start":{"line":68,"column":0},"end":{"line":68,"column":59}},"68":{"start":{"line":69,"column":0},"end":{"line":69,"column":32}},"69":{"start":{"line":70,"column":0},"end":{"line":70,"column":47}},"70":{"start":{"line":71,"column":0},"end":{"line":71,"column":17}},"71":{"start":{"line":72,"column":0},"end":{"line":72,"column":12}},"72":{"start":{"line":73,"column":0},"end":{"line":73,"column":21}},"73":{"start":{"line":74,"column":0},"end":{"line":74,"column":56}},"74":{"start":{"line":75,"column":0},"end":{"line":75,"column":20}},"75":{"start":{"line":76,"column":0},"end":{"line":76,"column":7}},"76":{"start":{"line":77,"column":0},"end":{"line":77,"column":7}},"77":{"start":{"line":78,"column":0},"end":{"line":78,"column":3}},"78":{"start":{"line":79,"column":0},
[...]
,"D:\\source\\interview\\youtube-video-sharing\\src\\store\\authSlice.ts": {"path":"D:\\source\\interview\\youtube-video-sharing\\src\\store\\authSlice.ts","all":false,"statementMap":{"0":{"start":{"line":1,"column":0},"end":{"line":1,"column":40}},"1":{"start":{"line":2,"column":0},"end":{"line":2,"column":62}},"2":{"start":{"line":3,"column":0},"end":{"line":3,"column":0}},"3":{"start":{"line":4,"column":0},"end":{"line":4,"column":21}},"4":{"start":{"line":5,"column":0},"end":{"line":5,"column":31}},"5":{"start":{"line":6,"column":0},"end":{"line":6,"column":1}},"6":{"start":{"line":7,"column":0},"end":{"line":7,"column":0}},"7":{"start":{"line":8,"column":0},"end":{"line":8,"column":33}},"8":{"start":{"line":9,"column":0},"end":{"line":9,"column":20}},"9":{"start":{"line":10,"column":0},"end":{"line":10,"column":2}},"10":{"start":{"line":11,"column":0},"end":{"line":11,"column":0}},"11":{"start":{"line":12,"column":0},"end":{"line":12,"column":31}},"12":{"start":{"line":13,"column":0},"end":{"line":13,"column":15}},"13":{"start":{"line":14,"column":0},"end":{"line":14,"column":15}},"14":{"start":{"line":15,"column":0},"end":{"line":15,"column":13}},"15":{"start":{"line":16,"column":0},"end":{"line":16,"column":72}},"16":{"start":{"line":17,"column":0},"end":{"line":17,"column":41}},"17":{"start":{"line":18,"column":0},"end":{"line":18,"column":6}},"18":{"start":{"line":19,"column":0},"end":{"line":19,"column":4}},"19":{"start":{"line":20,"column":0},"end":{"line":20,"column":3}},"20":{"start":{"line":21,"column":0},"end":{"line":21,"column":0}},"21":{"start":{"line":22,"column":0},"end":{"line":22,"column":52}},"22":{"start":{"line":23,"column":0},"end":{"line":23,"column":0}},"23":{"start":{"line":24,"column":0},"end":{"line":24,"column":64}},"24":{"start":{"line":25,"column":0},"end":{"line":25,"column":25}},"25":{"start":{"line":26,"column":0},"end":{"line":26,"column":0}},"26":{"start":{"line":27,"column":0},"end":{"line":27,"column":33}}},"s":{"0":1,"1":1,"2":1,"3":1,"4":1,"5":1,"6":1,"7":1,"8":1,"9":1,"10":1,"11":1,"12":1,"13":1,"14":1,"15":1,"16":0,"17":0,"18":1,"19":1,"20":1,"21":1,"22":1,"23":1,"24":42,"25":1,"26":1},"branchMap":{"0":{"type":"branch","line":24,"loc":{"start":{"line":24,"column":33},"end":{"line":25,"column":25}},"locations":[{"start":{"line":24,"column":33},"end":{"line":25,"column":25}}]}},"b":{"0":[42]},"fnMap":{"0":{"name":"setCurrentUser","decl":{"start":{"line":16,"column":20},"end":{"line":18,"column":6}},"loc":{"start":{"line":16,"column":20},"end":{"line":18,"column":6}},"line":16},"1":{"name":"selectCurrentUser","decl":{"start":{"line":24,"column":33},"end":{"line":25,"column":25}},"loc":{"start":{"line":24,"column":33},"end":{"line":25,"column":25}},"line":24}},"f":{"0":0,"1":42}}
,"D:\\source\\interview\\youtube-video-sharing\\src\\store\\notificationSlice.ts": {"path":"D:\\source\\interview\\youtube-video-sharing\\src\\store\\notificationSlice.ts","all":false,"statementMap":{"0":{"start":{"line":1,"column":0},"end":{"line":1,"column":56}},"1":{"start":{"line":2,"column":0},"end":{"line":2,"column":62}},"2":{"start":{"line":3,"column":0},"end":{"line":3,"column":29}},"3":{"start":{"line":4,"column":0},"end":{"line":4,"column":36}},"4":{"start":{"line":5,"column":0},"end":{"line":5,"column":1}},"5":{"start":{"line":6,"column":0},"end":{"line":6,"column":0}},"6":{"start":{"line":7,"column":0},"end":{"line":7,"column":41}},"7":{"start":{"line":8,"column":0},"end":{"line":8,"column":20}},"8":{"start":{"line":9,"column":0},"end":{"line":9,"column":2}},"9":{"start":{"line":10,"column":0},"end":{"line":10,"column":0}},"10":{"start":{"line":11,"column":0},"end":{"line":11,"column":39}},"11":{"start":{"line":12,"column":0},"end":{"line":12,"column":23}},"12":{"start":{"line":13,"column":0},"end":{"line":13,"column":15}},"13":{"start":{"line":14,"column":0},"end":{"line":14,"column":13}},"14":{"start":{"line":15,"column":0},"end":{"line":15,"column":77}},"15":{"start":{"line":16,"column":0},"end":{"line":16,"column":43}},"16":{"start":{"line":17,"column":0},"end":{"line":17,"column":6}},"17":{"start":{"line":18,"column":0},"end":{"line":18,"column":4}},"18":{"start":{"line":19,"column":0},"end":{"line":19,"column":3}},"19":{"start":{"line":20,"column":0},"end":{"line":20,"column":0}},"20":{"start":{"line":21,"column":0},"end":{"line":21,"column":62}},"21":{"start":{"line":22,"column":0},"end":{"line":22,"column":0}},"22":{"start":{"line":23,"column":0},"end":{"line":23,"column":116}},"23":{"start":{"line":24,"column":0},"end":{"line":24,"column":0}},"24":{"start":{"line":25,"column":0},"end":{"line":25,"column":41}}},"s":{"0":1,"1":1,"2":1,"3":1,"4":1,"5":1,"6":1,"7":1,"8":1,"9":1,"10":1,"11":1,"12":1,"13":1,"14":1,"15":0,"16":0,"17":1,"18":1,"19":1,"20":1,"21":1,"22":1,"23":1,"24":1},"branchMap":{"0":{"type":"branch","line":23,"loc":{"start":{"line":23,"column":35},"end":{"line":23,"column":116}},"locations":[{"start":{"line":23,"column":35},"end":{"line":23,"column":116}}]}},"b":{"0":[6]},"fnMap":{"0":{"name":"setNotifications","decl":{"start":{"line":15,"column":22},"end":{"line":17,"column":6}},"loc":{"start":{"line":15,"column":22},"end":{"line":17,"column":6}},"line":15},"1":{"name":"selectNotifications","decl":{"start":{"line":23,"column":35},"end":{"line":23,"column":116}},"loc":{"start":{"line":23,"column":35},"end":{"line":23,"column":116}},"line":23}},"f":{"0":0,"1":6}}
,"D:\\source\\interview\\youtube-video-sharing\\src\\store\\store.ts": {"path":"D:\\source\\interview\\youtube-video-sharing\\src\\store\\store.ts","all":false,"statementMap":{"0":{"start":{"line":1,"column":0},"end":{"line":1,"column":49}},"1":{"start":{"line":2,"column":0},"end":{"line":2,"column":0}},"2":{"start":{"line":3,"column":0},"end":{"line":3,"column":37}},"3":{"start":{"line":4,"column":0},"end":{"line":4,"column":53}},"4":{"start":{"line":5,"column":0},"end":{"line":5,"column":39}},"5":{"start":{"line":6,"column":0},"end":{"line":6,"column":0}},"6":{"start":{"line":7,"column":0},"end":{"line":7,"column":31}},"7":{"start":{"line":8,"column":0},"end":{"line":8,"column":12}},"8":{"start":{"line":9,"column":0},"end":{"line":9,"column":22}},"9":{"start":{"line":10,"column":0},"end":{"line":10,"column":38}},"10":{"start":{"line":11,"column":0},"end":{"line":11,"column":23}},"11":{"start":{"line":12,"column":0},"end":{"line":12,"column":4}},"12":{"start":{"line":13,"column":0},"end":{"line":13,"column":62}},"13":{"start":{"line":14,"column":0},"end":{"line":14,"column":29}},"14":{"start":{"line":15,"column":0},"end":{"line":15,"column":4}},"15":{"start":{"line":16,"column":0},"end":{"line":16,"column":2}}},"s":{"0":1,"1":1,"2":1,"3":1,"4":1,"5":1,"6":1,"7":1,"8":1,"9":1,"10":1,"11":1,"12":1,"13":1,"14":1,"15":1},"branchMap":{"0":{"type":"branch","line":13,"loc":{"start":{"line":13,"column":14},"end":{"line":15,"column":4}},"locations":[{"start":{"line":13,"column":14},"end":{"line":15,"column":4}}]}},"b":{"0":[1]},"fnMap":{"0":{"name":"middleware","decl":{"start":{"line":13,"column":14},"end":{"line":15,"column":4}},"loc":{"start":{"line":13,"column":14},"end":{"line":15,"column":4}},"line":13}},"f":{"0":1}}
,"D:\\source\\interview\\youtube-video-sharing\\src\\store\\videoSlice.ts": {"path":"D:\\source\\interview\\youtube-video-sharing\\src\\store\\videoSlice.ts","all":false,"statementMap":{"0":{"start":{"line":1,"column":0},"end":{"line":1,"column":42}},"1":{"start":{"line":2,"column":0},"end":{"line":2,"column":62}},"2":{"start":{"line":3,"column":0},"end":{"line":3,"column":0}},"3":{"start":{"line":4,"column":0},"end":{"line":4,"column":22}},"4":{"start":{"line":5,"column":0},"end":{"line":5,"column":22}},"5":{"start":{"line":6,"column":0},"end":{"line":6,"column":1}},"6":{"start":{"line":7,"column":0},"end":{"line":7,"column":0}},"7":{"start":{"line":8,"column":0},"end":{"line":8,"column":34}},"8":{"start":{"line":9,"column":0},"end":{"line":9,"column":13}},"9":{"start":{"line":10,"column":0},"end":{"line":10,"column":2}},"10":{"start":{"line":11,"column":0},"end":{"line":11,"column":0}},"11":{"start":{"line":12,"column":0},"end":{"line":12,"column":32}},"12":{"start":{"line":13,"column":0},"end":{"line":13,"column":16}},"13":{"start":{"line":14,"column":0},"end":{"line":14,"column":15}},"14":{"start":{"line":15,"column":0},"end":{"line":15,"column":13}},"15":{"start":{"line":16,"column":0},"end":{"line":16,"column":63}},"16":{"start":{"line":17,"column":0},"end":{"line":17,"column":36}},"17":{"start":{"line":18,"column":0},"end":{"line":18,"column":6}},"18":{"start":{"line":19,"column":0},"end":{"line":19,"column":4}},"19":{"start":{"line":20,"column":0},"end":{"line":20,"column":3}},"20":{"start":{"line":21,"column":0},"end":{"line":21,"column":0}},"21":{"start":{"line":22,"column":0},"end":{"line":22,"column":48}},"22":{"start":{"line":23,"column":0},"end":{"line":23,"column":0}},"23":{"start":{"line":24,"column":0},"end":{"line":24,"column":61}},"24":{"start":{"line":25,"column":0},"end":{"line":25,"column":21}},"25":{"start":{"line":26,"column":0},"end":{"line":26,"column":0}},"26":{"start":{"line":27,"column":0},"end":{"line":27,"column":34}}},"s":{"0":1,"1":1,"2":1,"3":1,"4":1,"5":1,"6":1,"7":1,"8":1,"9":1,"10":1,"11":1,"12":1,"13":1,"14":1,"15":1,"16":0,"17":0,"18":1,"19":1,"20":1,"21":1,"22":1,"23":1,"24":0,"25":1,"26":1},"branchMap":{},"b":{},"fnMap":{"0":{"name":"setVideos","decl":{"start":{"line":16,"column":15},"end":{"line":18,"column":6}},"loc":{"start":{"line":16,"column":15},"end":{"line":18,"column":6}},"line":16},"1":{"name":"selectVideos","decl":{"start":{"line":24,"column":28},"end":{"line":25,"column":21}},"loc":{"start":{"line":24,"column":28},"end":{"line":25,"column":21}},"line":24}},"f":{"0":0,"1":0}}
,"D:\\source\\interview\\youtube-video-sharing\\src\\utils\\utils.ts": {"path":"D:\\source\\interview\\youtube-video-sharing\\src\\utils\\utils.ts","all":false,"statementMap":{"0":{"start":{"line":1,"column":0},"end":{"line":1,"column":27}},"1":{"start":{"line":2,"column":0},"end":{"line":2,"column":99}},"2":{"start":{"line":3,"column":0},"end":{"line":3,"column":0}},"3":{"start":{"line":4,"column":0},"end":{"line":4,"column":91}},"4":{"start":{"line":5,"column":0},"end":{"line":5,"column":34}},"5":{"start":{"line":6,"column":0},"end":{"line":6,"column":17}},"6":{"start":{"line":7,"column":0},"end":{"line":7,"column":68}},"7":{"start":{"line":8,"column":0},"end":{"line":8,"column":28}},"8":{"start":{"line":9,"column":0},"end":{"line":9,"column":7}},"9":{"start":{"line":10,"column":0},"end":{"line":10,"column":3}},"10":{"start":{"line":11,"column":0},"end":{"line":11,"column":14}},"11":{"start":{"line":12,"column":0},"end":{"line":12,"column":2}},"12":{"start":{"line":13,"column":0},"end":{"line":13,"column":0}},"13":{"start":{"line":14,"column":0},"end":{"line":14,"column":0}},"14":{"start":{"line":15,"column":0},"end":{"line":15,"column":79}},"15":{"start":{"line":16,"column":0},"end":{"line":16,"column":14}},"16":{"start":{"line":17,"column":0},"end":{"line":17,"column":14}},"17":{"start":{"line":18,"column":0},"end":{"line":18,"column":3}},"18":{"start":{"line":19,"column":0},"end":{"line":19,"column":0}},"19":{"start":{"line":20,"column":0},"end":{"line":20,"column":41}},"20":{"start":{"line":21,"column":0},"end":{"line":21,"column":67}},"21":{"start":{"line":22,"column":0},"end":{"line":22,"column":3}},"22":{"start":{"line":23,"column":0},"end":{"line":23,"column":0}},"23":{"start":{"line":24,"column":0},"end":{"line":24,"column":33}},"24":{"start":{"line":25,"column":0},"end":{"line":25,"column":26}},"25":{"start":{"line":26,"column":0},"end":{"line":26,"column":3}},"26":{"start":{"line":27,"column":0},"end":{"line":27,"column":0}},"27":{"start":{"line":28,"column":0},"end":{"line":28,"column":55}},"28":{"start":{"line":29,"column":0},"end":{"line":29,"column":35}},"29":{"start":{"line":30,"column":0},"end":{"line":30,"column":31}},"30":{"start":{"line":31,"column":0},"end":{"line":31,"column":34}},"31":{"start":{"line":32,"column":0},"end":{"line":32,"column":5}},"32":{"start":{"line":33,"column":0},"end":{"line":33,"column":37}},"33":{"start":{"line":34,"column":0},"end":{"line":34,"column":3}},"34":{"start":{"line":35,"column":0},"end":{"line":35,"column":0}},"35":{"start":{"line":36,"column":0},"end":{"line":36,"column":22}},"36":{"start":{"line":37,"column":0},"end":{"line":37,"column":2}},"37":{"start":{"line":38,"column":0},"end":{"line":38,"column":0}},"38":{"start":{"line":39,"column":0},"end":{"line":39,"column":102}},"39":{"start":{"line":40,"column":0},"end":{"line":40,"column":24}},"40":{"start":{"line":41,"column":0},"end":{"line":41,"column":25}},"41":{"start":{"line":42,"column":0},"end":{"line":42,"column":1}},"42":{"start":{"line":43,"column":0},"end":{"line":43,"column":0}},"43":{"start":{"line":44,"column":0},"end":{"line":44,"column":64}},"44":{"start":{"line":45,"column":0},"end":{"line":45,"column":26}},"45":{"start":{"line":46,"column":0},"end":{"line":46,"column":63}},"46":{"start":{"line":47,"column":0},"end":{"line":47,"column":51}},"47":{"start":{"line":48,"column":0},"end":{"line":48,"column":39}},"48":{"start":{"line":49,"column":0},"end":{"line":49,"column":63}},"49":{"start":{"line":50,"column":0},"end":{"line":50,"column":51}},"50":{"start":{"line":51,"column":0},"end":{"line":51,"column":39}},"51":{"start":{"line":52,"column":0},"end":{"line":52,"column":31}},"52":{"start":{"line":53,"column":0},"end":{"line":53,"column":82}},"53":{"start":{"line":54,"column":0},"end":{"line":54,"column":90}},"54":{"start":{"line":55,"column":0},"end":{"line":55,"column":66}},"55":{"start":{"line":56,"column":0},"end":{"line":56,"column":13}},"56":{"start":{"line":57,"column":0},"end":{"line":57,"column":1}},"57":{"start":{"line":58,"column":0},"end":{"line":58,"column":0}},"58":{"start":{"line":59,"column":0},"end":{"line":59,"column":161}}},"s":{"0":1,"1":1,"2":1,"3":1,"4":2,"5":2,"6":2,"7":2,"8":2,"9":2,"10":2,"11":2,"12":1,"13":1,"14":1,"15":38,"16":5,"17":5,"18":33,"19":38,"20":1,"21":1,"22":33,"23":38,"24":1,"25":1,"26":33,"27":38,"28":8,"29":8,"30":2,"31":2,"32":6,"33":6,"34":25,"35":25,"36":25,"37":1,"38":1,"39":1,"40":1,"41":1,"42":1,"43":1,"44":7,"45":7,"46":7,"47":7,"48":7,"49":7,"50":7,"51":7,"52":7,"53":7,"54":7,"55":7,"56":7,"57":1,"58":1},"branchMap":{"0":{"type":"branch","line":4,"loc":{"start":{"line":4,"column":31},"end":{"line":12,"column":2}},"locations":[{"start":{"line":4,"column":31},"end":{"line":12,"column":2}}]},"1":{"type":"branch","line":7,"loc":{"start":{"line":7,"column":21},"end":{"line":9,"column":5}},"locations":[{"start":{"line":7,"column":21},"end":{"line":9,"column":5}}]},"2":{"type":"branch","line":15,"loc":{"start":{"line":15,"column":26},"end":{"line":37,"column":2}},"locations":[{"start":{"line":15,"column":26},"end":{"line":37,"column":2}}]},"3":{"type":"branch","line":16,"loc":{"start":{"line":16,"column":13},"end":{"line":18,"column":3}},"locations":[{"start":{"line":16,"column":13},"end":{"line":18,"column":3}}]},"4":{"type":"branch","line":18,"loc":{"start":{"line":18,"column":2},"end":{"line":20,"column":22}},"locations":[{"start":{"line":18,"column":2},"end":{"line":20,"column":22}}]},"5":{"type":"branch","line":20,"loc":{"start":{"line":20,"column":11},"end":{"line":20,"column":40}},"locations":[{"start":{"line":20,"column":11},"end":{"line":20,"column":40}}]},"6":{"type":"branch","line":20,"loc":{"start":{"line":20,"column":40},"end":{"line":22,"column":3}},"locations":[{"start":{"line":20,"column":40},"end":{"line":22,"column":3}}]},"7":{"type":"branch","line":22,"loc":{"start":{"line":22,"column":2},"end":{"line":24,"column":32}},"locations":[{"start":{"line":22,"column":2},"end":{"line":24,"column":32}}]},"8":{"type":"branch","line":24,"loc":{"start":{"line":24,"column":32},"end":{"line":26,"column":3}},"locations":[{"start":{"line":24,"column":32},"end":{"line":26,"column":3}}]},"9":{"type":"branch","line":26,"loc":{"start":{"line":26,"column":2},"end":{"line":28,"column":30}},"locations":[{"start":{"line":26,"column":2},"end":{"line":28,"column":30}}]},"10":{"type":"branch","line":28,"loc":{"start":{"line":28,"column":22},"end":{"line":28,"column":54}},"locations":[{"start":{"line":28,"column":22},"end":{"line":28,"column":54}}]},"11":{"type":"branch","line":28,"loc":{"start":{"line":28,"column":54},"end":{"line":34,"column":3}},"locations":[{"start":{"line":28,"column":54},"end":{"line":34,"column":3}}]},"12":{"type":"branch","line":30,"loc":{"start":{"line":30,"column":30},"end":{"line":32,"column":5}},"locations":[{"start":{"line":30,"column":30},"end":{"line":32,"column":5}}]},"13":{"type":"branch","line":32,"loc":{"start":{"line":32,"column":4},"end":{"line":34,"column":3}},"locations":[{"start":{"line":32,"column":4},"end":{"line":34,"column":3}}]},"14":{"type":"branch","line":34,"loc":{"start":{"line":34,"column":2},"end":{"line":37,"column":2}},"locations":[{"start":{"line":34,"column":2},"end":{"line":37,"column":2}}]},"15":{"type":"branch","line":39,"loc":{"start":{"line":39,"column":29},"end":{"line":42,"column":1}},"locations":[{"start":{"line":39,"column":29},"end":{"line":42,"column":1}}]},"16":{"type":"branch","line":44,"loc":{"start":{"line":44,"column":46},"end":{"line":57,"column":1}},"locations":[{"start":{"line":44,"column":46},"end":{"line":57,"column":1}}]},"17":{"type":"branch","line":59,"loc":{"start":{"line":59,"column":33},"end":{"line":59,"column":161}},"locations":[{"start":{"line":59,"column":33},"end":{"line":59,"column":161}}]}},"b":{"0":[2],"1":[2],"2":[38],"3":[5],"4":[33],"5":[1],"6":[1],"7":[33],"8":[1],"9":[33],"10":[8],"11":[8],"12":[2],"13":[6],"14":[25],"15":[1],"16":[7],"17":[1]},"fnMap":{"0":{"name":"snapshotToArray","decl":{"start":{"line":4,"column":31},"end":{"line":12,"column":2}},"loc":{"start":{"line":4,"column":31},"end":{"line":12,"column":2}},"line":4},"1":{"name":"formatDate","decl":{"start":{"line":15,"column":26},"end":{"line":37,"column":2}},"loc":{"start":{"line":15,"column":26},"end":{"line":37,"column":2}},"line":15},"2":{"name":"preventEvents","decl":{"start":{"line":39,"column":29},"end":{"line":42,"column":1}},"loc":{"start":{"line":39,"column":29},"end":{"line":42,"column":1}},"line":39},"3":{"name":"toLowerCaseNonAccentVietnamese","decl":{"start":{"line":44,"column":46},"end":{"line":57,"column":1}},"loc":{"start":{"line":44,"column":46},"end":{"line":57,"column":1}},"line":44},"4":{"name":"getYoutubeInfoUrl","decl":{"start":{"line":59,"column":33},"end":{"line":59,"column":161}},"loc":{"start":{"line":59,"column":33},"end":{"line":59,"column":161}},"line":59}},"f":{"0":2,"1":38,"2":1,"3":7,"4":1}}
}
